ARM GAS  C:\Users\Sirius\AppData\Local\Temp\ccB2Noza.s 			page 1


   1              		.syntax unified
   2              		.cpu cortex-m3
   3              		.fpu softvfp
   4              		.eabi_attribute 20, 1
   5              		.eabi_attribute 21, 1
   6              		.eabi_attribute 23, 3
   7              		.eabi_attribute 24, 1
   8              		.eabi_attribute 25, 1
   9              		.eabi_attribute 26, 1
  10              		.eabi_attribute 30, 1
  11              		.eabi_attribute 34, 1
  12              		.eabi_attribute 18, 4
  13              		.thumb
  14              		.file	"can_manager.c"
  15              		.text
  16              	.Ltext0:
  17              		.cfi_sections	.debug_frame
  18              		.section	.text.can_send_cmd,"ax",%progbits
  19              		.align	2
  20              		.global	can_send_cmd
  21              		.thumb
  22              		.thumb_func
  23              		.type	can_send_cmd, %function
  24              	can_send_cmd:
  25              	.LFB63:
  26              		.file 1 ".\\can_manager.c"
   1:.\can_manager.c **** #include "can_manager.h"
   2:.\can_manager.c **** 
   3:.\can_manager.c **** volatile uint8_t can_buffer[8];
   4:.\can_manager.c **** volatile DataPacket can_queue[CAN_QUEUE_LENGTH];
   5:.\can_manager.c **** volatile uint16_t can_head = 0, can_tail = 0;
   6:.\can_manager.c **** 
   7:.\can_manager.c **** void can_send_cmd(
   8:.\can_manager.c ****     uint8_t SetInterlock,
   9:.\can_manager.c ****     uint16_t VCL_Throttle_High,
  10:.\can_manager.c ****     uint16_t VCL_Throttle_Low
  11:.\can_manager.c **** )
  12:.\can_manager.c **** {
  27              		.loc 1 12 0
  28              		.cfi_startproc
  29              		@ args = 0, pretend = 0, frame = 0
  30              		@ frame_needed = 0, uses_anonymous_args = 0
  31              	.LVL0:
  32 0000 08B5     		push	{r3, lr}
  33              		.cfi_def_cfa_offset 8
  34              		.cfi_offset 3, -8
  35              		.cfi_offset 14, -4
  13:.\can_manager.c ****     //max and min voltage means the voltage of single cell
  14:.\can_manager.c ****         can_buffer[0] = SetInterlock;
  36              		.loc 1 14 0
  37 0002 094B     		ldr	r3, .L3
  38 0004 1870     		strb	r0, [r3]
  15:.\can_manager.c ****         
  16:.\can_manager.c ****         can_buffer[1] = VCL_Throttle_High;
  39              		.loc 1 16 0
  40 0006 C9B2     		uxtb	r1, r1
  41              	.LVL1:
ARM GAS  C:\Users\Sirius\AppData\Local\Temp\ccB2Noza.s 			page 2


  42 0008 5970     		strb	r1, [r3, #1]
  17:.\can_manager.c ****         can_buffer[2] = VCL_Throttle_Low;
  43              		.loc 1 17 0
  44 000a D2B2     		uxtb	r2, r2
  45              	.LVL2:
  46 000c 9A70     		strb	r2, [r3, #2]
  18:.\can_manager.c ****         
  19:.\can_manager.c ****         can_buffer[3] = 0;
  47              		.loc 1 19 0
  48 000e 0022     		movs	r2, #0
  49 0010 DA70     		strb	r2, [r3, #3]
  20:.\can_manager.c ****         can_buffer[4] = 0;
  50              		.loc 1 20 0
  51 0012 1A71     		strb	r2, [r3, #4]
  21:.\can_manager.c ****         
  22:.\can_manager.c ****         can_buffer[5] = 0;
  52              		.loc 1 22 0
  53 0014 5A71     		strb	r2, [r3, #5]
  23:.\can_manager.c ****         can_buffer[6] = 0;
  54              		.loc 1 23 0
  55 0016 9A71     		strb	r2, [r3, #6]
  24:.\can_manager.c ****         can_buffer[7] = 0;
  56              		.loc 1 24 0
  57 0018 DA71     		strb	r2, [r3, #7]
  25:.\can_manager.c **** 
  26:.\can_manager.c ****         CAN_SendMsgDash_cmd();
  58              		.loc 1 26 0
  59 001a FFF7FEFF 		bl	CAN_SendMsgDash_cmd
  60              	.LVL3:
  27:.\can_manager.c ****         CyDelay(1);
  61              		.loc 1 27 0
  62 001e 0120     		movs	r0, #1
  63 0020 FFF7FEFF 		bl	CyDelay
  64              	.LVL4:
  65 0024 08BD     		pop	{r3, pc}
  66              	.L4:
  67 0026 00BF     		.align	2
  68              	.L3:
  69 0028 00000000 		.word	can_buffer
  70              		.cfi_endproc
  71              	.LFE63:
  72              		.size	can_send_cmd, .-can_send_cmd
  73              		.section	.text.can_send_status,"ax",%progbits
  74              		.align	2
  75              		.global	can_send_status
  76              		.thumb
  77              		.thumb_func
  78              		.type	can_send_status, %function
  79              	can_send_status:
  80              	.LFB64:
  28:.\can_manager.c **** 
  29:.\can_manager.c **** } // can_send_cmd()
  30:.\can_manager.c **** 
  31:.\can_manager.c **** 
  32:.\can_manager.c **** void can_send_status(
  33:.\can_manager.c ****     uint8_t state)
  34:.\can_manager.c **** {
ARM GAS  C:\Users\Sirius\AppData\Local\Temp\ccB2Noza.s 			page 3


  81              		.loc 1 34 0
  82              		.cfi_startproc
  83              		@ args = 0, pretend = 0, frame = 0
  84              		@ frame_needed = 0, uses_anonymous_args = 0
  85              	.LVL5:
  86 0000 08B5     		push	{r3, lr}
  87              		.cfi_def_cfa_offset 8
  88              		.cfi_offset 3, -8
  89              		.cfi_offset 14, -4
  35:.\can_manager.c ****     //max and min voltage means the voltage of single cell
  36:.\can_manager.c ****         can_buffer[0] = state;
  90              		.loc 1 36 0
  91 0002 064B     		ldr	r3, .L7
  92 0004 1870     		strb	r0, [r3]
  37:.\can_manager.c ****         can_buffer[1] = 0;
  93              		.loc 1 37 0
  94 0006 0022     		movs	r2, #0
  95 0008 5A70     		strb	r2, [r3, #1]
  38:.\can_manager.c **** 
  39:.\can_manager.c ****         can_buffer[2] = 0;
  96              		.loc 1 39 0
  97 000a 9A70     		strb	r2, [r3, #2]
  40:.\can_manager.c ****         can_buffer[3] = 0;
  98              		.loc 1 40 0
  99 000c DA70     		strb	r2, [r3, #3]
  41:.\can_manager.c **** 
  42:.\can_manager.c ****         can_buffer[4] = 0;
 100              		.loc 1 42 0
 101 000e 1A71     		strb	r2, [r3, #4]
  43:.\can_manager.c ****         can_buffer[5] = 0;
 102              		.loc 1 43 0
 103 0010 5A71     		strb	r2, [r3, #5]
  44:.\can_manager.c ****         can_buffer[6] = 0;
 104              		.loc 1 44 0
 105 0012 9A71     		strb	r2, [r3, #6]
  45:.\can_manager.c ****         can_buffer[7] = 0;
 106              		.loc 1 45 0
 107 0014 DA71     		strb	r2, [r3, #7]
  46:.\can_manager.c **** 
  47:.\can_manager.c ****         //uint8_t atomic_state = CyEnterCriticalSection(); // BEGIN ATOMIC
  48:.\can_manager.c ****         CAN_SendMsgDash_status();
 108              		.loc 1 48 0
 109 0016 FFF7FEFF 		bl	CAN_SendMsgDash_status
 110              	.LVL6:
 111 001a 08BD     		pop	{r3, pc}
 112              	.L8:
 113              		.align	2
 114              	.L7:
 115 001c 00000000 		.word	can_buffer
 116              		.cfi_endproc
 117              	.LFE64:
 118              		.size	can_send_status, .-can_send_status
 119              		.section	.text.can_get,"ax",%progbits
 120              		.align	2
 121              		.global	can_get
 122              		.thumb
 123              		.thumb_func
ARM GAS  C:\Users\Sirius\AppData\Local\Temp\ccB2Noza.s 			page 4


 124              		.type	can_get, %function
 125              	can_get:
 126              	.LFB65:
  49:.\can_manager.c ****         //CyDelay(100);
  50:.\can_manager.c ****         //CyExitCriticalSection(atomic_state); // END ATOMIC
  51:.\can_manager.c ****         
  52:.\can_manager.c **** } // can_send_status()
  53:.\can_manager.c **** 
  54:.\can_manager.c **** void can_get(DataPacket* data_queue, uint16_t* data_head, uint16_t* data_tail)
  55:.\can_manager.c **** {
 127              		.loc 1 55 0
 128              		.cfi_startproc
 129              		@ args = 0, pretend = 0, frame = 0
 130              		@ frame_needed = 0, uses_anonymous_args = 0
 131              	.LVL7:
 132 0000 F8B5     		push	{r3, r4, r5, r6, r7, lr}
 133              		.cfi_def_cfa_offset 24
 134              		.cfi_offset 3, -24
 135              		.cfi_offset 4, -20
 136              		.cfi_offset 5, -16
 137              		.cfi_offset 6, -12
 138              		.cfi_offset 7, -8
 139              		.cfi_offset 14, -4
 140 0002 0546     		mov	r5, r0
 141 0004 0E46     		mov	r6, r1
 142 0006 1446     		mov	r4, r2
  56:.\can_manager.c ****     //CAN_GlobalIntEnable();
  57:.\can_manager.c **** 	*data_head = *data_tail = 0;
 143              		.loc 1 57 0
 144 0008 0023     		movs	r3, #0
 145 000a 1380     		strh	r3, [r2]	@ movhi
 146 000c 0B80     		strh	r3, [r1]	@ movhi
  58:.\can_manager.c **** 
  59:.\can_manager.c **** 	uint8_t atomic_state = CyEnterCriticalSection(); // BEGIN ATOMIC
 147              		.loc 1 59 0
 148 000e FFF7FEFF 		bl	CyEnterCriticalSection
 149              	.LVL8:
  60:.\can_manager.c **** 
  61:.\can_manager.c **** 	while(can_head != can_tail) // move and convert can message queue to data queue
 150              		.loc 1 61 0
 151 0012 8CE0     		b	.L13
 152              	.L15:
  62:.\can_manager.c **** 	{
  63:.\can_manager.c **** 		data_queue[*data_tail].id = can_queue[can_head].id;
 153              		.loc 1 63 0
 154 0014 2788     		ldrh	r7, [r4]
 155 0016 05EB0717 		add	r7, r5, r7, lsl #4
 156 001a 4C4A     		ldr	r2, .L17
 157 001c 1188     		ldrh	r1, [r2]
 158 001e 89B2     		uxth	r1, r1
 159 0020 4B4B     		ldr	r3, .L17+4
 160 0022 03EB0111 		add	r1, r3, r1, lsl #4
 161 0026 8988     		ldrh	r1, [r1, #4]
 162 0028 B980     		strh	r1, [r7, #4]	@ movhi
  64:.\can_manager.c **** 		data_queue[*data_tail].length = can_queue[can_head].length;
 163              		.loc 1 64 0
 164 002a 2788     		ldrh	r7, [r4]
ARM GAS  C:\Users\Sirius\AppData\Local\Temp\ccB2Noza.s 			page 5


 165 002c 05EB0717 		add	r7, r5, r7, lsl #4
 166 0030 1188     		ldrh	r1, [r2]
 167 0032 89B2     		uxth	r1, r1
 168 0034 03EB0111 		add	r1, r3, r1, lsl #4
 169 0038 8979     		ldrb	r1, [r1, #6]	@ zero_extendqisi2
 170 003a B971     		strb	r1, [r7, #6]
  65:.\can_manager.c **** 		data_queue[*data_tail].millicounter = can_queue[can_head].millicounter;
 171              		.loc 1 65 0
 172 003c 2788     		ldrh	r7, [r4]
 173 003e 3F01     		lsls	r7, r7, #4
 174 0040 1188     		ldrh	r1, [r2]
 175 0042 89B2     		uxth	r1, r1
 176 0044 0901     		lsls	r1, r1, #4
 177 0046 5958     		ldr	r1, [r3, r1]
 178 0048 E951     		str	r1, [r5, r7]
  66:.\can_manager.c **** 
  67:.\can_manager.c **** 		data_queue[*data_tail].data[0] = can_queue[can_head].data[0];
 179              		.loc 1 67 0
 180 004a 2788     		ldrh	r7, [r4]
 181 004c 05EB0717 		add	r7, r5, r7, lsl #4
 182 0050 1188     		ldrh	r1, [r2]
 183 0052 89B2     		uxth	r1, r1
 184 0054 03EB0111 		add	r1, r3, r1, lsl #4
 185 0058 C979     		ldrb	r1, [r1, #7]	@ zero_extendqisi2
 186 005a F971     		strb	r1, [r7, #7]
  68:.\can_manager.c **** 		data_queue[*data_tail].data[1] = can_queue[can_head].data[1];
 187              		.loc 1 68 0
 188 005c 2788     		ldrh	r7, [r4]
 189 005e 05EB0717 		add	r7, r5, r7, lsl #4
 190 0062 1188     		ldrh	r1, [r2]
 191 0064 89B2     		uxth	r1, r1
 192 0066 03EB0111 		add	r1, r3, r1, lsl #4
 193 006a 0131     		adds	r1, r1, #1
 194 006c C979     		ldrb	r1, [r1, #7]	@ zero_extendqisi2
 195 006e 3972     		strb	r1, [r7, #8]
  69:.\can_manager.c **** 		data_queue[*data_tail].data[2] = can_queue[can_head].data[2];
 196              		.loc 1 69 0
 197 0070 2788     		ldrh	r7, [r4]
 198 0072 05EB0717 		add	r7, r5, r7, lsl #4
 199 0076 1188     		ldrh	r1, [r2]
 200 0078 89B2     		uxth	r1, r1
 201 007a 03EB0111 		add	r1, r3, r1, lsl #4
 202 007e 0231     		adds	r1, r1, #2
 203 0080 C979     		ldrb	r1, [r1, #7]	@ zero_extendqisi2
 204 0082 7972     		strb	r1, [r7, #9]
  70:.\can_manager.c **** 		data_queue[*data_tail].data[3] = can_queue[can_head].data[3];
 205              		.loc 1 70 0
 206 0084 2788     		ldrh	r7, [r4]
 207 0086 05EB0717 		add	r7, r5, r7, lsl #4
 208 008a 1188     		ldrh	r1, [r2]
 209 008c 89B2     		uxth	r1, r1
 210 008e 03EB0111 		add	r1, r3, r1, lsl #4
 211 0092 0331     		adds	r1, r1, #3
 212 0094 C979     		ldrb	r1, [r1, #7]	@ zero_extendqisi2
 213 0096 B972     		strb	r1, [r7, #10]
  71:.\can_manager.c **** 		data_queue[*data_tail].data[4] = can_queue[can_head].data[4];
 214              		.loc 1 71 0
ARM GAS  C:\Users\Sirius\AppData\Local\Temp\ccB2Noza.s 			page 6


 215 0098 2788     		ldrh	r7, [r4]
 216 009a 05EB0717 		add	r7, r5, r7, lsl #4
 217 009e 1188     		ldrh	r1, [r2]
 218 00a0 89B2     		uxth	r1, r1
 219 00a2 03EB0111 		add	r1, r3, r1, lsl #4
 220 00a6 0431     		adds	r1, r1, #4
 221 00a8 C979     		ldrb	r1, [r1, #7]	@ zero_extendqisi2
 222 00aa F972     		strb	r1, [r7, #11]
  72:.\can_manager.c **** 		data_queue[*data_tail].data[5] = can_queue[can_head].data[5];
 223              		.loc 1 72 0
 224 00ac 2788     		ldrh	r7, [r4]
 225 00ae 05EB0717 		add	r7, r5, r7, lsl #4
 226 00b2 1188     		ldrh	r1, [r2]
 227 00b4 89B2     		uxth	r1, r1
 228 00b6 03EB0111 		add	r1, r3, r1, lsl #4
 229 00ba 0531     		adds	r1, r1, #5
 230 00bc C979     		ldrb	r1, [r1, #7]	@ zero_extendqisi2
 231 00be 3973     		strb	r1, [r7, #12]
  73:.\can_manager.c **** 		data_queue[*data_tail].data[6] = can_queue[can_head].data[6];
 232              		.loc 1 73 0
 233 00c0 2788     		ldrh	r7, [r4]
 234 00c2 05EB0717 		add	r7, r5, r7, lsl #4
 235 00c6 1188     		ldrh	r1, [r2]
 236 00c8 89B2     		uxth	r1, r1
 237 00ca 03EB0111 		add	r1, r3, r1, lsl #4
 238 00ce 0631     		adds	r1, r1, #6
 239 00d0 C979     		ldrb	r1, [r1, #7]	@ zero_extendqisi2
 240 00d2 7973     		strb	r1, [r7, #13]
  74:.\can_manager.c **** 		data_queue[*data_tail].data[7] = can_queue[can_head].data[7];
 241              		.loc 1 74 0
 242 00d4 2188     		ldrh	r1, [r4]
 243 00d6 05EB0111 		add	r1, r5, r1, lsl #4
 244 00da 1788     		ldrh	r7, [r2]
 245 00dc BFB2     		uxth	r7, r7
 246 00de 03EB0713 		add	r3, r3, r7, lsl #4
 247 00e2 0733     		adds	r3, r3, #7
 248 00e4 DB79     		ldrb	r3, [r3, #7]	@ zero_extendqisi2
 249 00e6 8B73     		strb	r3, [r1, #14]
  75:.\can_manager.c **** 
  76:.\can_manager.c **** 		can_head = (can_head + 1) % CAN_QUEUE_LENGTH; // discard copied packet
 250              		.loc 1 76 0
 251 00e8 1388     		ldrh	r3, [r2]
 252 00ea 0133     		adds	r3, r3, #1
 253 00ec C3F30903 		ubfx	r3, r3, #0, #10
 254 00f0 9BB2     		uxth	r3, r3
 255 00f2 1380     		strh	r3, [r2]	@ movhi
  77:.\can_manager.c **** 
  78:.\can_manager.c **** 		*data_tail = (*data_tail + 1) % DATA_QUEUE_LENGTH; // increment data tail
 256              		.loc 1 78 0
 257 00f4 2288     		ldrh	r2, [r4]
 258 00f6 0132     		adds	r2, r2, #1
 259 00f8 164B     		ldr	r3, .L17+8
 260 00fa 1340     		ands	r3, r3, r2
 261 00fc 002B     		cmp	r3, #0
 262 00fe 05DA     		bge	.L12
 263 0100 013B     		subs	r3, r3, #1
 264 0102 6FEA8353 		mvn	r3, r3, lsl #22
ARM GAS  C:\Users\Sirius\AppData\Local\Temp\ccB2Noza.s 			page 7


 265 0106 6FEA9353 		mvn	r3, r3, lsr #22
 266 010a 0133     		adds	r3, r3, #1
 267              	.L12:
 268 010c 9BB2     		uxth	r3, r3
 269 010e 2380     		strh	r3, [r4]	@ movhi
  79:.\can_manager.c **** 
  80:.\can_manager.c **** 		if(*data_tail == *data_head) // if need to roll data queue
 270              		.loc 1 80 0
 271 0110 3288     		ldrh	r2, [r6]
 272 0112 9342     		cmp	r3, r2
 273 0114 0BD1     		bne	.L13
  81:.\can_manager.c **** 			*data_head = (*data_head + 1) % DATA_QUEUE_LENGTH;
 274              		.loc 1 81 0
 275 0116 0132     		adds	r2, r2, #1
 276 0118 0E4B     		ldr	r3, .L17+8
 277 011a 1340     		ands	r3, r3, r2
 278 011c 002B     		cmp	r3, #0
 279 011e 05DA     		bge	.L14
 280 0120 013B     		subs	r3, r3, #1
 281 0122 6FEA8353 		mvn	r3, r3, lsl #22
 282 0126 6FEA9353 		mvn	r3, r3, lsr #22
 283 012a 0133     		adds	r3, r3, #1
 284              	.L14:
 285 012c 3380     		strh	r3, [r6]	@ movhi
 286              	.L13:
  61:.\can_manager.c **** 	{
 287              		.loc 1 61 0
 288 012e 074B     		ldr	r3, .L17
 289 0130 1A88     		ldrh	r2, [r3]
 290 0132 92B2     		uxth	r2, r2
 291 0134 5B88     		ldrh	r3, [r3, #2]
 292 0136 9BB2     		uxth	r3, r3
 293 0138 9A42     		cmp	r2, r3
 294 013a 7FF46BAF 		bne	.L15
  82:.\can_manager.c **** 	} // for all can messages in queue
  83:.\can_manager.c **** 
  84:.\can_manager.c **** 	can_head = can_tail = 0;
 295              		.loc 1 84 0
 296 013e 034B     		ldr	r3, .L17
 297 0140 0022     		movs	r2, #0
 298 0142 5A80     		strh	r2, [r3, #2]	@ movhi
 299 0144 1A80     		strh	r2, [r3]	@ movhi
  85:.\can_manager.c **** 	CyExitCriticalSection(atomic_state); // END ATOMIC
 300              		.loc 1 85 0
 301 0146 FFF7FEFF 		bl	CyExitCriticalSection
 302              	.LVL9:
 303 014a F8BD     		pop	{r3, r4, r5, r6, r7, pc}
 304              	.LVL10:
 305              	.L18:
 306              		.align	2
 307              	.L17:
 308 014c 00000000 		.word	.LANCHOR0
 309 0150 00000000 		.word	can_queue
 310 0154 FF030080 		.word	-2147482625
 311              		.cfi_endproc
 312              	.LFE65:
 313              		.size	can_get, .-can_get
ARM GAS  C:\Users\Sirius\AppData\Local\Temp\ccB2Noza.s 			page 8


 314              		.section	.text.can_read,"ax",%progbits
 315              		.align	2
 316              		.global	can_read
 317              		.thumb
 318              		.thumb_func
 319              		.type	can_read, %function
 320              	can_read:
 321              	.LFB66:
  86:.\can_manager.c ****     //CAN_GlobalIntDisable();
  87:.\can_manager.c **** } // can_receive()
  88:.\can_manager.c **** 
  89:.\can_manager.c **** 
  90:.\can_manager.c **** uint16_t can_read(const DataPacket* data_queue, const uint16_t data_head, const uint16_t data_tail,
  91:.\can_manager.c **** {
 322              		.loc 1 91 0
 323              		.cfi_startproc
 324              		@ args = 4, pretend = 0, frame = 0
 325              		@ frame_needed = 0, uses_anonymous_args = 0
 326              		@ link register save eliminated.
 327              	.LVL11:
 328 0000 F0B4     		push	{r4, r5, r6, r7}
 329              		.cfi_def_cfa_offset 16
 330              		.cfi_offset 4, -16
 331              		.cfi_offset 5, -12
 332              		.cfi_offset 6, -8
 333              		.cfi_offset 7, -4
 334 0002 BDF81070 		ldrh	r7, [sp, #16]
 335              	.LVL12:
  92:.\can_manager.c ****     uint16_t pos;
  93:.\can_manager.c ****     uint16_t newest = 0;
 336              		.loc 1 93 0
 337 0006 0026     		movs	r6, #0
  94:.\can_manager.c ****     
  95:.\can_manager.c ****     //if (data_head == data_tail)
  96:.\can_manager.c ****         //return 0;
  97:.\can_manager.c ****     
  98:.\can_manager.c ****     for(pos=data_head; pos!=data_tail; pos=(pos+1)%DATA_QUEUE_LENGTH)
 338              		.loc 1 98 0
 339 0008 12E0     		b	.L20
 340              	.LVL13:
 341              	.L23:
  99:.\can_manager.c **** 	{
 100:.\can_manager.c ****         if(data_queue[pos].id == ID)
 342              		.loc 1 100 0
 343 000a 00EB0114 		add	r4, r0, r1, lsl #4
 344 000e A588     		ldrh	r5, [r4, #4]
 345 0010 9D42     		cmp	r5, r3
 346 0012 01D1     		bne	.L21
 101:.\can_manager.c ****         {
 102:.\can_manager.c ****             newest = data_queue[pos].data[Entry];
 347              		.loc 1 102 0
 348 0014 3C44     		add	r4, r4, r7
 349 0016 E679     		ldrb	r6, [r4, #7]	@ zero_extendqisi2
 350              	.LVL14:
 351              	.L21:
  98:.\can_manager.c **** 	{
 352              		.loc 1 98 0 discriminator 2
ARM GAS  C:\Users\Sirius\AppData\Local\Temp\ccB2Noza.s 			page 9


 353 0018 4C1C     		adds	r4, r1, #1
 354 001a 0849     		ldr	r1, .L25
 355              	.LVL15:
 356 001c 2140     		ands	r1, r1, r4
 357 001e 0029     		cmp	r1, #0
 358 0020 05DA     		bge	.L22
 359 0022 0139     		subs	r1, r1, #1
 360 0024 6FEA8151 		mvn	r1, r1, lsl #22
 361 0028 6FEA9151 		mvn	r1, r1, lsr #22
 362 002c 0131     		adds	r1, r1, #1
 363              	.L22:
 364 002e 89B2     		uxth	r1, r1
 365              	.LVL16:
 366              	.L20:
  98:.\can_manager.c **** 	{
 367              		.loc 1 98 0 is_stmt 0 discriminator 1
 368 0030 9142     		cmp	r1, r2
 369 0032 EAD1     		bne	.L23
 103:.\can_manager.c ****         }
 104:.\can_manager.c ****     }
 105:.\can_manager.c ****     
 106:.\can_manager.c ****     //if (data_queue.id == ID)
 107:.\can_manager.c ****     //    return data_queue[pos].data[Entry]; 
 108:.\can_manager.c ****     return (newest);
 109:.\can_manager.c **** }
 370              		.loc 1 109 0 is_stmt 1
 371 0034 3046     		mov	r0, r6
 372              	.LVL17:
 373 0036 F0BC     		pop	{r4, r5, r6, r7}
 374              		.cfi_restore 7
 375              		.cfi_restore 6
 376              		.cfi_restore 5
 377              		.cfi_restore 4
 378              		.cfi_def_cfa_offset 0
 379              	.LVL18:
 380 0038 7047     		bx	lr
 381              	.L26:
 382 003a 00BF     		.align	2
 383              	.L25:
 384 003c FF030080 		.word	-2147482625
 385              		.cfi_endproc
 386              	.LFE66:
 387              		.size	can_read, .-can_read
 388              		.section	.text.Curtis_Fault_Check,"ax",%progbits
 389              		.align	2
 390              		.global	Curtis_Fault_Check
 391              		.thumb
 392              		.thumb_func
 393              		.type	Curtis_Fault_Check, %function
 394              	Curtis_Fault_Check:
 395              	.LFB67:
 110:.\can_manager.c **** 
 111:.\can_manager.c **** uint8_t Curtis_Fault_Check(const DataPacket* data_queue, const uint16_t data_head, const uint16_t d
 112:.\can_manager.c **** {
 396              		.loc 1 112 0
 397              		.cfi_startproc
 398              		@ args = 0, pretend = 0, frame = 0
ARM GAS  C:\Users\Sirius\AppData\Local\Temp\ccB2Noza.s 			page 10


 399              		@ frame_needed = 0, uses_anonymous_args = 0
 400              		@ link register save eliminated.
 401              	.LVL19:
 113:.\can_manager.c ****     uint16_t pos;
 114:.\can_manager.c ****     //uint16_t newest = 0;
 115:.\can_manager.c ****     
 116:.\can_manager.c ****     //if (data_head == data_tail)
 117:.\can_manager.c ****         //return 0;
 118:.\can_manager.c ****     
 119:.\can_manager.c ****     for(pos=data_head; pos!=data_tail; pos=(pos+1)%DATA_QUEUE_LENGTH)
 402              		.loc 1 119 0
 403 0000 10E0     		b	.L28
 404              	.LVL20:
 405              	.L31:
 120:.\can_manager.c **** 	{
 121:.\can_manager.c ****         if(data_queue[pos].id == 0xA6)  //A6 is the Curtis error msg ID
 406              		.loc 1 121 0
 407 0002 00EB0113 		add	r3, r0, r1, lsl #4
 408 0006 9B88     		ldrh	r3, [r3, #4]
 409 0008 A62B     		cmp	r3, #166
 410 000a 0FD0     		beq	.L32
 119:.\can_manager.c **** 	{
 411              		.loc 1 119 0 discriminator 2
 412 000c 0131     		adds	r1, r1, #1
 413              	.LVL21:
 414 000e 084B     		ldr	r3, .L33
 415 0010 0B40     		ands	r3, r3, r1
 416 0012 002B     		cmp	r3, #0
 417 0014 05DA     		bge	.L30
 418 0016 013B     		subs	r3, r3, #1
 419 0018 6FEA8353 		mvn	r3, r3, lsl #22
 420 001c 6FEA9353 		mvn	r3, r3, lsr #22
 421 0020 0133     		adds	r3, r3, #1
 422              	.L30:
 423 0022 99B2     		uxth	r1, r3
 424              	.LVL22:
 425              	.L28:
 119:.\can_manager.c **** 	{
 426              		.loc 1 119 0 is_stmt 0 discriminator 1
 427 0024 9142     		cmp	r1, r2
 428 0026 ECD1     		bne	.L31
 122:.\can_manager.c ****         {
 123:.\can_manager.c ****             return(1);
 124:.\can_manager.c ****         }
 125:.\can_manager.c ****     }
 126:.\can_manager.c ****     
 127:.\can_manager.c ****     //if (data_queue.id == ID)
 128:.\can_manager.c ****     //    return data_queue[pos].data[Entry]; 
 129:.\can_manager.c ****     return (0);
 429              		.loc 1 129 0 is_stmt 1
 430 0028 0020     		movs	r0, #0
 431              	.LVL23:
 432 002a 7047     		bx	lr
 433              	.LVL24:
 434              	.L32:
 123:.\can_manager.c ****         }
 435              		.loc 1 123 0
ARM GAS  C:\Users\Sirius\AppData\Local\Temp\ccB2Noza.s 			page 11


 436 002c 0120     		movs	r0, #1
 437              	.LVL25:
 130:.\can_manager.c **** }
 438              		.loc 1 130 0
 439 002e 7047     		bx	lr
 440              	.L34:
 441              		.align	2
 442              	.L33:
 443 0030 FF030080 		.word	-2147482625
 444              		.cfi_endproc
 445              	.LFE67:
 446              		.size	Curtis_Fault_Check, .-Curtis_Fault_Check
 447              		.section	.text.Curtis_Heart_Beat_Check,"ax",%progbits
 448              		.align	2
 449              		.global	Curtis_Heart_Beat_Check
 450              		.thumb
 451              		.thumb_func
 452              		.type	Curtis_Heart_Beat_Check, %function
 453              	Curtis_Heart_Beat_Check:
 454              	.LFB68:
 131:.\can_manager.c **** 
 132:.\can_manager.c **** uint8_t Curtis_Heart_Beat_Check(const DataPacket* data_queue, const uint16_t data_head, const uint1
 133:.\can_manager.c **** {
 455              		.loc 1 133 0
 456              		.cfi_startproc
 457              		@ args = 0, pretend = 0, frame = 0
 458              		@ frame_needed = 0, uses_anonymous_args = 0
 459              		@ link register save eliminated.
 460              	.LVL26:
 461 0000 10B4     		push	{r4}
 462              		.cfi_def_cfa_offset 4
 463              		.cfi_offset 4, -4
 464              	.LVL27:
 134:.\can_manager.c ****     uint16_t pos;
 135:.\can_manager.c ****     
 136:.\can_manager.c ****     for(pos=data_head; pos!=data_tail; pos=(pos+1)%DATA_QUEUE_LENGTH)
 465              		.loc 1 136 0
 466 0002 12E0     		b	.L36
 467              	.LVL28:
 468              	.L39:
 137:.\can_manager.c **** 	{
 138:.\can_manager.c ****         if(data_queue[pos].id == 0x726)  //0x726 is the Curtis HeartBeat ID
 469              		.loc 1 138 0
 470 0004 00EB0113 		add	r3, r0, r1, lsl #4
 471 0008 9C88     		ldrh	r4, [r3, #4]
 472 000a 40F22673 		movw	r3, #1830
 473 000e 9C42     		cmp	r4, r3
 474 0010 0FD0     		beq	.L40
 136:.\can_manager.c **** 	{
 475              		.loc 1 136 0 discriminator 2
 476 0012 0131     		adds	r1, r1, #1
 477              	.LVL29:
 478 0014 094B     		ldr	r3, .L42
 479 0016 0B40     		ands	r3, r3, r1
 480 0018 002B     		cmp	r3, #0
 481 001a 05DA     		bge	.L38
 482 001c 013B     		subs	r3, r3, #1
ARM GAS  C:\Users\Sirius\AppData\Local\Temp\ccB2Noza.s 			page 12


 483 001e 6FEA8353 		mvn	r3, r3, lsl #22
 484 0022 6FEA9353 		mvn	r3, r3, lsr #22
 485 0026 0133     		adds	r3, r3, #1
 486              	.L38:
 487 0028 99B2     		uxth	r1, r3
 488              	.LVL30:
 489              	.L36:
 136:.\can_manager.c **** 	{
 490              		.loc 1 136 0 is_stmt 0 discriminator 1
 491 002a 9142     		cmp	r1, r2
 492 002c EAD1     		bne	.L39
 139:.\can_manager.c ****         {
 140:.\can_manager.c ****             return(1);
 141:.\can_manager.c ****         }
 142:.\can_manager.c ****     }
 143:.\can_manager.c ****     
 144:.\can_manager.c ****     //if (data_queue.id == ID)
 145:.\can_manager.c ****     //    return data_queue[pos].data[Entry]; 
 146:.\can_manager.c ****     return (0);
 493              		.loc 1 146 0 is_stmt 1
 494 002e 0020     		movs	r0, #0
 495              	.LVL31:
 496 0030 00E0     		b	.L37
 497              	.LVL32:
 498              	.L40:
 140:.\can_manager.c ****         }
 499              		.loc 1 140 0
 500 0032 0120     		movs	r0, #1
 501              	.LVL33:
 502              	.L37:
 147:.\can_manager.c **** }...
 503              		.loc 1 147 0
 504 0034 5DF8044B 		ldr	r4, [sp], #4
 505              		.cfi_restore 4
 506              		.cfi_def_cfa_offset 0
 507 0038 7047     		bx	lr
 508              	.L43:
 509 003a 00BF     		.align	2
 510              	.L42:
 511 003c FF030080 		.word	-2147482625
 512              		.cfi_endproc
 513              	.LFE68:
 514              		.size	Curtis_Heart_Beat_Check, .-Curtis_Heart_Beat_Check
 515              		.global	can_tail
 516              		.global	can_head
 517              		.comm	can_queue,16384,4
 518              		.comm	can_buffer,8,4
 519              		.bss
 520              		.align	1
 521              		.set	.LANCHOR0,. + 0
 522              		.type	can_head, %object
 523              		.size	can_head, 2
 524              	can_head:
 525 0000 0000     		.space	2
 526              		.type	can_tail, %object
 527              		.size	can_tail, 2
 528              	can_tail:
ARM GAS  C:\Users\Sirius\AppData\Local\Temp\ccB2Noza.s 			page 13


 529 0002 0000     		.space	2
 530              		.text
 531              	.Letext0:
 532              		.file 2 "c:\\program files (x86)\\cypress\\psoc creator\\3.3\\psoc creator\\import\\gnu\\arm\\4.9.
 533              		.file 3 "c:\\program files (x86)\\cypress\\psoc creator\\3.3\\psoc creator\\import\\gnu\\arm\\4.9.
 534              		.file 4 "Generated_Source\\PSoC5/cytypes.h"
 535              		.file 5 ".\\data.h"
 536              		.file 6 ".\\can_manager.h"
 537              		.file 7 "Generated_Source\\PSoC5/core_cm3.h"
 538              		.file 8 "Generated_Source\\PSoC5/CAN.h"
 539              		.file 9 "Generated_Source\\PSoC5/CyLib.h"
 540              		.section	.debug_info,"",%progbits
 541              	.Ldebug_info0:
 542 0000 4E040000 		.4byte	0x44e
 543 0004 0400     		.2byte	0x4
 544 0006 00000000 		.4byte	.Ldebug_abbrev0
 545 000a 04       		.byte	0x4
 546 000b 01       		.uleb128 0x1
 547 000c B3010000 		.4byte	.LASF52
 548 0010 01       		.byte	0x1
 549 0011 63010000 		.4byte	.LASF53
 550 0015 00000000 		.4byte	.LASF54
 551 0019 00000000 		.4byte	.Ldebug_ranges0+0
 552 001d 00000000 		.4byte	0
 553 0021 00000000 		.4byte	.Ldebug_line0
 554 0025 02       		.uleb128 0x2
 555 0026 01       		.byte	0x1
 556 0027 06       		.byte	0x6
 557 0028 3D030000 		.4byte	.LASF0
 558 002c 03       		.uleb128 0x3
 559 002d 32000000 		.4byte	.LASF3
 560 0031 02       		.byte	0x2
 561 0032 1D       		.byte	0x1d
 562 0033 37000000 		.4byte	0x37
 563 0037 02       		.uleb128 0x2
 564 0038 01       		.byte	0x1
 565 0039 08       		.byte	0x8
 566 003a A4000000 		.4byte	.LASF1
 567 003e 02       		.uleb128 0x2
 568 003f 02       		.byte	0x2
 569 0040 05       		.byte	0x5
 570 0041 8E010000 		.4byte	.LASF2
 571 0045 03       		.uleb128 0x3
 572 0046 73010000 		.4byte	.LASF4
 573 004a 02       		.byte	0x2
 574 004b 2B       		.byte	0x2b
 575 004c 50000000 		.4byte	0x50
 576 0050 02       		.uleb128 0x2
 577 0051 02       		.byte	0x2
 578 0052 07       		.byte	0x7
 579 0053 04010000 		.4byte	.LASF5
 580 0057 03       		.uleb128 0x3
 581 0058 4D000000 		.4byte	.LASF6
 582 005c 02       		.byte	0x2
 583 005d 3F       		.byte	0x3f
 584 005e 62000000 		.4byte	0x62
 585 0062 02       		.uleb128 0x2
ARM GAS  C:\Users\Sirius\AppData\Local\Temp\ccB2Noza.s 			page 14


 586 0063 04       		.byte	0x4
 587 0064 05       		.byte	0x5
 588 0065 34030000 		.4byte	.LASF7
 589 0069 03       		.uleb128 0x3
 590 006a 8E000000 		.4byte	.LASF8
 591 006e 02       		.byte	0x2
 592 006f 41       		.byte	0x41
 593 0070 74000000 		.4byte	0x74
 594 0074 02       		.uleb128 0x2
 595 0075 04       		.byte	0x4
 596 0076 07       		.byte	0x7
 597 0077 E5000000 		.4byte	.LASF9
 598 007b 02       		.uleb128 0x2
 599 007c 08       		.byte	0x8
 600 007d 05       		.byte	0x5
 601 007e E5020000 		.4byte	.LASF10
 602 0082 02       		.uleb128 0x2
 603 0083 08       		.byte	0x8
 604 0084 07       		.byte	0x7
 605 0085 81020000 		.4byte	.LASF11
 606 0089 04       		.uleb128 0x4
 607 008a 04       		.byte	0x4
 608 008b 05       		.byte	0x5
 609 008c 696E7400 		.ascii	"int\000"
 610 0090 02       		.uleb128 0x2
 611 0091 04       		.byte	0x4
 612 0092 07       		.byte	0x7
 613 0093 63020000 		.4byte	.LASF12
 614 0097 03       		.uleb128 0x3
 615 0098 69000000 		.4byte	.LASF13
 616 009c 03       		.byte	0x3
 617 009d 15       		.byte	0x15
 618 009e 2C000000 		.4byte	0x2c
 619 00a2 03       		.uleb128 0x3
 620 00a3 F8020000 		.4byte	.LASF14
 621 00a7 03       		.byte	0x3
 622 00a8 21       		.byte	0x21
 623 00a9 45000000 		.4byte	0x45
 624 00ad 03       		.uleb128 0x3
 625 00ae CA020000 		.4byte	.LASF15
 626 00b2 03       		.byte	0x3
 627 00b3 2C       		.byte	0x2c
 628 00b4 57000000 		.4byte	0x57
 629 00b8 03       		.uleb128 0x3
 630 00b9 2B030000 		.4byte	.LASF16
 631 00bd 03       		.byte	0x3
 632 00be 2D       		.byte	0x2d
 633 00bf 69000000 		.4byte	0x69
 634 00c3 05       		.uleb128 0x5
 635 00c4 71000000 		.4byte	.LASF17
 636 00c8 04       		.byte	0x4
 637 00c9 3801     		.2byte	0x138
 638 00cb 37000000 		.4byte	0x37
 639 00cf 05       		.uleb128 0x5
 640 00d0 AC010000 		.4byte	.LASF18
 641 00d4 04       		.byte	0x4
 642 00d5 3A01     		.2byte	0x13a
ARM GAS  C:\Users\Sirius\AppData\Local\Temp\ccB2Noza.s 			page 15


 643 00d7 74000000 		.4byte	0x74
 644 00db 02       		.uleb128 0x2
 645 00dc 04       		.byte	0x4
 646 00dd 04       		.byte	0x4
 647 00de 99000000 		.4byte	.LASF19
 648 00e2 02       		.uleb128 0x2
 649 00e3 08       		.byte	0x8
 650 00e4 04       		.byte	0x4
 651 00e5 7E010000 		.4byte	.LASF20
 652 00e9 02       		.uleb128 0x2
 653 00ea 01       		.byte	0x1
 654 00eb 08       		.byte	0x8
 655 00ec F3020000 		.4byte	.LASF21
 656 00f0 02       		.uleb128 0x2
 657 00f1 04       		.byte	0x4
 658 00f2 07       		.byte	0x7
 659 00f3 DC020000 		.4byte	.LASF22
 660 00f7 06       		.uleb128 0x6
 661 00f8 A2000000 		.4byte	0xa2
 662 00fc 07       		.uleb128 0x7
 663 00fd 10       		.byte	0x10
 664 00fe 05       		.byte	0x5
 665 00ff 0B       		.byte	0xb
 666 0100 34010000 		.4byte	0x134
 667 0104 08       		.uleb128 0x8
 668 0105 77000000 		.4byte	.LASF23
 669 0109 05       		.byte	0x5
 670 010a 0D       		.byte	0xd
 671 010b B8000000 		.4byte	0xb8
 672 010f 00       		.byte	0
 673 0110 09       		.uleb128 0x9
 674 0111 696400   		.ascii	"id\000"
 675 0114 05       		.byte	0x5
 676 0115 0E       		.byte	0xe
 677 0116 A2000000 		.4byte	0xa2
 678 011a 04       		.byte	0x4
 679 011b 08       		.uleb128 0x8
 680 011c 49030000 		.4byte	.LASF24
 681 0120 05       		.byte	0x5
 682 0121 0F       		.byte	0xf
 683 0122 97000000 		.4byte	0x97
 684 0126 06       		.byte	0x6
 685 0127 08       		.uleb128 0x8
 686 0128 9F000000 		.4byte	.LASF25
 687 012c 05       		.byte	0x5
 688 012d 10       		.byte	0x10
 689 012e 34010000 		.4byte	0x134
 690 0132 07       		.byte	0x7
 691 0133 00       		.byte	0
 692 0134 0A       		.uleb128 0xa
 693 0135 97000000 		.4byte	0x97
 694 0139 44010000 		.4byte	0x144
 695 013d 0B       		.uleb128 0xb
 696 013e F0000000 		.4byte	0xf0
 697 0142 07       		.byte	0x7
 698 0143 00       		.byte	0
 699 0144 03       		.uleb128 0x3
ARM GAS  C:\Users\Sirius\AppData\Local\Temp\ccB2Noza.s 			page 16


 700 0145 70020000 		.4byte	.LASF26
 701 0149 05       		.byte	0x5
 702 014a 11       		.byte	0x11
 703 014b FC000000 		.4byte	0xfc
 704 014f 0C       		.uleb128 0xc
 705 0150 44010000 		.4byte	.LASF30
 706 0154 01       		.byte	0x1
 707 0155 07       		.byte	0x7
 708 0156 00000000 		.4byte	.LFB63
 709 015a 2C000000 		.4byte	.LFE63-.LFB63
 710 015e 01       		.uleb128 0x1
 711 015f 9C       		.byte	0x9c
 712 0160 AA010000 		.4byte	0x1aa
 713 0164 0D       		.uleb128 0xd
 714 0165 BD020000 		.4byte	.LASF27
 715 0169 01       		.byte	0x1
 716 016a 08       		.byte	0x8
 717 016b 97000000 		.4byte	0x97
 718 016f 00000000 		.4byte	.LLST0
 719 0173 0D       		.uleb128 0xd
 720 0174 57000000 		.4byte	.LASF28
 721 0178 01       		.byte	0x1
 722 0179 09       		.byte	0x9
 723 017a A2000000 		.4byte	0xa2
 724 017e 21000000 		.4byte	.LLST1
 725 0182 0D       		.uleb128 0xd
 726 0183 3C000000 		.4byte	.LASF29
 727 0187 01       		.byte	0x1
 728 0188 0A       		.byte	0xa
 729 0189 A2000000 		.4byte	0xa2
 730 018d 42000000 		.4byte	.LLST2
 731 0191 0E       		.uleb128 0xe
 732 0192 1E000000 		.4byte	.LVL3
 733 0196 10040000 		.4byte	0x410
 734 019a 0F       		.uleb128 0xf
 735 019b 24000000 		.4byte	.LVL4
 736 019f 1C040000 		.4byte	0x41c
 737 01a3 10       		.uleb128 0x10
 738 01a4 01       		.uleb128 0x1
 739 01a5 50       		.byte	0x50
 740 01a6 01       		.uleb128 0x1
 741 01a7 31       		.byte	0x31
 742 01a8 00       		.byte	0
 743 01a9 00       		.byte	0
 744 01aa 0C       		.uleb128 0xc
 745 01ab CC000000 		.4byte	.LASF31
 746 01af 01       		.byte	0x1
 747 01b0 20       		.byte	0x20
 748 01b1 00000000 		.4byte	.LFB64
 749 01b5 20000000 		.4byte	.LFE64-.LFB64
 750 01b9 01       		.uleb128 0x1
 751 01ba 9C       		.byte	0x9c
 752 01bb D8010000 		.4byte	0x1d8
 753 01bf 0D       		.uleb128 0xd
 754 01c0 7B020000 		.4byte	.LASF32
 755 01c4 01       		.byte	0x1
 756 01c5 21       		.byte	0x21
ARM GAS  C:\Users\Sirius\AppData\Local\Temp\ccB2Noza.s 			page 17


 757 01c6 97000000 		.4byte	0x97
 758 01ca 63000000 		.4byte	.LLST3
 759 01ce 0E       		.uleb128 0xe
 760 01cf 1A000000 		.4byte	.LVL6
 761 01d3 2D040000 		.4byte	0x42d
 762 01d7 00       		.byte	0
 763 01d8 0C       		.uleb128 0xc
 764 01d9 5B010000 		.4byte	.LASF33
 765 01dd 01       		.byte	0x1
 766 01de 36       		.byte	0x36
 767 01df 00000000 		.4byte	.LFB65
 768 01e3 58010000 		.4byte	.LFE65-.LFB65
 769 01e7 01       		.uleb128 0x1
 770 01e8 9C       		.byte	0x9c
 771 01e9 3C020000 		.4byte	0x23c
 772 01ed 0D       		.uleb128 0xd
 773 01ee 0A030000 		.4byte	.LASF34
 774 01f2 01       		.byte	0x1
 775 01f3 36       		.byte	0x36
 776 01f4 3C020000 		.4byte	0x23c
 777 01f8 84000000 		.4byte	.LLST4
 778 01fc 0D       		.uleb128 0xd
 779 01fd 84000000 		.4byte	.LASF35
 780 0201 01       		.byte	0x1
 781 0202 36       		.byte	0x36
 782 0203 42020000 		.4byte	0x242
 783 0207 B0000000 		.4byte	.LLST5
 784 020b 0D       		.uleb128 0xd
 785 020c D2020000 		.4byte	.LASF36
 786 0210 01       		.byte	0x1
 787 0211 36       		.byte	0x36
 788 0212 42020000 		.4byte	0x242
 789 0216 DC000000 		.4byte	.LLST6
 790 021a 11       		.uleb128 0x11
 791 021b F7000000 		.4byte	.LASF38
 792 021f 01       		.byte	0x1
 793 0220 3B       		.byte	0x3b
 794 0221 97000000 		.4byte	0x97
 795 0225 08010000 		.4byte	.LLST7
 796 0229 0E       		.uleb128 0xe
 797 022a 12000000 		.4byte	.LVL8
 798 022e 39040000 		.4byte	0x439
 799 0232 0E       		.uleb128 0xe
 800 0233 4A010000 		.4byte	.LVL9
 801 0237 44040000 		.4byte	0x444
 802 023b 00       		.byte	0
 803 023c 12       		.uleb128 0x12
 804 023d 04       		.byte	0x4
 805 023e 44010000 		.4byte	0x144
 806 0242 12       		.uleb128 0x12
 807 0243 04       		.byte	0x4
 808 0244 A2000000 		.4byte	0xa2
 809 0248 13       		.uleb128 0x13
 810 0249 85010000 		.4byte	.LASF40
 811 024d 01       		.byte	0x1
 812 024e 5A       		.byte	0x5a
 813 024f A2000000 		.4byte	0xa2
ARM GAS  C:\Users\Sirius\AppData\Local\Temp\ccB2Noza.s 			page 18


 814 0253 00000000 		.4byte	.LFB66
 815 0257 40000000 		.4byte	.LFE66-.LFB66
 816 025b 01       		.uleb128 0x1
 817 025c 9C       		.byte	0x9c
 818 025d C6020000 		.4byte	0x2c6
 819 0261 0D       		.uleb128 0xd
 820 0262 0A030000 		.4byte	.LASF34
 821 0266 01       		.byte	0x1
 822 0267 5A       		.byte	0x5a
 823 0268 C6020000 		.4byte	0x2c6
 824 026c 1B010000 		.4byte	.LLST8
 825 0270 0D       		.uleb128 0xd
 826 0271 84000000 		.4byte	.LASF35
 827 0275 01       		.byte	0x1
 828 0276 5A       		.byte	0x5a
 829 0277 D1020000 		.4byte	0x2d1
 830 027b 3C010000 		.4byte	.LLST9
 831 027f 14       		.uleb128 0x14
 832 0280 D2020000 		.4byte	.LASF36
 833 0284 01       		.byte	0x1
 834 0285 5A       		.byte	0x5a
 835 0286 D1020000 		.4byte	0x2d1
 836 028a 01       		.uleb128 0x1
 837 028b 52       		.byte	0x52
 838 028c 15       		.uleb128 0x15
 839 028d 494400   		.ascii	"ID\000"
 840 0290 01       		.byte	0x1
 841 0291 5A       		.byte	0x5a
 842 0292 D1020000 		.4byte	0x2d1
 843 0296 01       		.uleb128 0x1
 844 0297 53       		.byte	0x53
 845 0298 0D       		.uleb128 0xd
 846 0299 17010000 		.4byte	.LASF37
 847 029d 01       		.byte	0x1
 848 029e 5A       		.byte	0x5a
 849 029f D1020000 		.4byte	0x2d1
 850 02a3 5D010000 		.4byte	.LLST10
 851 02a7 16       		.uleb128 0x16
 852 02a8 706F7300 		.ascii	"pos\000"
 853 02ac 01       		.byte	0x1
 854 02ad 5C       		.byte	0x5c
 855 02ae A2000000 		.4byte	0xa2
 856 02b2 7D010000 		.4byte	.LLST11
 857 02b6 11       		.uleb128 0x11
 858 02b7 C5000000 		.4byte	.LASF39
 859 02bb 01       		.byte	0x1
 860 02bc 5D       		.byte	0x5d
 861 02bd A2000000 		.4byte	0xa2
 862 02c1 9B010000 		.4byte	.LLST12
 863 02c5 00       		.byte	0
 864 02c6 12       		.uleb128 0x12
 865 02c7 04       		.byte	0x4
 866 02c8 CC020000 		.4byte	0x2cc
 867 02cc 17       		.uleb128 0x17
 868 02cd 44010000 		.4byte	0x144
 869 02d1 17       		.uleb128 0x17
 870 02d2 A2000000 		.4byte	0xa2
ARM GAS  C:\Users\Sirius\AppData\Local\Temp\ccB2Noza.s 			page 19


 871 02d6 13       		.uleb128 0x13
 872 02d7 B2000000 		.4byte	.LASF41
 873 02db 01       		.byte	0x1
 874 02dc 6F       		.byte	0x6f
 875 02dd 97000000 		.4byte	0x97
 876 02e1 00000000 		.4byte	.LFB67
 877 02e5 34000000 		.4byte	.LFE67-.LFB67
 878 02e9 01       		.uleb128 0x1
 879 02ea 9C       		.byte	0x9c
 880 02eb 2A030000 		.4byte	0x32a
 881 02ef 0D       		.uleb128 0xd
 882 02f0 0A030000 		.4byte	.LASF34
 883 02f4 01       		.byte	0x1
 884 02f5 6F       		.byte	0x6f
 885 02f6 C6020000 		.4byte	0x2c6
 886 02fa BA010000 		.4byte	.LLST13
 887 02fe 0D       		.uleb128 0xd
 888 02ff 84000000 		.4byte	.LASF35
 889 0303 01       		.byte	0x1
 890 0304 6F       		.byte	0x6f
 891 0305 D1020000 		.4byte	0x2d1
 892 0309 F4010000 		.4byte	.LLST14
 893 030d 14       		.uleb128 0x14
 894 030e D2020000 		.4byte	.LASF36
 895 0312 01       		.byte	0x1
 896 0313 6F       		.byte	0x6f
 897 0314 D1020000 		.4byte	0x2d1
 898 0318 01       		.uleb128 0x1
 899 0319 52       		.byte	0x52
 900 031a 16       		.uleb128 0x16
 901 031b 706F7300 		.ascii	"pos\000"
 902 031f 01       		.byte	0x1
 903 0320 71       		.byte	0x71
 904 0321 A2000000 		.4byte	0xa2
 905 0325 15020000 		.4byte	.LLST15
 906 0329 00       		.byte	0
 907 032a 13       		.uleb128 0x13
 908 032b 98020000 		.4byte	.LASF42
 909 032f 01       		.byte	0x1
 910 0330 84       		.byte	0x84
 911 0331 97000000 		.4byte	0x97
 912 0335 00000000 		.4byte	.LFB68
 913 0339 40000000 		.4byte	.LFE68-.LFB68
 914 033d 01       		.uleb128 0x1
 915 033e 9C       		.byte	0x9c
 916 033f 7E030000 		.4byte	0x37e
 917 0343 0D       		.uleb128 0xd
 918 0344 0A030000 		.4byte	.LASF34
 919 0348 01       		.byte	0x1
 920 0349 84       		.byte	0x84
 921 034a C6020000 		.4byte	0x2c6
 922 034e 33020000 		.4byte	.LLST16
 923 0352 0D       		.uleb128 0xd
 924 0353 84000000 		.4byte	.LASF35
 925 0357 01       		.byte	0x1
 926 0358 84       		.byte	0x84
 927 0359 D1020000 		.4byte	0x2d1
ARM GAS  C:\Users\Sirius\AppData\Local\Temp\ccB2Noza.s 			page 20


 928 035d 6D020000 		.4byte	.LLST17
 929 0361 14       		.uleb128 0x14
 930 0362 D2020000 		.4byte	.LASF36
 931 0366 01       		.byte	0x1
 932 0367 84       		.byte	0x84
 933 0368 D1020000 		.4byte	0x2d1
 934 036c 01       		.uleb128 0x1
 935 036d 52       		.byte	0x52
 936 036e 16       		.uleb128 0x16
 937 036f 706F7300 		.ascii	"pos\000"
 938 0373 01       		.byte	0x1
 939 0374 86       		.byte	0x86
 940 0375 A2000000 		.4byte	0xa2
 941 0379 8E020000 		.4byte	.LLST18
 942 037d 00       		.byte	0
 943 037e 0A       		.uleb128 0xa
 944 037f A2000000 		.4byte	0xa2
 945 0383 8E030000 		.4byte	0x38e
 946 0387 0B       		.uleb128 0xb
 947 0388 F0000000 		.4byte	0xf0
 948 038c 02       		.byte	0x2
 949 038d 00       		.byte	0
 950 038e 18       		.uleb128 0x18
 951 038f 34010000 		.4byte	.LASF43
 952 0393 06       		.byte	0x6
 953 0394 04       		.byte	0x4
 954 0395 7E030000 		.4byte	0x37e
 955 0399 06       		.byte	0x6
 956 039a 66       		.byte	0x66
 957 039b 04       		.byte	0x4
 958 039c 66       		.byte	0x66
 959 039d 05       		.byte	0x5
 960 039e 66       		.byte	0x66
 961 039f 06       		.byte	0x6
 962 03a0 19       		.uleb128 0x19
 963 03a1 B0020000 		.4byte	.LASF44
 964 03a5 07       		.byte	0x7
 965 03a6 5506     		.2byte	0x655
 966 03a8 AC030000 		.4byte	0x3ac
 967 03ac 06       		.uleb128 0x6
 968 03ad AD000000 		.4byte	0xad
 969 03b1 1A       		.uleb128 0x1a
 970 03b2 58020000 		.4byte	.LASF45
 971 03b6 01       		.byte	0x1
 972 03b7 03       		.byte	0x3
 973 03b8 C2030000 		.4byte	0x3c2
 974 03bc 05       		.uleb128 0x5
 975 03bd 03       		.byte	0x3
 976 03be 00000000 		.4byte	can_buffer
 977 03c2 06       		.uleb128 0x6
 978 03c3 34010000 		.4byte	0x134
 979 03c7 0A       		.uleb128 0xa
 980 03c8 44010000 		.4byte	0x144
 981 03cc D8030000 		.4byte	0x3d8
 982 03d0 1B       		.uleb128 0x1b
 983 03d1 F0000000 		.4byte	0xf0
 984 03d5 FF03     		.2byte	0x3ff
ARM GAS  C:\Users\Sirius\AppData\Local\Temp\ccB2Noza.s 			page 21


 985 03d7 00       		.byte	0
 986 03d8 1A       		.uleb128 0x1a
 987 03d9 51010000 		.4byte	.LASF46
 988 03dd 01       		.byte	0x1
 989 03de 04       		.byte	0x4
 990 03df E9030000 		.4byte	0x3e9
 991 03e3 05       		.uleb128 0x5
 992 03e4 03       		.byte	0x3
 993 03e5 00000000 		.4byte	can_queue
 994 03e9 06       		.uleb128 0x6
 995 03ea C7030000 		.4byte	0x3c7
 996 03ee 1A       		.uleb128 0x1a
 997 03ef DC000000 		.4byte	.LASF47
 998 03f3 01       		.byte	0x1
 999 03f4 05       		.byte	0x5
 1000 03f5 F7000000 		.4byte	0xf7
 1001 03f9 05       		.uleb128 0x5
 1002 03fa 03       		.byte	0x3
 1003 03fb 00000000 		.4byte	can_head
 1004 03ff 1A       		.uleb128 0x1a
 1005 0400 01030000 		.4byte	.LASF48
 1006 0404 01       		.byte	0x1
 1007 0405 05       		.byte	0x5
 1008 0406 F7000000 		.4byte	0xf7
 1009 040a 05       		.uleb128 0x5
 1010 040b 03       		.byte	0x3
 1011 040c 00000000 		.4byte	can_tail
 1012 0410 1C       		.uleb128 0x1c
 1013 0411 98010000 		.4byte	.LASF49
 1014 0415 08       		.byte	0x8
 1015 0416 2001     		.2byte	0x120
 1016 0418 C3000000 		.4byte	0xc3
 1017 041c 1D       		.uleb128 0x1d
 1018 041d 50030000 		.4byte	.LASF55
 1019 0421 09       		.byte	0x9
 1020 0422 77       		.byte	0x77
 1021 0423 2D040000 		.4byte	0x42d
 1022 0427 1E       		.uleb128 0x1e
 1023 0428 CF000000 		.4byte	0xcf
 1024 042c 00       		.byte	0
 1025 042d 1C       		.uleb128 0x1c
 1026 042e 1D010000 		.4byte	.LASF50
 1027 0432 08       		.byte	0x8
 1028 0433 1D01     		.2byte	0x11d
 1029 0435 C3000000 		.4byte	0xc3
 1030 0439 1F       		.uleb128 0x1f
 1031 043a 41020000 		.4byte	.LASF51
 1032 043e 09       		.byte	0x9
 1033 043f 7E       		.byte	0x7e
 1034 0440 C3000000 		.4byte	0xc3
 1035 0444 20       		.uleb128 0x20
 1036 0445 15030000 		.4byte	.LASF56
 1037 0449 09       		.byte	0x9
 1038 044a 7F       		.byte	0x7f
 1039 044b 1E       		.uleb128 0x1e
 1040 044c C3000000 		.4byte	0xc3
 1041 0450 00       		.byte	0
ARM GAS  C:\Users\Sirius\AppData\Local\Temp\ccB2Noza.s 			page 22


 1042 0451 00       		.byte	0
 1043              		.section	.debug_abbrev,"",%progbits
 1044              	.Ldebug_abbrev0:
 1045 0000 01       		.uleb128 0x1
 1046 0001 11       		.uleb128 0x11
 1047 0002 01       		.byte	0x1
 1048 0003 25       		.uleb128 0x25
 1049 0004 0E       		.uleb128 0xe
 1050 0005 13       		.uleb128 0x13
 1051 0006 0B       		.uleb128 0xb
 1052 0007 03       		.uleb128 0x3
 1053 0008 0E       		.uleb128 0xe
 1054 0009 1B       		.uleb128 0x1b
 1055 000a 0E       		.uleb128 0xe
 1056 000b 55       		.uleb128 0x55
 1057 000c 17       		.uleb128 0x17
 1058 000d 11       		.uleb128 0x11
 1059 000e 01       		.uleb128 0x1
 1060 000f 10       		.uleb128 0x10
 1061 0010 17       		.uleb128 0x17
 1062 0011 00       		.byte	0
 1063 0012 00       		.byte	0
 1064 0013 02       		.uleb128 0x2
 1065 0014 24       		.uleb128 0x24
 1066 0015 00       		.byte	0
 1067 0016 0B       		.uleb128 0xb
 1068 0017 0B       		.uleb128 0xb
 1069 0018 3E       		.uleb128 0x3e
 1070 0019 0B       		.uleb128 0xb
 1071 001a 03       		.uleb128 0x3
 1072 001b 0E       		.uleb128 0xe
 1073 001c 00       		.byte	0
 1074 001d 00       		.byte	0
 1075 001e 03       		.uleb128 0x3
 1076 001f 16       		.uleb128 0x16
 1077 0020 00       		.byte	0
 1078 0021 03       		.uleb128 0x3
 1079 0022 0E       		.uleb128 0xe
 1080 0023 3A       		.uleb128 0x3a
 1081 0024 0B       		.uleb128 0xb
 1082 0025 3B       		.uleb128 0x3b
 1083 0026 0B       		.uleb128 0xb
 1084 0027 49       		.uleb128 0x49
 1085 0028 13       		.uleb128 0x13
 1086 0029 00       		.byte	0
 1087 002a 00       		.byte	0
 1088 002b 04       		.uleb128 0x4
 1089 002c 24       		.uleb128 0x24
 1090 002d 00       		.byte	0
 1091 002e 0B       		.uleb128 0xb
 1092 002f 0B       		.uleb128 0xb
 1093 0030 3E       		.uleb128 0x3e
 1094 0031 0B       		.uleb128 0xb
 1095 0032 03       		.uleb128 0x3
 1096 0033 08       		.uleb128 0x8
 1097 0034 00       		.byte	0
 1098 0035 00       		.byte	0
ARM GAS  C:\Users\Sirius\AppData\Local\Temp\ccB2Noza.s 			page 23


 1099 0036 05       		.uleb128 0x5
 1100 0037 16       		.uleb128 0x16
 1101 0038 00       		.byte	0
 1102 0039 03       		.uleb128 0x3
 1103 003a 0E       		.uleb128 0xe
 1104 003b 3A       		.uleb128 0x3a
 1105 003c 0B       		.uleb128 0xb
 1106 003d 3B       		.uleb128 0x3b
 1107 003e 05       		.uleb128 0x5
 1108 003f 49       		.uleb128 0x49
 1109 0040 13       		.uleb128 0x13
 1110 0041 00       		.byte	0
 1111 0042 00       		.byte	0
 1112 0043 06       		.uleb128 0x6
 1113 0044 35       		.uleb128 0x35
 1114 0045 00       		.byte	0
 1115 0046 49       		.uleb128 0x49
 1116 0047 13       		.uleb128 0x13
 1117 0048 00       		.byte	0
 1118 0049 00       		.byte	0
 1119 004a 07       		.uleb128 0x7
 1120 004b 13       		.uleb128 0x13
 1121 004c 01       		.byte	0x1
 1122 004d 0B       		.uleb128 0xb
 1123 004e 0B       		.uleb128 0xb
 1124 004f 3A       		.uleb128 0x3a
 1125 0050 0B       		.uleb128 0xb
 1126 0051 3B       		.uleb128 0x3b
 1127 0052 0B       		.uleb128 0xb
 1128 0053 01       		.uleb128 0x1
 1129 0054 13       		.uleb128 0x13
 1130 0055 00       		.byte	0
 1131 0056 00       		.byte	0
 1132 0057 08       		.uleb128 0x8
 1133 0058 0D       		.uleb128 0xd
 1134 0059 00       		.byte	0
 1135 005a 03       		.uleb128 0x3
 1136 005b 0E       		.uleb128 0xe
 1137 005c 3A       		.uleb128 0x3a
 1138 005d 0B       		.uleb128 0xb
 1139 005e 3B       		.uleb128 0x3b
 1140 005f 0B       		.uleb128 0xb
 1141 0060 49       		.uleb128 0x49
 1142 0061 13       		.uleb128 0x13
 1143 0062 38       		.uleb128 0x38
 1144 0063 0B       		.uleb128 0xb
 1145 0064 00       		.byte	0
 1146 0065 00       		.byte	0
 1147 0066 09       		.uleb128 0x9
 1148 0067 0D       		.uleb128 0xd
 1149 0068 00       		.byte	0
 1150 0069 03       		.uleb128 0x3
 1151 006a 08       		.uleb128 0x8
 1152 006b 3A       		.uleb128 0x3a
 1153 006c 0B       		.uleb128 0xb
 1154 006d 3B       		.uleb128 0x3b
 1155 006e 0B       		.uleb128 0xb
ARM GAS  C:\Users\Sirius\AppData\Local\Temp\ccB2Noza.s 			page 24


 1156 006f 49       		.uleb128 0x49
 1157 0070 13       		.uleb128 0x13
 1158 0071 38       		.uleb128 0x38
 1159 0072 0B       		.uleb128 0xb
 1160 0073 00       		.byte	0
 1161 0074 00       		.byte	0
 1162 0075 0A       		.uleb128 0xa
 1163 0076 01       		.uleb128 0x1
 1164 0077 01       		.byte	0x1
 1165 0078 49       		.uleb128 0x49
 1166 0079 13       		.uleb128 0x13
 1167 007a 01       		.uleb128 0x1
 1168 007b 13       		.uleb128 0x13
 1169 007c 00       		.byte	0
 1170 007d 00       		.byte	0
 1171 007e 0B       		.uleb128 0xb
 1172 007f 21       		.uleb128 0x21
 1173 0080 00       		.byte	0
 1174 0081 49       		.uleb128 0x49
 1175 0082 13       		.uleb128 0x13
 1176 0083 2F       		.uleb128 0x2f
 1177 0084 0B       		.uleb128 0xb
 1178 0085 00       		.byte	0
 1179 0086 00       		.byte	0
 1180 0087 0C       		.uleb128 0xc
 1181 0088 2E       		.uleb128 0x2e
 1182 0089 01       		.byte	0x1
 1183 008a 3F       		.uleb128 0x3f
 1184 008b 19       		.uleb128 0x19
 1185 008c 03       		.uleb128 0x3
 1186 008d 0E       		.uleb128 0xe
 1187 008e 3A       		.uleb128 0x3a
 1188 008f 0B       		.uleb128 0xb
 1189 0090 3B       		.uleb128 0x3b
 1190 0091 0B       		.uleb128 0xb
 1191 0092 27       		.uleb128 0x27
 1192 0093 19       		.uleb128 0x19
 1193 0094 11       		.uleb128 0x11
 1194 0095 01       		.uleb128 0x1
 1195 0096 12       		.uleb128 0x12
 1196 0097 06       		.uleb128 0x6
 1197 0098 40       		.uleb128 0x40
 1198 0099 18       		.uleb128 0x18
 1199 009a 9742     		.uleb128 0x2117
 1200 009c 19       		.uleb128 0x19
 1201 009d 01       		.uleb128 0x1
 1202 009e 13       		.uleb128 0x13
 1203 009f 00       		.byte	0
 1204 00a0 00       		.byte	0
 1205 00a1 0D       		.uleb128 0xd
 1206 00a2 05       		.uleb128 0x5
 1207 00a3 00       		.byte	0
 1208 00a4 03       		.uleb128 0x3
 1209 00a5 0E       		.uleb128 0xe
 1210 00a6 3A       		.uleb128 0x3a
 1211 00a7 0B       		.uleb128 0xb
 1212 00a8 3B       		.uleb128 0x3b
ARM GAS  C:\Users\Sirius\AppData\Local\Temp\ccB2Noza.s 			page 25


 1213 00a9 0B       		.uleb128 0xb
 1214 00aa 49       		.uleb128 0x49
 1215 00ab 13       		.uleb128 0x13
 1216 00ac 02       		.uleb128 0x2
 1217 00ad 17       		.uleb128 0x17
 1218 00ae 00       		.byte	0
 1219 00af 00       		.byte	0
 1220 00b0 0E       		.uleb128 0xe
 1221 00b1 898201   		.uleb128 0x4109
 1222 00b4 00       		.byte	0
 1223 00b5 11       		.uleb128 0x11
 1224 00b6 01       		.uleb128 0x1
 1225 00b7 31       		.uleb128 0x31
 1226 00b8 13       		.uleb128 0x13
 1227 00b9 00       		.byte	0
 1228 00ba 00       		.byte	0
 1229 00bb 0F       		.uleb128 0xf
 1230 00bc 898201   		.uleb128 0x4109
 1231 00bf 01       		.byte	0x1
 1232 00c0 11       		.uleb128 0x11
 1233 00c1 01       		.uleb128 0x1
 1234 00c2 31       		.uleb128 0x31
 1235 00c3 13       		.uleb128 0x13
 1236 00c4 00       		.byte	0
 1237 00c5 00       		.byte	0
 1238 00c6 10       		.uleb128 0x10
 1239 00c7 8A8201   		.uleb128 0x410a
 1240 00ca 00       		.byte	0
 1241 00cb 02       		.uleb128 0x2
 1242 00cc 18       		.uleb128 0x18
 1243 00cd 9142     		.uleb128 0x2111
 1244 00cf 18       		.uleb128 0x18
 1245 00d0 00       		.byte	0
 1246 00d1 00       		.byte	0
 1247 00d2 11       		.uleb128 0x11
 1248 00d3 34       		.uleb128 0x34
 1249 00d4 00       		.byte	0
 1250 00d5 03       		.uleb128 0x3
 1251 00d6 0E       		.uleb128 0xe
 1252 00d7 3A       		.uleb128 0x3a
 1253 00d8 0B       		.uleb128 0xb
 1254 00d9 3B       		.uleb128 0x3b
 1255 00da 0B       		.uleb128 0xb
 1256 00db 49       		.uleb128 0x49
 1257 00dc 13       		.uleb128 0x13
 1258 00dd 02       		.uleb128 0x2
 1259 00de 17       		.uleb128 0x17
 1260 00df 00       		.byte	0
 1261 00e0 00       		.byte	0
 1262 00e1 12       		.uleb128 0x12
 1263 00e2 0F       		.uleb128 0xf
 1264 00e3 00       		.byte	0
 1265 00e4 0B       		.uleb128 0xb
 1266 00e5 0B       		.uleb128 0xb
 1267 00e6 49       		.uleb128 0x49
 1268 00e7 13       		.uleb128 0x13
 1269 00e8 00       		.byte	0
ARM GAS  C:\Users\Sirius\AppData\Local\Temp\ccB2Noza.s 			page 26


 1270 00e9 00       		.byte	0
 1271 00ea 13       		.uleb128 0x13
 1272 00eb 2E       		.uleb128 0x2e
 1273 00ec 01       		.byte	0x1
 1274 00ed 3F       		.uleb128 0x3f
 1275 00ee 19       		.uleb128 0x19
 1276 00ef 03       		.uleb128 0x3
 1277 00f0 0E       		.uleb128 0xe
 1278 00f1 3A       		.uleb128 0x3a
 1279 00f2 0B       		.uleb128 0xb
 1280 00f3 3B       		.uleb128 0x3b
 1281 00f4 0B       		.uleb128 0xb
 1282 00f5 27       		.uleb128 0x27
 1283 00f6 19       		.uleb128 0x19
 1284 00f7 49       		.uleb128 0x49
 1285 00f8 13       		.uleb128 0x13
 1286 00f9 11       		.uleb128 0x11
 1287 00fa 01       		.uleb128 0x1
 1288 00fb 12       		.uleb128 0x12
 1289 00fc 06       		.uleb128 0x6
 1290 00fd 40       		.uleb128 0x40
 1291 00fe 18       		.uleb128 0x18
 1292 00ff 9742     		.uleb128 0x2117
 1293 0101 19       		.uleb128 0x19
 1294 0102 01       		.uleb128 0x1
 1295 0103 13       		.uleb128 0x13
 1296 0104 00       		.byte	0
 1297 0105 00       		.byte	0
 1298 0106 14       		.uleb128 0x14
 1299 0107 05       		.uleb128 0x5
 1300 0108 00       		.byte	0
 1301 0109 03       		.uleb128 0x3
 1302 010a 0E       		.uleb128 0xe
 1303 010b 3A       		.uleb128 0x3a
 1304 010c 0B       		.uleb128 0xb
 1305 010d 3B       		.uleb128 0x3b
 1306 010e 0B       		.uleb128 0xb
 1307 010f 49       		.uleb128 0x49
 1308 0110 13       		.uleb128 0x13
 1309 0111 02       		.uleb128 0x2
 1310 0112 18       		.uleb128 0x18
 1311 0113 00       		.byte	0
 1312 0114 00       		.byte	0
 1313 0115 15       		.uleb128 0x15
 1314 0116 05       		.uleb128 0x5
 1315 0117 00       		.byte	0
 1316 0118 03       		.uleb128 0x3
 1317 0119 08       		.uleb128 0x8
 1318 011a 3A       		.uleb128 0x3a
 1319 011b 0B       		.uleb128 0xb
 1320 011c 3B       		.uleb128 0x3b
 1321 011d 0B       		.uleb128 0xb
 1322 011e 49       		.uleb128 0x49
 1323 011f 13       		.uleb128 0x13
 1324 0120 02       		.uleb128 0x2
 1325 0121 18       		.uleb128 0x18
 1326 0122 00       		.byte	0
ARM GAS  C:\Users\Sirius\AppData\Local\Temp\ccB2Noza.s 			page 27


 1327 0123 00       		.byte	0
 1328 0124 16       		.uleb128 0x16
 1329 0125 34       		.uleb128 0x34
 1330 0126 00       		.byte	0
 1331 0127 03       		.uleb128 0x3
 1332 0128 08       		.uleb128 0x8
 1333 0129 3A       		.uleb128 0x3a
 1334 012a 0B       		.uleb128 0xb
 1335 012b 3B       		.uleb128 0x3b
 1336 012c 0B       		.uleb128 0xb
 1337 012d 49       		.uleb128 0x49
 1338 012e 13       		.uleb128 0x13
 1339 012f 02       		.uleb128 0x2
 1340 0130 17       		.uleb128 0x17
 1341 0131 00       		.byte	0
 1342 0132 00       		.byte	0
 1343 0133 17       		.uleb128 0x17
 1344 0134 26       		.uleb128 0x26
 1345 0135 00       		.byte	0
 1346 0136 49       		.uleb128 0x49
 1347 0137 13       		.uleb128 0x13
 1348 0138 00       		.byte	0
 1349 0139 00       		.byte	0
 1350 013a 18       		.uleb128 0x18
 1351 013b 34       		.uleb128 0x34
 1352 013c 00       		.byte	0
 1353 013d 03       		.uleb128 0x3
 1354 013e 0E       		.uleb128 0xe
 1355 013f 3A       		.uleb128 0x3a
 1356 0140 0B       		.uleb128 0xb
 1357 0141 3B       		.uleb128 0x3b
 1358 0142 0B       		.uleb128 0xb
 1359 0143 49       		.uleb128 0x49
 1360 0144 13       		.uleb128 0x13
 1361 0145 1C       		.uleb128 0x1c
 1362 0146 0A       		.uleb128 0xa
 1363 0147 00       		.byte	0
 1364 0148 00       		.byte	0
 1365 0149 19       		.uleb128 0x19
 1366 014a 34       		.uleb128 0x34
 1367 014b 00       		.byte	0
 1368 014c 03       		.uleb128 0x3
 1369 014d 0E       		.uleb128 0xe
 1370 014e 3A       		.uleb128 0x3a
 1371 014f 0B       		.uleb128 0xb
 1372 0150 3B       		.uleb128 0x3b
 1373 0151 05       		.uleb128 0x5
 1374 0152 49       		.uleb128 0x49
 1375 0153 13       		.uleb128 0x13
 1376 0154 3F       		.uleb128 0x3f
 1377 0155 19       		.uleb128 0x19
 1378 0156 3C       		.uleb128 0x3c
 1379 0157 19       		.uleb128 0x19
 1380 0158 00       		.byte	0
 1381 0159 00       		.byte	0
 1382 015a 1A       		.uleb128 0x1a
 1383 015b 34       		.uleb128 0x34
ARM GAS  C:\Users\Sirius\AppData\Local\Temp\ccB2Noza.s 			page 28


 1384 015c 00       		.byte	0
 1385 015d 03       		.uleb128 0x3
 1386 015e 0E       		.uleb128 0xe
 1387 015f 3A       		.uleb128 0x3a
 1388 0160 0B       		.uleb128 0xb
 1389 0161 3B       		.uleb128 0x3b
 1390 0162 0B       		.uleb128 0xb
 1391 0163 49       		.uleb128 0x49
 1392 0164 13       		.uleb128 0x13
 1393 0165 3F       		.uleb128 0x3f
 1394 0166 19       		.uleb128 0x19
 1395 0167 02       		.uleb128 0x2
 1396 0168 18       		.uleb128 0x18
 1397 0169 00       		.byte	0
 1398 016a 00       		.byte	0
 1399 016b 1B       		.uleb128 0x1b
 1400 016c 21       		.uleb128 0x21
 1401 016d 00       		.byte	0
 1402 016e 49       		.uleb128 0x49
 1403 016f 13       		.uleb128 0x13
 1404 0170 2F       		.uleb128 0x2f
 1405 0171 05       		.uleb128 0x5
 1406 0172 00       		.byte	0
 1407 0173 00       		.byte	0
 1408 0174 1C       		.uleb128 0x1c
 1409 0175 2E       		.uleb128 0x2e
 1410 0176 00       		.byte	0
 1411 0177 3F       		.uleb128 0x3f
 1412 0178 19       		.uleb128 0x19
 1413 0179 03       		.uleb128 0x3
 1414 017a 0E       		.uleb128 0xe
 1415 017b 3A       		.uleb128 0x3a
 1416 017c 0B       		.uleb128 0xb
 1417 017d 3B       		.uleb128 0x3b
 1418 017e 05       		.uleb128 0x5
 1419 017f 27       		.uleb128 0x27
 1420 0180 19       		.uleb128 0x19
 1421 0181 49       		.uleb128 0x49
 1422 0182 13       		.uleb128 0x13
 1423 0183 3C       		.uleb128 0x3c
 1424 0184 19       		.uleb128 0x19
 1425 0185 00       		.byte	0
 1426 0186 00       		.byte	0
 1427 0187 1D       		.uleb128 0x1d
 1428 0188 2E       		.uleb128 0x2e
 1429 0189 01       		.byte	0x1
 1430 018a 3F       		.uleb128 0x3f
 1431 018b 19       		.uleb128 0x19
 1432 018c 03       		.uleb128 0x3
 1433 018d 0E       		.uleb128 0xe
 1434 018e 3A       		.uleb128 0x3a
 1435 018f 0B       		.uleb128 0xb
 1436 0190 3B       		.uleb128 0x3b
 1437 0191 0B       		.uleb128 0xb
 1438 0192 27       		.uleb128 0x27
 1439 0193 19       		.uleb128 0x19
 1440 0194 3C       		.uleb128 0x3c
ARM GAS  C:\Users\Sirius\AppData\Local\Temp\ccB2Noza.s 			page 29


 1441 0195 19       		.uleb128 0x19
 1442 0196 01       		.uleb128 0x1
 1443 0197 13       		.uleb128 0x13
 1444 0198 00       		.byte	0
 1445 0199 00       		.byte	0
 1446 019a 1E       		.uleb128 0x1e
 1447 019b 05       		.uleb128 0x5
 1448 019c 00       		.byte	0
 1449 019d 49       		.uleb128 0x49
 1450 019e 13       		.uleb128 0x13
 1451 019f 00       		.byte	0
 1452 01a0 00       		.byte	0
 1453 01a1 1F       		.uleb128 0x1f
 1454 01a2 2E       		.uleb128 0x2e
 1455 01a3 00       		.byte	0
 1456 01a4 3F       		.uleb128 0x3f
 1457 01a5 19       		.uleb128 0x19
 1458 01a6 03       		.uleb128 0x3
 1459 01a7 0E       		.uleb128 0xe
 1460 01a8 3A       		.uleb128 0x3a
 1461 01a9 0B       		.uleb128 0xb
 1462 01aa 3B       		.uleb128 0x3b
 1463 01ab 0B       		.uleb128 0xb
 1464 01ac 27       		.uleb128 0x27
 1465 01ad 19       		.uleb128 0x19
 1466 01ae 49       		.uleb128 0x49
 1467 01af 13       		.uleb128 0x13
 1468 01b0 3C       		.uleb128 0x3c
 1469 01b1 19       		.uleb128 0x19
 1470 01b2 00       		.byte	0
 1471 01b3 00       		.byte	0
 1472 01b4 20       		.uleb128 0x20
 1473 01b5 2E       		.uleb128 0x2e
 1474 01b6 01       		.byte	0x1
 1475 01b7 3F       		.uleb128 0x3f
 1476 01b8 19       		.uleb128 0x19
 1477 01b9 03       		.uleb128 0x3
 1478 01ba 0E       		.uleb128 0xe
 1479 01bb 3A       		.uleb128 0x3a
 1480 01bc 0B       		.uleb128 0xb
 1481 01bd 3B       		.uleb128 0x3b
 1482 01be 0B       		.uleb128 0xb
 1483 01bf 27       		.uleb128 0x27
 1484 01c0 19       		.uleb128 0x19
 1485 01c1 3C       		.uleb128 0x3c
 1486 01c2 19       		.uleb128 0x19
 1487 01c3 00       		.byte	0
 1488 01c4 00       		.byte	0
 1489 01c5 00       		.byte	0
 1490              		.section	.debug_loc,"",%progbits
 1491              	.Ldebug_loc0:
 1492              	.LLST0:
 1493 0000 00000000 		.4byte	.LVL0
 1494 0004 1D000000 		.4byte	.LVL3-1
 1495 0008 0100     		.2byte	0x1
 1496 000a 50       		.byte	0x50
 1497 000b 1D000000 		.4byte	.LVL3-1
ARM GAS  C:\Users\Sirius\AppData\Local\Temp\ccB2Noza.s 			page 30


 1498 000f 2C000000 		.4byte	.LFE63
 1499 0013 0400     		.2byte	0x4
 1500 0015 F3       		.byte	0xf3
 1501 0016 01       		.uleb128 0x1
 1502 0017 50       		.byte	0x50
 1503 0018 9F       		.byte	0x9f
 1504 0019 00000000 		.4byte	0
 1505 001d 00000000 		.4byte	0
 1506              	.LLST1:
 1507 0021 00000000 		.4byte	.LVL0
 1508 0025 08000000 		.4byte	.LVL1
 1509 0029 0100     		.2byte	0x1
 1510 002b 51       		.byte	0x51
 1511 002c 08000000 		.4byte	.LVL1
 1512 0030 2C000000 		.4byte	.LFE63
 1513 0034 0400     		.2byte	0x4
 1514 0036 F3       		.byte	0xf3
 1515 0037 01       		.uleb128 0x1
 1516 0038 51       		.byte	0x51
 1517 0039 9F       		.byte	0x9f
 1518 003a 00000000 		.4byte	0
 1519 003e 00000000 		.4byte	0
 1520              	.LLST2:
 1521 0042 00000000 		.4byte	.LVL0
 1522 0046 0C000000 		.4byte	.LVL2
 1523 004a 0100     		.2byte	0x1
 1524 004c 52       		.byte	0x52
 1525 004d 0C000000 		.4byte	.LVL2
 1526 0051 2C000000 		.4byte	.LFE63
 1527 0055 0400     		.2byte	0x4
 1528 0057 F3       		.byte	0xf3
 1529 0058 01       		.uleb128 0x1
 1530 0059 52       		.byte	0x52
 1531 005a 9F       		.byte	0x9f
 1532 005b 00000000 		.4byte	0
 1533 005f 00000000 		.4byte	0
 1534              	.LLST3:
 1535 0063 00000000 		.4byte	.LVL5
 1536 0067 19000000 		.4byte	.LVL6-1
 1537 006b 0100     		.2byte	0x1
 1538 006d 50       		.byte	0x50
 1539 006e 19000000 		.4byte	.LVL6-1
 1540 0072 20000000 		.4byte	.LFE64
 1541 0076 0400     		.2byte	0x4
 1542 0078 F3       		.byte	0xf3
 1543 0079 01       		.uleb128 0x1
 1544 007a 50       		.byte	0x50
 1545 007b 9F       		.byte	0x9f
 1546 007c 00000000 		.4byte	0
 1547 0080 00000000 		.4byte	0
 1548              	.LLST4:
 1549 0084 00000000 		.4byte	.LVL7
 1550 0088 11000000 		.4byte	.LVL8-1
 1551 008c 0100     		.2byte	0x1
 1552 008e 50       		.byte	0x50
 1553 008f 11000000 		.4byte	.LVL8-1
 1554 0093 4C010000 		.4byte	.LVL10
ARM GAS  C:\Users\Sirius\AppData\Local\Temp\ccB2Noza.s 			page 31


 1555 0097 0100     		.2byte	0x1
 1556 0099 55       		.byte	0x55
 1557 009a 4C010000 		.4byte	.LVL10
 1558 009e 58010000 		.4byte	.LFE65
 1559 00a2 0400     		.2byte	0x4
 1560 00a4 F3       		.byte	0xf3
 1561 00a5 01       		.uleb128 0x1
 1562 00a6 50       		.byte	0x50
 1563 00a7 9F       		.byte	0x9f
 1564 00a8 00000000 		.4byte	0
 1565 00ac 00000000 		.4byte	0
 1566              	.LLST5:
 1567 00b0 00000000 		.4byte	.LVL7
 1568 00b4 11000000 		.4byte	.LVL8-1
 1569 00b8 0100     		.2byte	0x1
 1570 00ba 51       		.byte	0x51
 1571 00bb 11000000 		.4byte	.LVL8-1
 1572 00bf 4C010000 		.4byte	.LVL10
 1573 00c3 0100     		.2byte	0x1
 1574 00c5 56       		.byte	0x56
 1575 00c6 4C010000 		.4byte	.LVL10
 1576 00ca 58010000 		.4byte	.LFE65
 1577 00ce 0400     		.2byte	0x4
 1578 00d0 F3       		.byte	0xf3
 1579 00d1 01       		.uleb128 0x1
 1580 00d2 51       		.byte	0x51
 1581 00d3 9F       		.byte	0x9f
 1582 00d4 00000000 		.4byte	0
 1583 00d8 00000000 		.4byte	0
 1584              	.LLST6:
 1585 00dc 00000000 		.4byte	.LVL7
 1586 00e0 11000000 		.4byte	.LVL8-1
 1587 00e4 0100     		.2byte	0x1
 1588 00e6 52       		.byte	0x52
 1589 00e7 11000000 		.4byte	.LVL8-1
 1590 00eb 4C010000 		.4byte	.LVL10
 1591 00ef 0100     		.2byte	0x1
 1592 00f1 54       		.byte	0x54
 1593 00f2 4C010000 		.4byte	.LVL10
 1594 00f6 58010000 		.4byte	.LFE65
 1595 00fa 0400     		.2byte	0x4
 1596 00fc F3       		.byte	0xf3
 1597 00fd 01       		.uleb128 0x1
 1598 00fe 52       		.byte	0x52
 1599 00ff 9F       		.byte	0x9f
 1600 0100 00000000 		.4byte	0
 1601 0104 00000000 		.4byte	0
 1602              	.LLST7:
 1603 0108 12000000 		.4byte	.LVL8
 1604 010c 49010000 		.4byte	.LVL9-1
 1605 0110 0100     		.2byte	0x1
 1606 0112 50       		.byte	0x50
 1607 0113 00000000 		.4byte	0
 1608 0117 00000000 		.4byte	0
 1609              	.LLST8:
 1610 011b 00000000 		.4byte	.LVL11
 1611 011f 36000000 		.4byte	.LVL17
ARM GAS  C:\Users\Sirius\AppData\Local\Temp\ccB2Noza.s 			page 32


 1612 0123 0100     		.2byte	0x1
 1613 0125 50       		.byte	0x50
 1614 0126 36000000 		.4byte	.LVL17
 1615 012a 40000000 		.4byte	.LFE66
 1616 012e 0400     		.2byte	0x4
 1617 0130 F3       		.byte	0xf3
 1618 0131 01       		.uleb128 0x1
 1619 0132 50       		.byte	0x50
 1620 0133 9F       		.byte	0x9f
 1621 0134 00000000 		.4byte	0
 1622 0138 00000000 		.4byte	0
 1623              	.LLST9:
 1624 013c 00000000 		.4byte	.LVL11
 1625 0140 0A000000 		.4byte	.LVL13
 1626 0144 0100     		.2byte	0x1
 1627 0146 51       		.byte	0x51
 1628 0147 0A000000 		.4byte	.LVL13
 1629 014b 40000000 		.4byte	.LFE66
 1630 014f 0400     		.2byte	0x4
 1631 0151 F3       		.byte	0xf3
 1632 0152 01       		.uleb128 0x1
 1633 0153 51       		.byte	0x51
 1634 0154 9F       		.byte	0x9f
 1635 0155 00000000 		.4byte	0
 1636 0159 00000000 		.4byte	0
 1637              	.LLST10:
 1638 015d 00000000 		.4byte	.LVL11
 1639 0161 38000000 		.4byte	.LVL18
 1640 0165 0200     		.2byte	0x2
 1641 0167 91       		.byte	0x91
 1642 0168 00       		.sleb128 0
 1643 0169 38000000 		.4byte	.LVL18
 1644 016d 40000000 		.4byte	.LFE66
 1645 0171 0200     		.2byte	0x2
 1646 0173 7D       		.byte	0x7d
 1647 0174 00       		.sleb128 0
 1648 0175 00000000 		.4byte	0
 1649 0179 00000000 		.4byte	0
 1650              	.LLST11:
 1651 017d 06000000 		.4byte	.LVL12
 1652 0181 1C000000 		.4byte	.LVL15
 1653 0185 0100     		.2byte	0x1
 1654 0187 51       		.byte	0x51
 1655 0188 30000000 		.4byte	.LVL16
 1656 018c 40000000 		.4byte	.LFE66
 1657 0190 0100     		.2byte	0x1
 1658 0192 51       		.byte	0x51
 1659 0193 00000000 		.4byte	0
 1660 0197 00000000 		.4byte	0
 1661              	.LLST12:
 1662 019b 06000000 		.4byte	.LVL12
 1663 019f 0A000000 		.4byte	.LVL13
 1664 01a3 0200     		.2byte	0x2
 1665 01a5 30       		.byte	0x30
 1666 01a6 9F       		.byte	0x9f
 1667 01a7 0A000000 		.4byte	.LVL13
 1668 01ab 38000000 		.4byte	.LVL18
ARM GAS  C:\Users\Sirius\AppData\Local\Temp\ccB2Noza.s 			page 33


 1669 01af 0100     		.2byte	0x1
 1670 01b1 56       		.byte	0x56
 1671 01b2 00000000 		.4byte	0
 1672 01b6 00000000 		.4byte	0
 1673              	.LLST13:
 1674 01ba 00000000 		.4byte	.LVL19
 1675 01be 2A000000 		.4byte	.LVL23
 1676 01c2 0100     		.2byte	0x1
 1677 01c4 50       		.byte	0x50
 1678 01c5 2A000000 		.4byte	.LVL23
 1679 01c9 2C000000 		.4byte	.LVL24
 1680 01cd 0400     		.2byte	0x4
 1681 01cf F3       		.byte	0xf3
 1682 01d0 01       		.uleb128 0x1
 1683 01d1 50       		.byte	0x50
 1684 01d2 9F       		.byte	0x9f
 1685 01d3 2C000000 		.4byte	.LVL24
 1686 01d7 2E000000 		.4byte	.LVL25
 1687 01db 0100     		.2byte	0x1
 1688 01dd 50       		.byte	0x50
 1689 01de 2E000000 		.4byte	.LVL25
 1690 01e2 34000000 		.4byte	.LFE67
 1691 01e6 0400     		.2byte	0x4
 1692 01e8 F3       		.byte	0xf3
 1693 01e9 01       		.uleb128 0x1
 1694 01ea 50       		.byte	0x50
 1695 01eb 9F       		.byte	0x9f
 1696 01ec 00000000 		.4byte	0
 1697 01f0 00000000 		.4byte	0
 1698              	.LLST14:
 1699 01f4 00000000 		.4byte	.LVL19
 1700 01f8 02000000 		.4byte	.LVL20
 1701 01fc 0100     		.2byte	0x1
 1702 01fe 51       		.byte	0x51
 1703 01ff 02000000 		.4byte	.LVL20
 1704 0203 34000000 		.4byte	.LFE67
 1705 0207 0400     		.2byte	0x4
 1706 0209 F3       		.byte	0xf3
 1707 020a 01       		.uleb128 0x1
 1708 020b 51       		.byte	0x51
 1709 020c 9F       		.byte	0x9f
 1710 020d 00000000 		.4byte	0
 1711 0211 00000000 		.4byte	0
 1712              	.LLST15:
 1713 0215 00000000 		.4byte	.LVL19
 1714 0219 0E000000 		.4byte	.LVL21
 1715 021d 0100     		.2byte	0x1
 1716 021f 51       		.byte	0x51
 1717 0220 24000000 		.4byte	.LVL22
 1718 0224 34000000 		.4byte	.LFE67
 1719 0228 0100     		.2byte	0x1
 1720 022a 51       		.byte	0x51
 1721 022b 00000000 		.4byte	0
 1722 022f 00000000 		.4byte	0
 1723              	.LLST16:
 1724 0233 00000000 		.4byte	.LVL26
 1725 0237 30000000 		.4byte	.LVL31
ARM GAS  C:\Users\Sirius\AppData\Local\Temp\ccB2Noza.s 			page 34


 1726 023b 0100     		.2byte	0x1
 1727 023d 50       		.byte	0x50
 1728 023e 30000000 		.4byte	.LVL31
 1729 0242 32000000 		.4byte	.LVL32
 1730 0246 0400     		.2byte	0x4
 1731 0248 F3       		.byte	0xf3
 1732 0249 01       		.uleb128 0x1
 1733 024a 50       		.byte	0x50
 1734 024b 9F       		.byte	0x9f
 1735 024c 32000000 		.4byte	.LVL32
 1736 0250 34000000 		.4byte	.LVL33
 1737 0254 0100     		.2byte	0x1
 1738 0256 50       		.byte	0x50
 1739 0257 34000000 		.4byte	.LVL33
 1740 025b 40000000 		.4byte	.LFE68
 1741 025f 0400     		.2byte	0x4
 1742 0261 F3       		.byte	0xf3
 1743 0262 01       		.uleb128 0x1
 1744 0263 50       		.byte	0x50
 1745 0264 9F       		.byte	0x9f
 1746 0265 00000000 		.4byte	0
 1747 0269 00000000 		.4byte	0
 1748              	.LLST17:
 1749 026d 00000000 		.4byte	.LVL26
 1750 0271 04000000 		.4byte	.LVL28
 1751 0275 0100     		.2byte	0x1
 1752 0277 51       		.byte	0x51
 1753 0278 04000000 		.4byte	.LVL28
 1754 027c 40000000 		.4byte	.LFE68
 1755 0280 0400     		.2byte	0x4
 1756 0282 F3       		.byte	0xf3
 1757 0283 01       		.uleb128 0x1
 1758 0284 51       		.byte	0x51
 1759 0285 9F       		.byte	0x9f
 1760 0286 00000000 		.4byte	0
 1761 028a 00000000 		.4byte	0
 1762              	.LLST18:
 1763 028e 02000000 		.4byte	.LVL27
 1764 0292 14000000 		.4byte	.LVL29
 1765 0296 0100     		.2byte	0x1
 1766 0298 51       		.byte	0x51
 1767 0299 2A000000 		.4byte	.LVL30
 1768 029d 40000000 		.4byte	.LFE68
 1769 02a1 0100     		.2byte	0x1
 1770 02a3 51       		.byte	0x51
 1771 02a4 00000000 		.4byte	0
 1772 02a8 00000000 		.4byte	0
 1773              		.section	.debug_aranges,"",%progbits
 1774 0000 44000000 		.4byte	0x44
 1775 0004 0200     		.2byte	0x2
 1776 0006 00000000 		.4byte	.Ldebug_info0
 1777 000a 04       		.byte	0x4
 1778 000b 00       		.byte	0
 1779 000c 0000     		.2byte	0
 1780 000e 0000     		.2byte	0
 1781 0010 00000000 		.4byte	.LFB63
 1782 0014 2C000000 		.4byte	.LFE63-.LFB63
ARM GAS  C:\Users\Sirius\AppData\Local\Temp\ccB2Noza.s 			page 35


 1783 0018 00000000 		.4byte	.LFB64
 1784 001c 20000000 		.4byte	.LFE64-.LFB64
 1785 0020 00000000 		.4byte	.LFB65
 1786 0024 58010000 		.4byte	.LFE65-.LFB65
 1787 0028 00000000 		.4byte	.LFB66
 1788 002c 40000000 		.4byte	.LFE66-.LFB66
 1789 0030 00000000 		.4byte	.LFB67
 1790 0034 34000000 		.4byte	.LFE67-.LFB67
 1791 0038 00000000 		.4byte	.LFB68
 1792 003c 40000000 		.4byte	.LFE68-.LFB68
 1793 0040 00000000 		.4byte	0
 1794 0044 00000000 		.4byte	0
 1795              		.section	.debug_ranges,"",%progbits
 1796              	.Ldebug_ranges0:
 1797 0000 00000000 		.4byte	.LFB63
 1798 0004 2C000000 		.4byte	.LFE63
 1799 0008 00000000 		.4byte	.LFB64
 1800 000c 20000000 		.4byte	.LFE64
 1801 0010 00000000 		.4byte	.LFB65
 1802 0014 58010000 		.4byte	.LFE65
 1803 0018 00000000 		.4byte	.LFB66
 1804 001c 40000000 		.4byte	.LFE66
 1805 0020 00000000 		.4byte	.LFB67
 1806 0024 34000000 		.4byte	.LFE67
 1807 0028 00000000 		.4byte	.LFB68
 1808 002c 40000000 		.4byte	.LFE68
 1809 0030 00000000 		.4byte	0
 1810 0034 00000000 		.4byte	0
 1811              		.section	.debug_line,"",%progbits
 1812              	.Ldebug_line0:
 1813 0000 4F020000 		.section	.debug_str,"MS",%progbits,1
 1813      02008301 
 1813      00000201 
 1813      FB0E0D00 
 1813      01010101 
 1814              	.LASF54:
 1815 0000 433A5C55 		.ascii	"C:\\Users\\Sirius\\Desktop\\Dashboard\\Dashboard.cy"
 1815      73657273 
 1815      5C536972 
 1815      6975735C 
 1815      4465736B 
 1816 002e 64736E00 		.ascii	"dsn\000"
 1817              	.LASF3:
 1818 0032 5F5F7569 		.ascii	"__uint8_t\000"
 1818      6E74385F 
 1818      7400
 1819              	.LASF29:
 1820 003c 56434C5F 		.ascii	"VCL_Throttle_Low\000"
 1820      5468726F 
 1820      74746C65 
 1820      5F4C6F77 
 1820      00
 1821              	.LASF6:
 1822 004d 5F5F696E 		.ascii	"__int32_t\000"
 1822      7433325F 
 1822      7400
 1823              	.LASF28:
ARM GAS  C:\Users\Sirius\AppData\Local\Temp\ccB2Noza.s 			page 36


 1824 0057 56434C5F 		.ascii	"VCL_Throttle_High\000"
 1824      5468726F 
 1824      74746C65 
 1824      5F486967 
 1824      6800
 1825              	.LASF13:
 1826 0069 75696E74 		.ascii	"uint8_t\000"
 1826      385F7400 
 1827              	.LASF17:
 1828 0071 75696E74 		.ascii	"uint8\000"
 1828      3800
 1829              	.LASF23:
 1830 0077 6D696C6C 		.ascii	"millicounter\000"
 1830      69636F75 
 1830      6E746572 
 1830      00
 1831              	.LASF35:
 1832 0084 64617461 		.ascii	"data_head\000"
 1832      5F686561 
 1832      6400
 1833              	.LASF8:
 1834 008e 5F5F7569 		.ascii	"__uint32_t\000"
 1834      6E743332 
 1834      5F7400
 1835              	.LASF19:
 1836 0099 666C6F61 		.ascii	"float\000"
 1836      7400
 1837              	.LASF25:
 1838 009f 64617461 		.ascii	"data\000"
 1838      00
 1839              	.LASF1:
 1840 00a4 756E7369 		.ascii	"unsigned char\000"
 1840      676E6564 
 1840      20636861 
 1840      7200
 1841              	.LASF41:
 1842 00b2 43757274 		.ascii	"Curtis_Fault_Check\000"
 1842      69735F46 
 1842      61756C74 
 1842      5F436865 
 1842      636B00
 1843              	.LASF39:
 1844 00c5 6E657765 		.ascii	"newest\000"
 1844      737400
 1845              	.LASF31:
 1846 00cc 63616E5F 		.ascii	"can_send_status\000"
 1846      73656E64 
 1846      5F737461 
 1846      74757300 
 1847              	.LASF47:
 1848 00dc 63616E5F 		.ascii	"can_head\000"
 1848      68656164 
 1848      00
 1849              	.LASF9:
 1850 00e5 6C6F6E67 		.ascii	"long unsigned int\000"
 1850      20756E73 
 1850      69676E65 
ARM GAS  C:\Users\Sirius\AppData\Local\Temp\ccB2Noza.s 			page 37


 1850      6420696E 
 1850      7400
 1851              	.LASF38:
 1852 00f7 61746F6D 		.ascii	"atomic_state\000"
 1852      69635F73 
 1852      74617465 
 1852      00
 1853              	.LASF5:
 1854 0104 73686F72 		.ascii	"short unsigned int\000"
 1854      7420756E 
 1854      7369676E 
 1854      65642069 
 1854      6E7400
 1855              	.LASF37:
 1856 0117 456E7472 		.ascii	"Entry\000"
 1856      7900
 1857              	.LASF50:
 1858 011d 43414E5F 		.ascii	"CAN_SendMsgDash_status\000"
 1858      53656E64 
 1858      4D736744 
 1858      6173685F 
 1858      73746174 
 1859              	.LASF43:
 1860 0134 43414E49 		.ascii	"CANID_Recv_list\000"
 1860      445F5265 
 1860      63765F6C 
 1860      69737400 
 1861              	.LASF30:
 1862 0144 63616E5F 		.ascii	"can_send_cmd\000"
 1862      73656E64 
 1862      5F636D64 
 1862      00
 1863              	.LASF46:
 1864 0151 63616E5F 		.ascii	"can_queue\000"
 1864      71756575 
 1864      6500
 1865              	.LASF33:
 1866 015b 63616E5F 		.ascii	"can_get\000"
 1866      67657400 
 1867              	.LASF53:
 1868 0163 2E5C6361 		.ascii	".\\can_manager.c\000"
 1868      6E5F6D61 
 1868      6E616765 
 1868      722E6300 
 1869              	.LASF4:
 1870 0173 5F5F7569 		.ascii	"__uint16_t\000"
 1870      6E743136 
 1870      5F7400
 1871              	.LASF20:
 1872 017e 646F7562 		.ascii	"double\000"
 1872      6C6500
 1873              	.LASF40:
 1874 0185 63616E5F 		.ascii	"can_read\000"
 1874      72656164 
 1874      00
 1875              	.LASF2:
 1876 018e 73686F72 		.ascii	"short int\000"
ARM GAS  C:\Users\Sirius\AppData\Local\Temp\ccB2Noza.s 			page 38


 1876      7420696E 
 1876      7400
 1877              	.LASF49:
 1878 0198 43414E5F 		.ascii	"CAN_SendMsgDash_cmd\000"
 1878      53656E64 
 1878      4D736744 
 1878      6173685F 
 1878      636D6400 
 1879              	.LASF18:
 1880 01ac 75696E74 		.ascii	"uint32\000"
 1880      333200
 1881              	.LASF52:
 1882 01b3 474E5520 		.ascii	"GNU C 4.9.3 20150303 (release) [ARM/embedded-4_9-br"
 1882      4320342E 
 1882      392E3320 
 1882      32303135 
 1882      30333033 
 1883 01e6 616E6368 		.ascii	"anch revision 221220] -mcpu=cortex-m3 -mthumb -g -O"
 1883      20726576 
 1883      6973696F 
 1883      6E203232 
 1883      31323230 
 1884 0219 67202D66 		.ascii	"g -ffunction-sections -ffat-lto-objects\000"
 1884      66756E63 
 1884      74696F6E 
 1884      2D736563 
 1884      74696F6E 
 1885              	.LASF51:
 1886 0241 4379456E 		.ascii	"CyEnterCriticalSection\000"
 1886      74657243 
 1886      72697469 
 1886      63616C53 
 1886      65637469 
 1887              	.LASF45:
 1888 0258 63616E5F 		.ascii	"can_buffer\000"
 1888      62756666 
 1888      657200
 1889              	.LASF12:
 1890 0263 756E7369 		.ascii	"unsigned int\000"
 1890      676E6564 
 1890      20696E74 
 1890      00
 1891              	.LASF26:
 1892 0270 44617461 		.ascii	"DataPacket\000"
 1892      5061636B 
 1892      657400
 1893              	.LASF32:
 1894 027b 73746174 		.ascii	"state\000"
 1894      6500
 1895              	.LASF11:
 1896 0281 6C6F6E67 		.ascii	"long long unsigned int\000"
 1896      206C6F6E 
 1896      6720756E 
 1896      7369676E 
 1896      65642069 
 1897              	.LASF42:
 1898 0298 43757274 		.ascii	"Curtis_Heart_Beat_Check\000"
ARM GAS  C:\Users\Sirius\AppData\Local\Temp\ccB2Noza.s 			page 39


 1898      69735F48 
 1898      65617274 
 1898      5F426561 
 1898      745F4368 
 1899              	.LASF44:
 1900 02b0 49544D5F 		.ascii	"ITM_RxBuffer\000"
 1900      52784275 
 1900      66666572 
 1900      00
 1901              	.LASF27:
 1902 02bd 53657449 		.ascii	"SetInterlock\000"
 1902      6E746572 
 1902      6C6F636B 
 1902      00
 1903              	.LASF15:
 1904 02ca 696E7433 		.ascii	"int32_t\000"
 1904      325F7400 
 1905              	.LASF36:
 1906 02d2 64617461 		.ascii	"data_tail\000"
 1906      5F746169 
 1906      6C00
 1907              	.LASF22:
 1908 02dc 73697A65 		.ascii	"sizetype\000"
 1908      74797065 
 1908      00
 1909              	.LASF10:
 1910 02e5 6C6F6E67 		.ascii	"long long int\000"
 1910      206C6F6E 
 1910      6720696E 
 1910      7400
 1911              	.LASF21:
 1912 02f3 63686172 		.ascii	"char\000"
 1912      00
 1913              	.LASF14:
 1914 02f8 75696E74 		.ascii	"uint16_t\000"
 1914      31365F74 
 1914      00
 1915              	.LASF48:
 1916 0301 63616E5F 		.ascii	"can_tail\000"
 1916      7461696C 
 1916      00
 1917              	.LASF34:
 1918 030a 64617461 		.ascii	"data_queue\000"
 1918      5F717565 
 1918      756500
 1919              	.LASF56:
 1920 0315 43794578 		.ascii	"CyExitCriticalSection\000"
 1920      69744372 
 1920      69746963 
 1920      616C5365 
 1920      6374696F 
 1921              	.LASF16:
 1922 032b 75696E74 		.ascii	"uint32_t\000"
 1922      33325F74 
 1922      00
 1923              	.LASF7:
 1924 0334 6C6F6E67 		.ascii	"long int\000"
ARM GAS  C:\Users\Sirius\AppData\Local\Temp\ccB2Noza.s 			page 40


 1924      20696E74 
 1924      00
 1925              	.LASF0:
 1926 033d 7369676E 		.ascii	"signed char\000"
 1926      65642063 
 1926      68617200 
 1927              	.LASF24:
 1928 0349 6C656E67 		.ascii	"length\000"
 1928      746800
 1929              	.LASF55:
 1930 0350 43794465 		.ascii	"CyDelay\000"
 1930      6C617900 
 1931              		.ident	"GCC: (GNU Tools for ARM Embedded Processors) 4.9.3 20150303 (release) [ARM/embedded-4_9-br
