ARM GAS  C:\Users\Schuyler\AppData\Local\Temp\ccHjLRET.s 			page 1


   1              		.syntax unified
   2              		.cpu cortex-m3
   3              		.fpu softvfp
   4              		.eabi_attribute 20, 1
   5              		.eabi_attribute 21, 1
   6              		.eabi_attribute 23, 3
   7              		.eabi_attribute 24, 1
   8              		.eabi_attribute 25, 1
   9              		.eabi_attribute 26, 1
  10              		.eabi_attribute 30, 1
  11              		.eabi_attribute 34, 1
  12              		.eabi_attribute 18, 4
  13              		.thumb
  14              		.file	"cymetadata.c"
  15              		.text
  16              	.Ltext0:
  17              		.cfi_sections	.debug_frame
  18              		.global	cy_metadata
  19              		.global	cy_meta_flashprotect
  20              		.global	cy_meta_wonvl
  21              		.global	cy_meta_custnvl
  22              		.global	cy_meta_configecc
  23              		.section	.cyconfigecc,"a",%progbits
  24              		.align	2
  25              		.type	cy_meta_configecc, %object
  26              		.size	cy_meta_configecc, 264
  27              	cy_meta_configecc:
  28 0000 02       		.byte	2
  29 0001 4F       		.byte	79
  30 0002 00       		.byte	0
  31 0003 40       		.byte	64
  32 0004 02       		.byte	2
  33 0005 52       		.byte	82
  34 0006 00       		.byte	0
  35 0007 40       		.byte	64
  36 0008 01       		.byte	1
  37 0009 5A       		.byte	90
  38 000a 00       		.byte	0
  39 000b 40       		.byte	64
  40 000c 01       		.byte	1
  41 000d 07       		.byte	7
  42 000e 01       		.byte	1
  43 000f 40       		.byte	64
  44 0010 01       		.byte	1
  45 0011 09       		.byte	9
  46 0012 01       		.byte	1
  47 0013 40       		.byte	64
  48 0014 04       		.byte	4
  49 0015 0A       		.byte	10
  50 0016 01       		.byte	1
  51 0017 40       		.byte	64
  52 0018 01       		.byte	1
  53 0019 0B       		.byte	11
  54 001a 01       		.byte	1
  55 001b 40       		.byte	64
  56 001c 03       		.byte	3
  57 001d 15       		.byte	21
ARM GAS  C:\Users\Schuyler\AppData\Local\Temp\ccHjLRET.s 			page 2


  58 001e 01       		.byte	1
  59 001f 40       		.byte	64
  60 0020 03       		.byte	3
  61 0021 1B       		.byte	27
  62 0022 01       		.byte	1
  63 0023 40       		.byte	64
  64 0024 04       		.byte	4
  65 0025 40       		.byte	64
  66 0026 01       		.byte	1
  67 0027 40       		.byte	64
  68 0028 02       		.byte	2
  69 0029 41       		.byte	65
  70 002a 01       		.byte	1
  71 002b 40       		.byte	64
  72 002c 06       		.byte	6
  73 002d 42       		.byte	66
  74 002e 01       		.byte	1
  75 002f 40       		.byte	64
  76 0030 03       		.byte	3
  77 0031 43       		.byte	67
  78 0032 01       		.byte	1
  79 0033 40       		.byte	64
  80 0034 02       		.byte	2
  81 0035 45       		.byte	69
  82 0036 01       		.byte	1
  83 0037 40       		.byte	64
  84 0038 01       		.byte	1
  85 0039 46       		.byte	70
  86 003a 01       		.byte	1
  87 003b 40       		.byte	64
  88 003c 01       		.byte	1
  89 003d 47       		.byte	71
  90 003e 01       		.byte	1
  91 003f 40       		.byte	64
  92 0040 03       		.byte	3
  93 0041 48       		.byte	72
  94 0042 01       		.byte	1
  95 0043 40       		.byte	64
  96 0044 08       		.byte	8
  97 0045 49       		.byte	73
  98 0046 01       		.byte	1
  99 0047 40       		.byte	64
 100 0048 01       		.byte	1
 101 0049 4C       		.byte	76
 102 004a 01       		.byte	1
 103 004b 40       		.byte	64
 104 004c 09       		.byte	9
 105 004d 4D       		.byte	77
 106 004e 01       		.byte	1
 107 004f 40       		.byte	64
 108 0050 02       		.byte	2
 109 0051 51       		.byte	81
 110 0052 01       		.byte	1
 111 0053 40       		.byte	64
 112 0054 01       		.byte	1
 113 0055 10       		.byte	16
 114 0056 0A       		.byte	10
ARM GAS  C:\Users\Schuyler\AppData\Local\Temp\ccHjLRET.s 			page 3


 115 0057 4B       		.byte	75
 116 0058 19       		.byte	25
 117 0059 10       		.byte	16
 118 005a 1C       		.byte	28
 119 005b 03       		.byte	3
 120 005c 8F       		.byte	-113
 121 005d 01       		.byte	1
 122 005e EE       		.byte	-18
 123 005f 08       		.byte	8
 124 0060 AF       		.byte	-81
 125 0061 20       		.byte	32
 126 0062 B8       		.byte	-72
 127 0063 20       		.byte	32
 128 0064 BE       		.byte	-66
 129 0065 10       		.byte	16
 130 0066 D8       		.byte	-40
 131 0067 04       		.byte	4
 132 0068 DF       		.byte	-33
 133 0069 01       		.byte	1
 134 006a 1F       		.byte	31
 135 006b 20       		.byte	32
 136 006c E0       		.byte	-32
 137 006d 04       		.byte	4
 138 006e E6       		.byte	-26
 139 006f 10       		.byte	16
 140 0070 EC       		.byte	-20
 141 0071 10       		.byte	16
 142 0072 E0       		.byte	-32
 143 0073 04       		.byte	4
 144 0074 E6       		.byte	-26
 145 0075 10       		.byte	16
 146 0076 EC       		.byte	-20
 147 0077 10       		.byte	16
 148 0078 32       		.byte	50
 149 0079 80       		.byte	-128
 150 007a 3D       		.byte	61
 151 007b 80       		.byte	-128
 152 007c CC       		.byte	-52
 153 007d 10       		.byte	16
 154 007e CE       		.byte	-50
 155 007f 20       		.byte	32
 156 0080 A5       		.byte	-91
 157 0081 40       		.byte	64
 158 0082 A6       		.byte	-90
 159 0083 80       		.byte	-128
 160 0084 12       		.byte	18
 161 0085 80       		.byte	-128
 162 0086 63       		.byte	99
 163 0087 02       		.byte	2
 164 0088 A5       		.byte	-91
 165 0089 40       		.byte	64
 166 008a A6       		.byte	-90
 167 008b 80       		.byte	-128
 168 008c C4       		.byte	-60
 169 008d 10       		.byte	16
 170 008e D6       		.byte	-42
 171 008f 40       		.byte	64
ARM GAS  C:\Users\Schuyler\AppData\Local\Temp\ccHjLRET.s 			page 4


 172 0090 A5       		.byte	-91
 173 0091 40       		.byte	64
 174 0092 AF       		.byte	-81
 175 0093 01       		.byte	1
 176 0094 EE       		.byte	-18
 177 0095 10       		.byte	16
 178 0096 30       		.byte	48
 179 0097 20       		.byte	32
 180 0098 CC       		.byte	-52
 181 0099 08       		.byte	8
 182 009a A4       		.byte	-92
 183 009b 20       		.byte	32
 184 009c A4       		.byte	-92
 185 009d 20       		.byte	32
 186 009e 25       		.byte	37
 187 009f 50       		.byte	80
 188 00a0 A5       		.byte	-91
 189 00a1 40       		.byte	64
 190 00a2 C8       		.byte	-56
 191 00a3 20       		.byte	32
 192 00a4 0E       		.byte	14
 193 00a5 40       		.byte	64
 194 00a6 62       		.byte	98
 195 00a7 04       		.byte	4
 196 00a8 82       		.byte	-126
 197 00a9 40       		.byte	64
 198 00aa 8E       		.byte	-114
 199 00ab 04       		.byte	4
 200 00ac B5       		.byte	-75
 201 00ad 10       		.byte	16
 202 00ae C2       		.byte	-62
 203 00af 20       		.byte	32
 204 00b0 D8       		.byte	-40
 205 00b1 40       		.byte	64
 206 00b2 E0       		.byte	-32
 207 00b3 20       		.byte	32
 208 00b4 A4       		.byte	-92
 209 00b5 20       		.byte	32
 210 00b6 1A       		.byte	26
 211 00b7 10       		.byte	16
 212 00b8 7B       		.byte	123
 213 00b9 40       		.byte	64
 214 00ba 83       		.byte	-125
 215 00bb 40       		.byte	64
 216 00bc 8E       		.byte	-114
 217 00bd 10       		.byte	16
 218 00be B4       		.byte	-76
 219 00bf 20       		.byte	32
 220 00c0 C6       		.byte	-58
 221 00c1 08       		.byte	8
 222 00c2 DE       		.byte	-34
 223 00c3 02       		.byte	2
 224 00c4 E6       		.byte	-26
 225 00c5 08       		.byte	8
 226 00c6 EC       		.byte	-20
 227 00c7 08       		.byte	8
 228 00c8 00       		.byte	0
ARM GAS  C:\Users\Schuyler\AppData\Local\Temp\ccHjLRET.s 			page 5


 229 00c9 02       		.byte	2
 230 00ca 10       		.byte	16
 231 00cb 02       		.byte	2
 232 00cc 40       		.byte	64
 233 00cd 00       		.byte	0
 234 00ce 00       		.byte	0
 235 00cf 40       		.byte	64
 236 00d0 40       		.byte	64
 237 00d1 00       		.byte	0
 238 00d2 00       		.byte	0
 239 00d3 00       		.byte	0
 240 00d4 00       		.byte	0
 241 00d5 00       		.byte	0
 242 00d6 00       		.byte	0
 243 00d7 00       		.byte	0
 244 00d8 C0       		.byte	-64
 245 00d9 00       		.byte	0
 246 00da 00       		.byte	0
 247 00db CB       		.byte	-53
 248 00dc CB       		.byte	-53
 249 00dd 00       		.byte	0
 250 00de 00       		.byte	0
 251 00df 00       		.byte	0
 252 00e0 20       		.byte	32
 253 00e1 00       		.byte	0
 254 00e2 00       		.byte	0
 255 00e3 00       		.byte	0
 256 00e4 00       		.byte	0
 257 00e5 7F       		.byte	127
 258 00e6 7F       		.byte	127
 259 00e7 00       		.byte	0
 260 00e8 00       		.byte	0
 261 00e9 00       		.byte	0
 262 00ea 00       		.byte	0
 263 00eb 00       		.byte	0
 264 00ec 23       		.byte	35
 265 00ed 14       		.byte	20
 266 00ee 14       		.byte	20
 267 00ef 00       		.byte	0
 268 00f0 10       		.byte	16
 269 00f1 00       		.byte	0
 270 00f2 00       		.byte	0
 271 00f3 00       		.byte	0
 272 00f4 E0       		.byte	-32
 273 00f5 00       		.byte	0
 274 00f6 00       		.byte	0
 275 00f7 E0       		.byte	-32
 276 00f8 E0       		.byte	-32
 277 00f9 00       		.byte	0
 278 00fa 00       		.byte	0
 279 00fb 00       		.byte	0
 280 00fc 00       		.byte	0
 281 00fd 00       		.byte	0
 282 00fe 00       		.byte	0
 283 00ff 00       		.byte	0
 284 0100 00       		.byte	0
 285 0101 01       		.byte	1
ARM GAS  C:\Users\Schuyler\AppData\Local\Temp\ccHjLRET.s 			page 6


 286 0102 01       		.byte	1
 287 0103 00       		.byte	0
 288 0104 00       		.byte	0
 289 0105 00       		.byte	0
 290 0106 00       		.byte	0
 291 0107 00       		.byte	0
 292              		.section	.cywolatch,"a",%progbits
 293              		.align	2
 294              		.type	cy_meta_wonvl, %object
 295              		.size	cy_meta_wonvl, 4
 296              	cy_meta_wonvl:
 297 0000 BC       		.byte	-68
 298 0001 90       		.byte	-112
 299 0002 AC       		.byte	-84
 300 0003 AF       		.byte	-81
 301              		.section	.cycustnvl,"a",%progbits
 302              		.align	2
 303              		.type	cy_meta_custnvl, %object
 304              		.size	cy_meta_custnvl, 4
 305              	cy_meta_custnvl:
 306 0000 00       		.byte	0
 307 0001 00       		.byte	0
 308 0002 40       		.byte	64
 309 0003 05       		.byte	5
 310              		.section	.cymeta,"a",%progbits
 311              		.align	2
 312              		.type	cy_metadata, %object
 313              		.size	cy_metadata, 12
 314              	cy_metadata:
 315 0000 00       		.byte	0
 316 0001 01       		.byte	1
 317 0002 2E       		.byte	46
 318 0003 12       		.byte	18
 319 0004 30       		.byte	48
 320 0005 69       		.byte	105
 321 0006 00       		.byte	0
 322 0007 01       		.byte	1
 323 0008 00       		.byte	0
 324 0009 00       		.byte	0
 325 000a 00       		.byte	0
 326 000b 00       		.byte	0
 327              		.section	.cyflashprotect,"a",%progbits
 328              		.align	2
 329              		.type	cy_meta_flashprotect, %object
 330              		.size	cy_meta_flashprotect, 256
 331              	cy_meta_flashprotect:
 332 0000 00000000 		.space	256
 332      00000000 
 332      00000000 
 332      00000000 
 332      00000000 
 333              		.text
 334              	.Letext0:
 335              		.file 1 "Generated_Source\\PSoC5\\cymetadata.c"
 336              		.file 2 "Generated_Source\\PSoC5\\cytypes.h"
 337              		.section	.debug_info,"",%progbits
 338              	.Ldebug_info0:
ARM GAS  C:\Users\Schuyler\AppData\Local\Temp\ccHjLRET.s 			page 7


 339 0000 37010000 		.4byte	0x137
 340 0004 0400     		.2byte	0x4
 341 0006 00000000 		.4byte	.Ldebug_abbrev0
 342 000a 04       		.byte	0x4
 343 000b 01       		.uleb128 0x1
 344 000c B5000000 		.4byte	.LASF18
 345 0010 01       		.byte	0x1
 346 0011 CB010000 		.4byte	.LASF19
 347 0015 12000000 		.4byte	.LASF20
 348 0019 00000000 		.4byte	.Ldebug_line0
 349 001d 02       		.uleb128 0x2
 350 001e 01       		.byte	0x1
 351 001f 06       		.byte	0x6
 352 0020 BF010000 		.4byte	.LASF0
 353 0024 02       		.uleb128 0x2
 354 0025 01       		.byte	0x1
 355 0026 08       		.byte	0x8
 356 0027 59000000 		.4byte	.LASF1
 357 002b 02       		.uleb128 0x2
 358 002c 02       		.byte	0x2
 359 002d 05       		.byte	0x5
 360 002e A6010000 		.4byte	.LASF2
 361 0032 02       		.uleb128 0x2
 362 0033 02       		.byte	0x2
 363 0034 07       		.byte	0x7
 364 0035 79000000 		.4byte	.LASF3
 365 0039 02       		.uleb128 0x2
 366 003a 04       		.byte	0x4
 367 003b 05       		.byte	0x5
 368 003c B6010000 		.4byte	.LASF4
 369 0040 02       		.uleb128 0x2
 370 0041 04       		.byte	0x4
 371 0042 07       		.byte	0x7
 372 0043 67000000 		.4byte	.LASF5
 373 0047 02       		.uleb128 0x2
 374 0048 08       		.byte	0x8
 375 0049 05       		.byte	0x5
 376 004a 93010000 		.4byte	.LASF6
 377 004e 02       		.uleb128 0x2
 378 004f 08       		.byte	0x8
 379 0050 07       		.byte	0x7
 380 0051 50010000 		.4byte	.LASF7
 381 0055 03       		.uleb128 0x3
 382 0056 04       		.byte	0x4
 383 0057 05       		.byte	0x5
 384 0058 696E7400 		.ascii	"int\000"
 385 005c 02       		.uleb128 0x2
 386 005d 04       		.byte	0x4
 387 005e 07       		.byte	0x7
 388 005f 43010000 		.4byte	.LASF8
 389 0063 04       		.uleb128 0x4
 390 0064 B0010000 		.4byte	.LASF21
 391 0068 02       		.byte	0x2
 392 0069 3801     		.2byte	0x138
 393 006b 24000000 		.4byte	0x24
 394 006f 02       		.uleb128 0x2
 395 0070 04       		.byte	0x4
ARM GAS  C:\Users\Schuyler\AppData\Local\Temp\ccHjLRET.s 			page 8


 396 0071 04       		.byte	0x4
 397 0072 0C000000 		.4byte	.LASF9
 398 0076 02       		.uleb128 0x2
 399 0077 08       		.byte	0x8
 400 0078 04       		.byte	0x4
 401 0079 8C000000 		.4byte	.LASF10
 402 007d 02       		.uleb128 0x2
 403 007e 01       		.byte	0x1
 404 007f 08       		.byte	0x8
 405 0080 A1010000 		.4byte	.LASF11
 406 0084 05       		.uleb128 0x5
 407 0085 63000000 		.4byte	0x63
 408 0089 95000000 		.4byte	0x95
 409 008d 06       		.uleb128 0x6
 410 008e 95000000 		.4byte	0x95
 411 0092 0701     		.2byte	0x107
 412 0094 00       		.byte	0
 413 0095 02       		.uleb128 0x2
 414 0096 04       		.byte	0x4
 415 0097 07       		.byte	0x7
 416 0098 8A010000 		.4byte	.LASF12
 417 009c 07       		.uleb128 0x7
 418 009d A3000000 		.4byte	.LASF13
 419 00a1 01       		.byte	0x1
 420 00a2 1F       		.byte	0x1f
 421 00a3 AD000000 		.4byte	0xad
 422 00a7 05       		.uleb128 0x5
 423 00a8 03       		.byte	0x3
 424 00a9 00000000 		.4byte	cy_meta_configecc
 425 00ad 08       		.uleb128 0x8
 426 00ae 84000000 		.4byte	0x84
 427 00b2 05       		.uleb128 0x5
 428 00b3 63000000 		.4byte	0x63
 429 00b7 C2000000 		.4byte	0xc2
 430 00bb 09       		.uleb128 0x9
 431 00bc 95000000 		.4byte	0x95
 432 00c0 03       		.byte	0x3
 433 00c1 00       		.byte	0
 434 00c2 07       		.uleb128 0x7
 435 00c3 93000000 		.4byte	.LASF14
 436 00c7 01       		.byte	0x1
 437 00c8 4D       		.byte	0x4d
 438 00c9 D3000000 		.4byte	0xd3
 439 00cd 05       		.uleb128 0x5
 440 00ce 03       		.byte	0x3
 441 00cf 00000000 		.4byte	cy_meta_custnvl
 442 00d3 08       		.uleb128 0x8
 443 00d4 B2000000 		.4byte	0xb2
 444 00d8 07       		.uleb128 0x7
 445 00d9 7C010000 		.4byte	.LASF15
 446 00dd 01       		.byte	0x1
 447 00de 5B       		.byte	0x5b
 448 00df E9000000 		.4byte	0xe9
 449 00e3 05       		.uleb128 0x5
 450 00e4 03       		.byte	0x3
 451 00e5 00000000 		.4byte	cy_meta_wonvl
 452 00e9 08       		.uleb128 0x8
ARM GAS  C:\Users\Schuyler\AppData\Local\Temp\ccHjLRET.s 			page 9


 453 00ea B2000000 		.4byte	0xb2
 454 00ee 05       		.uleb128 0x5
 455 00ef 63000000 		.4byte	0x63
 456 00f3 FE000000 		.4byte	0xfe
 457 00f7 09       		.uleb128 0x9
 458 00f8 95000000 		.4byte	0x95
 459 00fc FF       		.byte	0xff
 460 00fd 00       		.byte	0
 461 00fe 07       		.uleb128 0x7
 462 00ff 67010000 		.4byte	.LASF16
 463 0103 01       		.byte	0x1
 464 0104 69       		.byte	0x69
 465 0105 0F010000 		.4byte	0x10f
 466 0109 05       		.uleb128 0x5
 467 010a 03       		.byte	0x3
 468 010b 00000000 		.4byte	cy_meta_flashprotect
 469 010f 08       		.uleb128 0x8
 470 0110 EE000000 		.4byte	0xee
 471 0114 05       		.uleb128 0x5
 472 0115 63000000 		.4byte	0x63
 473 0119 24010000 		.4byte	0x124
 474 011d 09       		.uleb128 0x9
 475 011e 95000000 		.4byte	0x95
 476 0122 0B       		.byte	0xb
 477 0123 00       		.byte	0
 478 0124 07       		.uleb128 0x7
 479 0125 00000000 		.4byte	.LASF17
 480 0129 01       		.byte	0x1
 481 012a 96       		.byte	0x96
 482 012b 35010000 		.4byte	0x135
 483 012f 05       		.uleb128 0x5
 484 0130 03       		.byte	0x3
 485 0131 00000000 		.4byte	cy_metadata
 486 0135 08       		.uleb128 0x8
 487 0136 14010000 		.4byte	0x114
 488 013a 00       		.byte	0
 489              		.section	.debug_abbrev,"",%progbits
 490              	.Ldebug_abbrev0:
 491 0000 01       		.uleb128 0x1
 492 0001 11       		.uleb128 0x11
 493 0002 01       		.byte	0x1
 494 0003 25       		.uleb128 0x25
 495 0004 0E       		.uleb128 0xe
 496 0005 13       		.uleb128 0x13
 497 0006 0B       		.uleb128 0xb
 498 0007 03       		.uleb128 0x3
 499 0008 0E       		.uleb128 0xe
 500 0009 1B       		.uleb128 0x1b
 501 000a 0E       		.uleb128 0xe
 502 000b 10       		.uleb128 0x10
 503 000c 17       		.uleb128 0x17
 504 000d 00       		.byte	0
 505 000e 00       		.byte	0
 506 000f 02       		.uleb128 0x2
 507 0010 24       		.uleb128 0x24
 508 0011 00       		.byte	0
 509 0012 0B       		.uleb128 0xb
ARM GAS  C:\Users\Schuyler\AppData\Local\Temp\ccHjLRET.s 			page 10


 510 0013 0B       		.uleb128 0xb
 511 0014 3E       		.uleb128 0x3e
 512 0015 0B       		.uleb128 0xb
 513 0016 03       		.uleb128 0x3
 514 0017 0E       		.uleb128 0xe
 515 0018 00       		.byte	0
 516 0019 00       		.byte	0
 517 001a 03       		.uleb128 0x3
 518 001b 24       		.uleb128 0x24
 519 001c 00       		.byte	0
 520 001d 0B       		.uleb128 0xb
 521 001e 0B       		.uleb128 0xb
 522 001f 3E       		.uleb128 0x3e
 523 0020 0B       		.uleb128 0xb
 524 0021 03       		.uleb128 0x3
 525 0022 08       		.uleb128 0x8
 526 0023 00       		.byte	0
 527 0024 00       		.byte	0
 528 0025 04       		.uleb128 0x4
 529 0026 16       		.uleb128 0x16
 530 0027 00       		.byte	0
 531 0028 03       		.uleb128 0x3
 532 0029 0E       		.uleb128 0xe
 533 002a 3A       		.uleb128 0x3a
 534 002b 0B       		.uleb128 0xb
 535 002c 3B       		.uleb128 0x3b
 536 002d 05       		.uleb128 0x5
 537 002e 49       		.uleb128 0x49
 538 002f 13       		.uleb128 0x13
 539 0030 00       		.byte	0
 540 0031 00       		.byte	0
 541 0032 05       		.uleb128 0x5
 542 0033 01       		.uleb128 0x1
 543 0034 01       		.byte	0x1
 544 0035 49       		.uleb128 0x49
 545 0036 13       		.uleb128 0x13
 546 0037 01       		.uleb128 0x1
 547 0038 13       		.uleb128 0x13
 548 0039 00       		.byte	0
 549 003a 00       		.byte	0
 550 003b 06       		.uleb128 0x6
 551 003c 21       		.uleb128 0x21
 552 003d 00       		.byte	0
 553 003e 49       		.uleb128 0x49
 554 003f 13       		.uleb128 0x13
 555 0040 2F       		.uleb128 0x2f
 556 0041 05       		.uleb128 0x5
 557 0042 00       		.byte	0
 558 0043 00       		.byte	0
 559 0044 07       		.uleb128 0x7
 560 0045 34       		.uleb128 0x34
 561 0046 00       		.byte	0
 562 0047 03       		.uleb128 0x3
 563 0048 0E       		.uleb128 0xe
 564 0049 3A       		.uleb128 0x3a
 565 004a 0B       		.uleb128 0xb
 566 004b 3B       		.uleb128 0x3b
ARM GAS  C:\Users\Schuyler\AppData\Local\Temp\ccHjLRET.s 			page 11


 567 004c 0B       		.uleb128 0xb
 568 004d 49       		.uleb128 0x49
 569 004e 13       		.uleb128 0x13
 570 004f 3F       		.uleb128 0x3f
 571 0050 19       		.uleb128 0x19
 572 0051 02       		.uleb128 0x2
 573 0052 18       		.uleb128 0x18
 574 0053 00       		.byte	0
 575 0054 00       		.byte	0
 576 0055 08       		.uleb128 0x8
 577 0056 26       		.uleb128 0x26
 578 0057 00       		.byte	0
 579 0058 49       		.uleb128 0x49
 580 0059 13       		.uleb128 0x13
 581 005a 00       		.byte	0
 582 005b 00       		.byte	0
 583 005c 09       		.uleb128 0x9
 584 005d 21       		.uleb128 0x21
 585 005e 00       		.byte	0
 586 005f 49       		.uleb128 0x49
 587 0060 13       		.uleb128 0x13
 588 0061 2F       		.uleb128 0x2f
 589 0062 0B       		.uleb128 0xb
 590 0063 00       		.byte	0
 591 0064 00       		.byte	0
 592 0065 00       		.byte	0
 593              		.section	.debug_aranges,"",%progbits
 594 0000 14000000 		.4byte	0x14
 595 0004 0200     		.2byte	0x2
 596 0006 00000000 		.4byte	.Ldebug_info0
 597 000a 04       		.byte	0x4
 598 000b 00       		.byte	0
 599 000c 0000     		.2byte	0
 600 000e 0000     		.2byte	0
 601 0010 00000000 		.4byte	0
 602 0014 00000000 		.4byte	0
 603              		.section	.debug_line,"",%progbits
 604              	.Ldebug_line0:
 605 0000 4D000000 		.section	.debug_str,"MS",%progbits,1
 605      02004700 
 605      00000201 
 605      FB0E0D00 
 605      01010101 
 606              	.LASF17:
 607 0000 63795F6D 		.ascii	"cy_metadata\000"
 607      65746164 
 607      61746100 
 608              	.LASF9:
 609 000c 666C6F61 		.ascii	"float\000"
 609      7400
 610              	.LASF20:
 611 0012 433A5C55 		.ascii	"C:\\Users\\Schuyler\\Documents\\PSoC Creator\\FE3-D"
 611      73657273 
 611      5C536368 
 611      75796C65 
 611      725C446F 
 612 0040 61736862 		.ascii	"ashboard\\Dashboard.cydsn\000"
ARM GAS  C:\Users\Schuyler\AppData\Local\Temp\ccHjLRET.s 			page 12


 612      6F617264 
 612      5C446173 
 612      68626F61 
 612      72642E63 
 613              	.LASF1:
 614 0059 756E7369 		.ascii	"unsigned char\000"
 614      676E6564 
 614      20636861 
 614      7200
 615              	.LASF5:
 616 0067 6C6F6E67 		.ascii	"long unsigned int\000"
 616      20756E73 
 616      69676E65 
 616      6420696E 
 616      7400
 617              	.LASF3:
 618 0079 73686F72 		.ascii	"short unsigned int\000"
 618      7420756E 
 618      7369676E 
 618      65642069 
 618      6E7400
 619              	.LASF10:
 620 008c 646F7562 		.ascii	"double\000"
 620      6C6500
 621              	.LASF14:
 622 0093 63795F6D 		.ascii	"cy_meta_custnvl\000"
 622      6574615F 
 622      63757374 
 622      6E766C00 
 623              	.LASF13:
 624 00a3 63795F6D 		.ascii	"cy_meta_configecc\000"
 624      6574615F 
 624      636F6E66 
 624      69676563 
 624      6300
 625              	.LASF18:
 626 00b5 474E5520 		.ascii	"GNU C 4.9.3 20150303 (release) [ARM/embedded-4_9-br"
 626      4320342E 
 626      392E3320 
 626      32303135 
 626      30333033 
 627 00e8 616E6368 		.ascii	"anch revision 221220] -mcpu=cortex-m3 -mthumb -g -O"
 627      20726576 
 627      6973696F 
 627      6E203232 
 627      31323230 
 628 011b 67202D66 		.ascii	"g -ffunction-sections -ffat-lto-objects\000"
 628      66756E63 
 628      74696F6E 
 628      2D736563 
 628      74696F6E 
 629              	.LASF8:
 630 0143 756E7369 		.ascii	"unsigned int\000"
 630      676E6564 
 630      20696E74 
 630      00
 631              	.LASF7:
ARM GAS  C:\Users\Schuyler\AppData\Local\Temp\ccHjLRET.s 			page 13


 632 0150 6C6F6E67 		.ascii	"long long unsigned int\000"
 632      206C6F6E 
 632      6720756E 
 632      7369676E 
 632      65642069 
 633              	.LASF16:
 634 0167 63795F6D 		.ascii	"cy_meta_flashprotect\000"
 634      6574615F 
 634      666C6173 
 634      6870726F 
 634      74656374 
 635              	.LASF15:
 636 017c 63795F6D 		.ascii	"cy_meta_wonvl\000"
 636      6574615F 
 636      776F6E76 
 636      6C00
 637              	.LASF12:
 638 018a 73697A65 		.ascii	"sizetype\000"
 638      74797065 
 638      00
 639              	.LASF6:
 640 0193 6C6F6E67 		.ascii	"long long int\000"
 640      206C6F6E 
 640      6720696E 
 640      7400
 641              	.LASF11:
 642 01a1 63686172 		.ascii	"char\000"
 642      00
 643              	.LASF2:
 644 01a6 73686F72 		.ascii	"short int\000"
 644      7420696E 
 644      7400
 645              	.LASF21:
 646 01b0 75696E74 		.ascii	"uint8\000"
 646      3800
 647              	.LASF4:
 648 01b6 6C6F6E67 		.ascii	"long int\000"
 648      20696E74 
 648      00
 649              	.LASF0:
 650 01bf 7369676E 		.ascii	"signed char\000"
 650      65642063 
 650      68617200 
 651              	.LASF19:
 652 01cb 47656E65 		.ascii	"Generated_Source\\PSoC5\\cymetadata.c\000"
 652      72617465 
 652      645F536F 
 652      75726365 
 652      5C50536F 
 653              		.ident	"GCC: (GNU Tools for ARM Embedded Processors) 4.9.3 20150303 (release) [ARM/embedded-4_9-br
