ARM GAS  C:\Users\Evan\AppData\Local\Temp\ccaRi6L2.s 			page 1


   1              		.syntax unified
   2              		.cpu cortex-m3
   3              		.fpu softvfp
   4              		.eabi_attribute 20, 1
   5              		.eabi_attribute 21, 1
   6              		.eabi_attribute 23, 3
   7              		.eabi_attribute 24, 1
   8              		.eabi_attribute 25, 1
   9              		.eabi_attribute 26, 1
  10              		.eabi_attribute 30, 1
  11              		.eabi_attribute 34, 1
  12              		.eabi_attribute 18, 4
  13              		.thumb
  14              		.syntax unified
  15              		.file	"can_manga.c"
  16              		.text
  17              	.Ltext0:
  18              		.cfi_sections	.debug_frame
  19              		.section	.text.getCapacitorVoltage,"ax",%progbits
  20              		.align	2
  21              		.global	getCapacitorVoltage
  22              		.thumb
  23              		.thumb_func
  24              		.type	getCapacitorVoltage, %function
  25              	getCapacitorVoltage:
  26              	.LFB63:
  27              		.file 1 "can_manga.c"
   1:can_manga.c   **** /* ========================================
   2:can_manga.c   ****  * Can API for FRUCD
   3:can_manga.c   ****  * Schuyler Alschuler 2016 - 2017
   4:can_manga.c   ****  * ========================================
   5:can_manga.c   **** */
   6:can_manga.c   **** 
   7:can_manga.c   **** #include "CAN.h"
   8:can_manga.c   **** #include "can_manga.h"
   9:can_manga.c   **** 
  10:can_manga.c   **** extern volatile uint32_t pedalOK;
  11:can_manga.c   **** 
  12:can_manga.c   **** volatile uint8_t CAPACITOR_VOLT = 0;
  13:can_manga.c   **** volatile uint8_t CURTIS_FAULT_CHECK = 0;
  14:can_manga.c   **** volatile uint8_t CURTIS_HEART_BEAT_CHECK = 0;
  15:can_manga.c   **** volatile uint8_t ACK_RX = 0;
  16:can_manga.c   **** volatile uint8_t ERROR_TOLERANCE = 0;
  17:can_manga.c   **** volatile uint8_t ABS_MOTOR_RPM = 0;
  18:can_manga.c   **** volatile uint8_t THROTTLE_HIGH = 0;
  19:can_manga.c   **** volatile uint8_t THROTTLE_LOW = 0;
  20:can_manga.c   **** 
  21:can_manga.c   **** uint8_t getCapacitorVoltage()
  22:can_manga.c   **** {
  28              		.loc 1 22 0
  29              		.cfi_startproc
  30              		@ args = 0, pretend = 0, frame = 0
  31              		@ frame_needed = 0, uses_anonymous_args = 0
  32              		@ link register save eliminated.
  23:can_manga.c   ****     return CAPACITOR_VOLT;
  33              		.loc 1 23 0
  34 0000 014B     		ldr	r3, .L2
ARM GAS  C:\Users\Evan\AppData\Local\Temp\ccaRi6L2.s 			page 2


  35 0002 1878     		ldrb	r0, [r3]	@ zero_extendqisi2
  24:can_manga.c   **** }
  36              		.loc 1 24 0
  37 0004 7047     		bx	lr
  38              	.L3:
  39 0006 00BF     		.align	2
  40              	.L2:
  41 0008 00000000 		.word	.LANCHOR0
  42              		.cfi_endproc
  43              	.LFE63:
  44              		.size	getCapacitorVoltage, .-getCapacitorVoltage
  45              		.section	.text.getCurtisFaultCheck,"ax",%progbits
  46              		.align	2
  47              		.global	getCurtisFaultCheck
  48              		.thumb
  49              		.thumb_func
  50              		.type	getCurtisFaultCheck, %function
  51              	getCurtisFaultCheck:
  52              	.LFB64:
  25:can_manga.c   **** 
  26:can_manga.c   **** uint8_t getCurtisFaultCheck()
  27:can_manga.c   **** {
  53              		.loc 1 27 0
  54              		.cfi_startproc
  55              		@ args = 0, pretend = 0, frame = 0
  56              		@ frame_needed = 0, uses_anonymous_args = 0
  57              		@ link register save eliminated.
  28:can_manga.c   ****     return CURTIS_FAULT_CHECK;
  58              		.loc 1 28 0
  59 0000 014B     		ldr	r3, .L5
  60 0002 5878     		ldrb	r0, [r3, #1]	@ zero_extendqisi2
  29:can_manga.c   **** }
  61              		.loc 1 29 0
  62 0004 7047     		bx	lr
  63              	.L6:
  64 0006 00BF     		.align	2
  65              	.L5:
  66 0008 00000000 		.word	.LANCHOR0
  67              		.cfi_endproc
  68              	.LFE64:
  69              		.size	getCurtisFaultCheck, .-getCurtisFaultCheck
  70              		.section	.text.getCurtisHeartBeatCheck,"ax",%progbits
  71              		.align	2
  72              		.global	getCurtisHeartBeatCheck
  73              		.thumb
  74              		.thumb_func
  75              		.type	getCurtisHeartBeatCheck, %function
  76              	getCurtisHeartBeatCheck:
  77              	.LFB65:
  30:can_manga.c   **** 
  31:can_manga.c   **** uint8_t getCurtisHeartBeatCheck()
  32:can_manga.c   **** {
  78              		.loc 1 32 0
  79              		.cfi_startproc
  80              		@ args = 0, pretend = 0, frame = 0
  81              		@ frame_needed = 0, uses_anonymous_args = 0
  82              		@ link register save eliminated.
ARM GAS  C:\Users\Evan\AppData\Local\Temp\ccaRi6L2.s 			page 3


  33:can_manga.c   ****     return CURTIS_HEART_BEAT_CHECK;
  83              		.loc 1 33 0
  84 0000 014B     		ldr	r3, .L8
  85 0002 9878     		ldrb	r0, [r3, #2]	@ zero_extendqisi2
  34:can_manga.c   **** }
  86              		.loc 1 34 0
  87 0004 7047     		bx	lr
  88              	.L9:
  89 0006 00BF     		.align	2
  90              	.L8:
  91 0008 00000000 		.word	.LANCHOR0
  92              		.cfi_endproc
  93              	.LFE65:
  94              		.size	getCurtisHeartBeatCheck, .-getCurtisHeartBeatCheck
  95              		.section	.text.getAckRx,"ax",%progbits
  96              		.align	2
  97              		.global	getAckRx
  98              		.thumb
  99              		.thumb_func
 100              		.type	getAckRx, %function
 101              	getAckRx:
 102              	.LFB66:
  35:can_manga.c   **** 
  36:can_manga.c   **** uint8_t getAckRx()
  37:can_manga.c   **** {
 103              		.loc 1 37 0
 104              		.cfi_startproc
 105              		@ args = 0, pretend = 0, frame = 0
 106              		@ frame_needed = 0, uses_anonymous_args = 0
 107              		@ link register save eliminated.
  38:can_manga.c   ****     return ACK_RX;
 108              		.loc 1 38 0
 109 0000 014B     		ldr	r3, .L11
 110 0002 D878     		ldrb	r0, [r3, #3]	@ zero_extendqisi2
  39:can_manga.c   **** }
 111              		.loc 1 39 0
 112 0004 7047     		bx	lr
 113              	.L12:
 114 0006 00BF     		.align	2
 115              	.L11:
 116 0008 00000000 		.word	.LANCHOR0
 117              		.cfi_endproc
 118              	.LFE66:
 119              		.size	getAckRx, .-getAckRx
 120              		.section	.text.getErrorTolerance,"ax",%progbits
 121              		.align	2
 122              		.global	getErrorTolerance
 123              		.thumb
 124              		.thumb_func
 125              		.type	getErrorTolerance, %function
 126              	getErrorTolerance:
 127              	.LFB67:
  40:can_manga.c   **** 
  41:can_manga.c   **** uint8_t getErrorTolerance()
  42:can_manga.c   **** {
 128              		.loc 1 42 0
 129              		.cfi_startproc
ARM GAS  C:\Users\Evan\AppData\Local\Temp\ccaRi6L2.s 			page 4


 130              		@ args = 0, pretend = 0, frame = 0
 131              		@ frame_needed = 0, uses_anonymous_args = 0
 132              		@ link register save eliminated.
  43:can_manga.c   ****     return ERROR_TOLERANCE;
 133              		.loc 1 43 0
 134 0000 014B     		ldr	r3, .L14
 135 0002 1879     		ldrb	r0, [r3, #4]	@ zero_extendqisi2
  44:can_manga.c   **** }
 136              		.loc 1 44 0
 137 0004 7047     		bx	lr
 138              	.L15:
 139 0006 00BF     		.align	2
 140              	.L14:
 141 0008 00000000 		.word	.LANCHOR0
 142              		.cfi_endproc
 143              	.LFE67:
 144              		.size	getErrorTolerance, .-getErrorTolerance
 145              		.section	.text.getABSMotorRPM,"ax",%progbits
 146              		.align	2
 147              		.global	getABSMotorRPM
 148              		.thumb
 149              		.thumb_func
 150              		.type	getABSMotorRPM, %function
 151              	getABSMotorRPM:
 152              	.LFB68:
  45:can_manga.c   **** 
  46:can_manga.c   **** uint8_t getABSMotorRPM()
  47:can_manga.c   **** {
 153              		.loc 1 47 0
 154              		.cfi_startproc
 155              		@ args = 0, pretend = 0, frame = 0
 156              		@ frame_needed = 0, uses_anonymous_args = 0
 157              		@ link register save eliminated.
  48:can_manga.c   ****     return ABS_MOTOR_RPM;
 158              		.loc 1 48 0
 159 0000 014B     		ldr	r3, .L17
 160 0002 5879     		ldrb	r0, [r3, #5]	@ zero_extendqisi2
  49:can_manga.c   **** }
 161              		.loc 1 49 0
 162 0004 7047     		bx	lr
 163              	.L18:
 164 0006 00BF     		.align	2
 165              	.L17:
 166 0008 00000000 		.word	.LANCHOR0
 167              		.cfi_endproc
 168              	.LFE68:
 169              		.size	getABSMotorRPM, .-getABSMotorRPM
 170              		.section	.text.getPedalLow,"ax",%progbits
 171              		.align	2
 172              		.global	getPedalLow
 173              		.thumb
 174              		.thumb_func
 175              		.type	getPedalLow, %function
 176              	getPedalLow:
 177              	.LFB69:
  50:can_manga.c   **** 
  51:can_manga.c   **** uint8_t getPedalLow()
ARM GAS  C:\Users\Evan\AppData\Local\Temp\ccaRi6L2.s 			page 5


  52:can_manga.c   **** {
 178              		.loc 1 52 0
 179              		.cfi_startproc
 180              		@ args = 0, pretend = 0, frame = 0
 181              		@ frame_needed = 0, uses_anonymous_args = 0
 182              		@ link register save eliminated.
  53:can_manga.c   ****     return THROTTLE_LOW;
 183              		.loc 1 53 0
 184 0000 014B     		ldr	r3, .L20
 185 0002 9879     		ldrb	r0, [r3, #6]	@ zero_extendqisi2
  54:can_manga.c   **** }
 186              		.loc 1 54 0
 187 0004 7047     		bx	lr
 188              	.L21:
 189 0006 00BF     		.align	2
 190              	.L20:
 191 0008 00000000 		.word	.LANCHOR0
 192              		.cfi_endproc
 193              	.LFE69:
 194              		.size	getPedalLow, .-getPedalLow
 195              		.section	.text.getPedalHigh,"ax",%progbits
 196              		.align	2
 197              		.global	getPedalHigh
 198              		.thumb
 199              		.thumb_func
 200              		.type	getPedalHigh, %function
 201              	getPedalHigh:
 202              	.LFB70:
  55:can_manga.c   **** 
  56:can_manga.c   **** uint8_t getPedalHigh()
  57:can_manga.c   **** {
 203              		.loc 1 57 0
 204              		.cfi_startproc
 205              		@ args = 0, pretend = 0, frame = 0
 206              		@ frame_needed = 0, uses_anonymous_args = 0
 207              		@ link register save eliminated.
  58:can_manga.c   ****     return THROTTLE_HIGH;
 208              		.loc 1 58 0
 209 0000 014B     		ldr	r3, .L23
 210 0002 D879     		ldrb	r0, [r3, #7]	@ zero_extendqisi2
  59:can_manga.c   **** }
 211              		.loc 1 59 0
 212 0004 7047     		bx	lr
 213              	.L24:
 214 0006 00BF     		.align	2
 215              	.L23:
 216 0008 00000000 		.word	.LANCHOR0
 217              		.cfi_endproc
 218              	.LFE70:
 219              		.size	getPedalHigh, .-getPedalHigh
 220              		.section	.text.can_receive,"ax",%progbits
 221              		.align	2
 222              		.global	can_receive
 223              		.thumb
 224              		.thumb_func
 225              		.type	can_receive, %function
 226              	can_receive:
ARM GAS  C:\Users\Evan\AppData\Local\Temp\ccaRi6L2.s 			page 6


 227              	.LFB71:
  60:can_manga.c   **** 
  61:can_manga.c   **** 
  62:can_manga.c   **** void can_receive(uint8_t *msg, int ID)
  63:can_manga.c   **** {
 228              		.loc 1 63 0
 229              		.cfi_startproc
 230              		@ args = 0, pretend = 0, frame = 8
 231              		@ frame_needed = 0, uses_anonymous_args = 0
 232              	.LVL0:
 233 0000 30B5     		push	{r4, r5, lr}
 234              		.cfi_def_cfa_offset 12
 235              		.cfi_offset 4, -12
 236              		.cfi_offset 5, -8
 237              		.cfi_offset 14, -4
 238 0002 83B0     		sub	sp, sp, #12
 239              		.cfi_def_cfa_offset 24
 240 0004 0446     		mov	r4, r0
 241 0006 0D46     		mov	r5, r1
  64:can_manga.c   ****     uint8 InterruptState = CyEnterCriticalSection();
 242              		.loc 1 64 0
 243 0008 FFF7FEFF 		bl	CyEnterCriticalSection
 244              	.LVL1:
  65:can_manga.c   ****     
  66:can_manga.c   ****     
  67:can_manga.c   ****     uint8_t data[8];
  68:can_manga.c   ****     int i = 0;
  69:can_manga.c   ****     for (i = 0; i < 8; i++)
 245              		.loc 1 69 0
 246 000c 0023     		movs	r3, #0
 247 000e 05E0     		b	.L26
 248              	.LVL2:
 249              	.L27:
  70:can_manga.c   ****         data[i] = msg[i];
 250              		.loc 1 70 0 discriminator 3
 251 0010 E15C     		ldrb	r1, [r4, r3]	@ zero_extendqisi2
 252 0012 02AA     		add	r2, sp, #8
 253 0014 1A44     		add	r2, r2, r3
 254 0016 02F8081C 		strb	r1, [r2, #-8]
  69:can_manga.c   ****         data[i] = msg[i];
 255              		.loc 1 69 0 discriminator 3
 256 001a 0133     		adds	r3, r3, #1
 257              	.LVL3:
 258              	.L26:
  69:can_manga.c   ****         data[i] = msg[i];
 259              		.loc 1 69 0 is_stmt 0 discriminator 1
 260 001c 072B     		cmp	r3, #7
 261 001e F7DD     		ble	.L27
  71:can_manga.c   ****         
  72:can_manga.c   ****     switch (ID) 
 262              		.loc 1 72 0 is_stmt 1
 263 0020 40F20123 		movw	r3, #513
 264              	.LVL4:
 265 0024 9D42     		cmp	r5, r3
 266 0026 24D0     		beq	.L29
 267 0028 05DC     		bgt	.L30
 268 002a A62D     		cmp	r5, #166
ARM GAS  C:\Users\Evan\AppData\Local\Temp\ccaRi6L2.s 			page 7


 269 002c 15D0     		beq	.L31
 270 002e B5F5007F 		cmp	r5, #512
 271 0032 22D0     		beq	.L32
 272 0034 2BE0     		b	.L28
 273              	.L30:
 274 0036 40F26663 		movw	r3, #1638
 275 003a 9D42     		cmp	r5, r3
 276 003c 15D0     		beq	.L33
 277 003e 40F22673 		movw	r3, #1830
 278 0042 9D42     		cmp	r5, r3
 279 0044 0DD0     		beq	.L34
 280 0046 40F26653 		movw	r3, #1382
 281 004a 9D42     		cmp	r5, r3
 282 004c 1FD1     		bne	.L28
  73:can_manga.c   ****     {
  74:can_manga.c   ****         case 0x0566: // Curtis Status
  75:can_manga.c   ****             CAPACITOR_VOLT = msg[CAN_DATA_BYTE_1];
 283              		.loc 1 75 0
 284 004e E278     		ldrb	r2, [r4, #3]	@ zero_extendqisi2
 285 0050 114B     		ldr	r3, .L37
 286 0052 1A70     		strb	r2, [r3]
  76:can_manga.c   ****             ABS_MOTOR_RPM = msg[CAN_DATA_BYTE_5];
 287              		.loc 1 76 0
 288 0054 E279     		ldrb	r2, [r4, #7]	@ zero_extendqisi2
 289 0056 5A71     		strb	r2, [r3, #5]
  77:can_manga.c   ****             break;
 290              		.loc 1 77 0
 291 0058 19E0     		b	.L28
 292              	.L31:
  78:can_manga.c   ****         case 0xA6:
  79:can_manga.c   ****             CURTIS_FAULT_CHECK = 0x1;
 293              		.loc 1 79 0
 294 005a 0122     		movs	r2, #1
 295 005c 0E4B     		ldr	r3, .L37
 296 005e 5A70     		strb	r2, [r3, #1]
  80:can_manga.c   ****             break;
 297              		.loc 1 80 0
 298 0060 15E0     		b	.L28
 299              	.L34:
  81:can_manga.c   ****         case 0x726:
  82:can_manga.c   ****             CURTIS_HEART_BEAT_CHECK = 0x1;
 300              		.loc 1 82 0
 301 0062 0122     		movs	r2, #1
 302 0064 0C4B     		ldr	r3, .L37
 303 0066 9A70     		strb	r2, [r3, #2]
  83:can_manga.c   ****             break;
 304              		.loc 1 83 0
 305 0068 11E0     		b	.L28
 306              	.L33:
  84:can_manga.c   ****         case 0x0666:
  85:can_manga.c   ****             ACK_RX = msg[CAN_DATA_BYTE_1];
 307              		.loc 1 85 0
 308 006a E278     		ldrb	r2, [r4, #3]	@ zero_extendqisi2
 309 006c 0A4B     		ldr	r3, .L37
 310 006e DA70     		strb	r2, [r3, #3]
  86:can_manga.c   ****             break;
 311              		.loc 1 86 0
ARM GAS  C:\Users\Evan\AppData\Local\Temp\ccaRi6L2.s 			page 8


 312 0070 0DE0     		b	.L28
 313              	.L29:
  87:can_manga.c   ****          case 0x0201:
  88:can_manga.c   ****             ERROR_TOLERANCE = msg[CAN_DATA_BYTE_1];
 314              		.loc 1 88 0
 315 0072 E278     		ldrb	r2, [r4, #3]	@ zero_extendqisi2
 316 0074 084B     		ldr	r3, .L37
 317 0076 1A71     		strb	r2, [r3, #4]
  89:can_manga.c   ****             break;
 318              		.loc 1 89 0
 319 0078 09E0     		b	.L28
 320              	.L32:
  90:can_manga.c   ****         case 0x0200: 
  91:can_manga.c   ****             pedalOK = 0x0;
 321              		.loc 1 91 0
 322 007a 0022     		movs	r2, #0
 323 007c 074B     		ldr	r3, .L37+4
 324 007e 1A60     		str	r2, [r3]
  92:can_manga.c   ****             THROTTLE_HIGH = data[CAN_DATA_BYTE_2];
 325              		.loc 1 92 0
 326 0080 9DF80220 		ldrb	r2, [sp, #2]	@ zero_extendqisi2
 327 0084 044B     		ldr	r3, .L37
 328 0086 DA71     		strb	r2, [r3, #7]
  93:can_manga.c   ****             THROTTLE_LOW = data[CAN_DATA_BYTE_3];
 329              		.loc 1 93 0
 330 0088 9DF80120 		ldrb	r2, [sp, #1]	@ zero_extendqisi2
 331 008c 9A71     		strb	r2, [r3, #6]
 332              	.L28:
  94:can_manga.c   ****             break;
  95:can_manga.c   ****     }
  96:can_manga.c   ****     
  97:can_manga.c   ****     CyExitCriticalSection(InterruptState);
 333              		.loc 1 97 0
 334 008e FFF7FEFF 		bl	CyExitCriticalSection
 335              	.LVL5:
  98:can_manga.c   **** }
 336              		.loc 1 98 0
 337 0092 03B0     		add	sp, sp, #12
 338              		.cfi_def_cfa_offset 12
 339              		@ sp needed
 340 0094 30BD     		pop	{r4, r5, pc}
 341              	.LVL6:
 342              	.L38:
 343 0096 00BF     		.align	2
 344              	.L37:
 345 0098 00000000 		.word	.LANCHOR0
 346 009c 00000000 		.word	pedalOK
 347              		.cfi_endproc
 348              	.LFE71:
 349              		.size	can_receive, .-can_receive
 350              		.section	.text.can_test_send,"ax",%progbits
 351              		.align	2
 352              		.global	can_test_send
 353              		.thumb
 354              		.thumb_func
 355              		.type	can_test_send, %function
 356              	can_test_send:
ARM GAS  C:\Users\Evan\AppData\Local\Temp\ccaRi6L2.s 			page 9


 357              	.LFB72:
  99:can_manga.c   **** 
 100:can_manga.c   **** void can_test_send()
 101:can_manga.c   **** {
 358              		.loc 1 101 0
 359              		.cfi_startproc
 360              		@ args = 0, pretend = 0, frame = 16
 361              		@ frame_needed = 0, uses_anonymous_args = 0
 362 0000 00B5     		push	{lr}
 363              		.cfi_def_cfa_offset 4
 364              		.cfi_offset 14, -4
 365 0002 85B0     		sub	sp, sp, #20
 366              		.cfi_def_cfa_offset 24
 102:can_manga.c   ****     //CAN_1_DATA_BYTES_MSG msg;
 103:can_manga.c   ****     CAN_TX_MSG HeartB;
 104:can_manga.c   ****     
 105:can_manga.c   ****     HeartB.id = 0x300;
 367              		.loc 1 105 0
 368 0004 4FF44073 		mov	r3, #768
 369 0008 0193     		str	r3, [sp, #4]
 106:can_manga.c   ****     HeartB.rtr = 0;
 370              		.loc 1 106 0
 371 000a 0022     		movs	r2, #0
 372 000c 8DF80820 		strb	r2, [sp, #8]
 107:can_manga.c   ****     HeartB.ide = 0;
 373              		.loc 1 107 0
 374 0010 8DF80920 		strb	r2, [sp, #9]
 108:can_manga.c   ****     HeartB.dlc = 1;
 375              		.loc 1 108 0
 376 0014 0123     		movs	r3, #1
 377 0016 8DF80A30 		strb	r3, [sp, #10]
 109:can_manga.c   ****     
 110:can_manga.c   ****     HeartB.irq = 0;
 378              		.loc 1 110 0
 379 001a 8DF80B20 		strb	r2, [sp, #11]
 111:can_manga.c   ****     
 112:can_manga.c   ****     HeartB.msg->byte[0] = (uint8) 1;
 380              		.loc 1 112 0
 381 001e 039A     		ldr	r2, [sp, #12]
 382 0020 1370     		strb	r3, [r2]
 113:can_manga.c   ****     HeartB.msg->byte[1] = (uint8) 1;
 383              		.loc 1 113 0
 384 0022 039A     		ldr	r2, [sp, #12]
 385 0024 5370     		strb	r3, [r2, #1]
 114:can_manga.c   ****     HeartB.msg->byte[2] = (uint8) 1;
 386              		.loc 1 114 0
 387 0026 039A     		ldr	r2, [sp, #12]
 388 0028 9370     		strb	r3, [r2, #2]
 115:can_manga.c   ****     HeartB.msg->byte[3] = (uint8) 1;
 389              		.loc 1 115 0
 390 002a 039A     		ldr	r2, [sp, #12]
 391 002c D370     		strb	r3, [r2, #3]
 116:can_manga.c   ****     HeartB.msg->byte[4] = (uint8) 1;
 392              		.loc 1 116 0
 393 002e 039A     		ldr	r2, [sp, #12]
 394 0030 1371     		strb	r3, [r2, #4]
 117:can_manga.c   ****     HeartB.msg->byte[5] = (uint8) 1;
ARM GAS  C:\Users\Evan\AppData\Local\Temp\ccaRi6L2.s 			page 10


 395              		.loc 1 117 0
 396 0032 039A     		ldr	r2, [sp, #12]
 397 0034 5371     		strb	r3, [r2, #5]
 118:can_manga.c   ****     HeartB.msg->byte[6] = (uint8) 1;
 398              		.loc 1 118 0
 399 0036 039A     		ldr	r2, [sp, #12]
 400 0038 9371     		strb	r3, [r2, #6]
 119:can_manga.c   ****     HeartB.msg->byte[7] = (uint8) 1;
 401              		.loc 1 119 0
 402 003a 039A     		ldr	r2, [sp, #12]
 403 003c D371     		strb	r3, [r2, #7]
 120:can_manga.c   ****     
 121:can_manga.c   ****     CAN_SendMsg(&HeartB);
 404              		.loc 1 121 0
 405 003e 01A8     		add	r0, sp, #4
 406 0040 FFF7FEFF 		bl	CAN_SendMsg
 407              	.LVL7:
 122:can_manga.c   **** }
 408              		.loc 1 122 0
 409 0044 05B0     		add	sp, sp, #20
 410              		.cfi_def_cfa_offset 4
 411              		@ sp needed
 412 0046 5DF804FB 		ldr	pc, [sp], #4
 413              		.cfi_endproc
 414              	.LFE72:
 415              		.size	can_test_send, .-can_test_send
 416 004a 00BF     		.section	.text.can_send,"ax",%progbits
 417              		.align	2
 418              		.global	can_send
 419              		.thumb
 420              		.thumb_func
 421              		.type	can_send, %function
 422              	can_send:
 423              	.LFB73:
 123:can_manga.c   **** 
 124:can_manga.c   **** void can_send(uint8_t data[8], uint32_t ID)
 125:can_manga.c   **** {
 424              		.loc 1 125 0
 425              		.cfi_startproc
 426              		@ args = 0, pretend = 0, frame = 24
 427              		@ frame_needed = 0, uses_anonymous_args = 0
 428              	.LVL8:
 429 0000 00B5     		push	{lr}
 430              		.cfi_def_cfa_offset 4
 431              		.cfi_offset 14, -4
 432 0002 87B0     		sub	sp, sp, #28
 433              		.cfi_def_cfa_offset 32
 126:can_manga.c   ****     uint8_t i;
 127:can_manga.c   **** 	CAN_TX_MSG message;
 128:can_manga.c   **** 	CAN_DATA_BYTES_MSG payload;
 129:can_manga.c   **** 	message.id = ID; 
 434              		.loc 1 129 0
 435 0004 0391     		str	r1, [sp, #12]
 130:can_manga.c   **** 	message.rtr = 0;
 436              		.loc 1 130 0
 437 0006 0023     		movs	r3, #0
 438 0008 8DF81030 		strb	r3, [sp, #16]
ARM GAS  C:\Users\Evan\AppData\Local\Temp\ccaRi6L2.s 			page 11


 131:can_manga.c   **** 	message.ide = 0;
 439              		.loc 1 131 0
 440 000c 8DF81130 		strb	r3, [sp, #17]
 132:can_manga.c   **** 	message.dlc = 0x08;
 441              		.loc 1 132 0
 442 0010 0822     		movs	r2, #8
 443 0012 8DF81220 		strb	r2, [sp, #18]
 133:can_manga.c   **** 	message.irq = 0;
 444              		.loc 1 133 0
 445 0016 8DF81330 		strb	r3, [sp, #19]
 134:can_manga.c   **** 	message.msg = &payload;
 446              		.loc 1 134 0
 447 001a 01AA     		add	r2, sp, #4
 448 001c 0592     		str	r2, [sp, #20]
 449              	.LVL9:
 135:can_manga.c   **** 	for(i=0;i<8;i++)
 450              		.loc 1 135 0
 451 001e 06E0     		b	.L42
 452              	.LVL10:
 453              	.L43:
 136:can_manga.c   **** 		payload.byte[i] = data[i];
 454              		.loc 1 136 0 discriminator 3
 455 0020 C15C     		ldrb	r1, [r0, r3]	@ zero_extendqisi2
 456 0022 06AA     		add	r2, sp, #24
 457 0024 1A44     		add	r2, r2, r3
 458 0026 02F8141C 		strb	r1, [r2, #-20]
 135:can_manga.c   **** 	for(i=0;i<8;i++)
 459              		.loc 1 135 0 discriminator 3
 460 002a 0133     		adds	r3, r3, #1
 461              	.LVL11:
 462 002c DBB2     		uxtb	r3, r3
 463              	.LVL12:
 464              	.L42:
 135:can_manga.c   **** 	for(i=0;i<8;i++)
 465              		.loc 1 135 0 is_stmt 0 discriminator 1
 466 002e 072B     		cmp	r3, #7
 467 0030 F6D9     		bls	.L43
 137:can_manga.c   **** 	CAN_SendMsg(&message); 
 468              		.loc 1 137 0 is_stmt 1
 469 0032 03A8     		add	r0, sp, #12
 470              	.LVL13:
 471 0034 FFF7FEFF 		bl	CAN_SendMsg
 472              	.LVL14:
 138:can_manga.c   **** }
 473              		.loc 1 138 0
 474 0038 07B0     		add	sp, sp, #28
 475              		.cfi_def_cfa_offset 4
 476              		@ sp needed
 477 003a 5DF804FB 		ldr	pc, [sp], #4
 478              		.cfi_endproc
 479              	.LFE73:
 480              		.size	can_send, .-can_send
 481 003e 00BF     		.section	.text.can_send_status,"ax",%progbits
 482              		.align	2
 483              		.global	can_send_status
 484              		.thumb
 485              		.thumb_func
ARM GAS  C:\Users\Evan\AppData\Local\Temp\ccaRi6L2.s 			page 12


 486              		.type	can_send_status, %function
 487              	can_send_status:
 488              	.LFB74:
 139:can_manga.c   **** 
 140:can_manga.c   **** void can_send_status(
 141:can_manga.c   ****     uint8_t state,
 142:can_manga.c   ****     uint8_t errorState)
 143:can_manga.c   **** {
 489              		.loc 1 143 0
 490              		.cfi_startproc
 491              		@ args = 0, pretend = 0, frame = 8
 492              		@ frame_needed = 0, uses_anonymous_args = 0
 493              	.LVL15:
 494 0000 00B5     		push	{lr}
 495              		.cfi_def_cfa_offset 4
 496              		.cfi_offset 14, -4
 497 0002 83B0     		sub	sp, sp, #12
 498              		.cfi_def_cfa_offset 16
 144:can_manga.c   ****     //max and min voltage means the voltage of single cell
 145:can_manga.c   ****         uint8_t data[8];
 146:can_manga.c   ****         
 147:can_manga.c   ****         data[0] = state;
 499              		.loc 1 147 0
 500 0004 8DF80000 		strb	r0, [sp]
 148:can_manga.c   ****         data[1] = errorState;
 501              		.loc 1 148 0
 502 0008 8DF80110 		strb	r1, [sp, #1]
 149:can_manga.c   ****         
 150:can_manga.c   ****         data[2] = 0;
 503              		.loc 1 150 0
 504 000c 0023     		movs	r3, #0
 505 000e 8DF80230 		strb	r3, [sp, #2]
 151:can_manga.c   ****         data[3] = 0;
 506              		.loc 1 151 0
 507 0012 8DF80330 		strb	r3, [sp, #3]
 152:can_manga.c   ****         
 153:can_manga.c   ****         data[4] = 0;
 508              		.loc 1 153 0
 509 0016 8DF80430 		strb	r3, [sp, #4]
 154:can_manga.c   ****         data[5] = 0;
 510              		.loc 1 154 0
 511 001a 8DF80530 		strb	r3, [sp, #5]
 155:can_manga.c   ****         data[6] = 0;
 512              		.loc 1 155 0
 513 001e 8DF80630 		strb	r3, [sp, #6]
 156:can_manga.c   ****         data[7] = 0;
 514              		.loc 1 156 0
 515 0022 8DF80730 		strb	r3, [sp, #7]
 157:can_manga.c   **** 
 158:can_manga.c   ****         can_send(data, 0x626);
 516              		.loc 1 158 0
 517 0026 40F22661 		movw	r1, #1574
 518              	.LVL16:
 519 002a 6846     		mov	r0, sp
 520              	.LVL17:
 521 002c FFF7FEFF 		bl	can_send
 522              	.LVL18:
ARM GAS  C:\Users\Evan\AppData\Local\Temp\ccaRi6L2.s 			page 13


 159:can_manga.c   **** 
 160:can_manga.c   ****         
 161:can_manga.c   **** } // can_send_status()
 523              		.loc 1 161 0
 524 0030 03B0     		add	sp, sp, #12
 525              		.cfi_def_cfa_offset 4
 526              		@ sp needed
 527 0032 5DF804FB 		ldr	pc, [sp], #4
 528              		.cfi_endproc
 529              	.LFE74:
 530              		.size	can_send_status, .-can_send_status
 531 0036 00BF     		.section	.text.can_send_cmd,"ax",%progbits
 532              		.align	2
 533              		.global	can_send_cmd
 534              		.thumb
 535              		.thumb_func
 536              		.type	can_send_cmd, %function
 537              	can_send_cmd:
 538              	.LFB75:
 162:can_manga.c   **** 
 163:can_manga.c   **** void can_send_cmd(
 164:can_manga.c   ****     uint8_t SetInterlock,
 165:can_manga.c   ****     uint16_t VCL_Throttle_High,
 166:can_manga.c   ****     uint16_t VCL_Throttle_Low
 167:can_manga.c   **** )
 168:can_manga.c   **** {
 539              		.loc 1 168 0
 540              		.cfi_startproc
 541              		@ args = 0, pretend = 0, frame = 8
 542              		@ frame_needed = 0, uses_anonymous_args = 0
 543              	.LVL19:
 544 0000 00B5     		push	{lr}
 545              		.cfi_def_cfa_offset 4
 546              		.cfi_offset 14, -4
 547 0002 83B0     		sub	sp, sp, #12
 548              		.cfi_def_cfa_offset 16
 169:can_manga.c   ****     //max and min voltage means the voltage of single cell
 170:can_manga.c   ****         
 171:can_manga.c   ****         uint8_t data[8];
 172:can_manga.c   ****         
 173:can_manga.c   ****         data[0] = SetInterlock;
 549              		.loc 1 173 0
 550 0004 8DF80000 		strb	r0, [sp]
 174:can_manga.c   ****         
 175:can_manga.c   ****         data[1] = VCL_Throttle_High;
 551              		.loc 1 175 0
 552 0008 8DF80110 		strb	r1, [sp, #1]
 176:can_manga.c   ****         data[2] = VCL_Throttle_Low;
 553              		.loc 1 176 0
 554 000c 8DF80220 		strb	r2, [sp, #2]
 177:can_manga.c   ****         
 178:can_manga.c   ****         data[3] = 0;
 555              		.loc 1 178 0
 556 0010 0023     		movs	r3, #0
 557 0012 8DF80330 		strb	r3, [sp, #3]
 179:can_manga.c   ****         data[4] = 0;
 558              		.loc 1 179 0
ARM GAS  C:\Users\Evan\AppData\Local\Temp\ccaRi6L2.s 			page 14


 559 0016 8DF80430 		strb	r3, [sp, #4]
 180:can_manga.c   ****         
 181:can_manga.c   ****         data[5] = 0;
 560              		.loc 1 181 0
 561 001a 8DF80530 		strb	r3, [sp, #5]
 182:can_manga.c   ****         data[6] = 0;
 562              		.loc 1 182 0
 563 001e 8DF80630 		strb	r3, [sp, #6]
 183:can_manga.c   ****         data[7] = 0;
 564              		.loc 1 183 0
 565 0022 8DF80730 		strb	r3, [sp, #7]
 184:can_manga.c   **** 
 185:can_manga.c   ****         can_send(data, 0x766);
 566              		.loc 1 185 0
 567 0026 40F26671 		movw	r1, #1894
 568              	.LVL20:
 569 002a 6846     		mov	r0, sp
 570              	.LVL21:
 571 002c FFF7FEFF 		bl	can_send
 572              	.LVL22:
 186:can_manga.c   ****         CyDelay(1); // Wtf is this shit?
 573              		.loc 1 186 0
 574 0030 0120     		movs	r0, #1
 575 0032 FFF7FEFF 		bl	CyDelay
 576              	.LVL23:
 187:can_manga.c   **** 
 188:can_manga.c   **** } // can_send_cmd()
 577              		.loc 1 188 0
 578 0036 03B0     		add	sp, sp, #12
 579              		.cfi_def_cfa_offset 4
 580              		@ sp needed
 581 0038 5DF804FB 		ldr	pc, [sp], #4
 582              		.cfi_endproc
 583              	.LFE75:
 584              		.size	can_send_cmd, .-can_send_cmd
 585              		.global	THROTTLE_LOW
 586              		.global	THROTTLE_HIGH
 587              		.global	ABS_MOTOR_RPM
 588              		.global	ERROR_TOLERANCE
 589              		.global	ACK_RX
 590              		.global	CURTIS_HEART_BEAT_CHECK
 591              		.global	CURTIS_FAULT_CHECK
 592              		.global	CAPACITOR_VOLT
 593              		.bss
 594              		.set	.LANCHOR0,. + 0
 595              		.type	CAPACITOR_VOLT, %object
 596              		.size	CAPACITOR_VOLT, 1
 597              	CAPACITOR_VOLT:
 598 0000 00       		.space	1
 599              		.type	CURTIS_FAULT_CHECK, %object
 600              		.size	CURTIS_FAULT_CHECK, 1
 601              	CURTIS_FAULT_CHECK:
 602 0001 00       		.space	1
 603              		.type	CURTIS_HEART_BEAT_CHECK, %object
 604              		.size	CURTIS_HEART_BEAT_CHECK, 1
 605              	CURTIS_HEART_BEAT_CHECK:
 606 0002 00       		.space	1
ARM GAS  C:\Users\Evan\AppData\Local\Temp\ccaRi6L2.s 			page 15


 607              		.type	ACK_RX, %object
 608              		.size	ACK_RX, 1
 609              	ACK_RX:
 610 0003 00       		.space	1
 611              		.type	ERROR_TOLERANCE, %object
 612              		.size	ERROR_TOLERANCE, 1
 613              	ERROR_TOLERANCE:
 614 0004 00       		.space	1
 615              		.type	ABS_MOTOR_RPM, %object
 616              		.size	ABS_MOTOR_RPM, 1
 617              	ABS_MOTOR_RPM:
 618 0005 00       		.space	1
 619              		.type	THROTTLE_LOW, %object
 620              		.size	THROTTLE_LOW, 1
 621              	THROTTLE_LOW:
 622 0006 00       		.space	1
 623              		.type	THROTTLE_HIGH, %object
 624              		.size	THROTTLE_HIGH, 1
 625              	THROTTLE_HIGH:
 626 0007 00       		.space	1
 627              		.text
 628              	.Letext0:
 629              		.file 2 "c:\\program files (x86)\\cypress\\psoc creator\\4.1\\psoc creator\\import\\gnu\\arm\\5.4.
 630              		.file 3 "c:\\program files (x86)\\cypress\\psoc creator\\4.1\\psoc creator\\import\\gnu\\arm\\5.4.
 631              		.file 4 "Generated_Source\\PSoC5/cytypes.h"
 632              		.file 5 "Generated_Source\\PSoC5/CAN.h"
 633              		.file 6 "Generated_Source\\PSoC5/core_cm3.h"
 634              		.file 7 "Generated_Source\\PSoC5/CyLib.h"
 635              		.section	.debug_info,"",%progbits
 636              	.Ldebug_info0:
 637 0000 08050000 		.4byte	0x508
 638 0004 0400     		.2byte	0x4
 639 0006 00000000 		.4byte	.Ldebug_abbrev0
 640 000a 04       		.byte	0x4
 641 000b 01       		.uleb128 0x1
 642 000c 53030000 		.4byte	.LASF63
 643 0010 0C       		.byte	0xc
 644 0011 1C030000 		.4byte	.LASF64
 645 0015 4F010000 		.4byte	.LASF65
 646 0019 00000000 		.4byte	.Ldebug_ranges0+0
 647 001d 00000000 		.4byte	0
 648 0021 00000000 		.4byte	.Ldebug_line0
 649 0025 02       		.uleb128 0x2
 650 0026 01       		.byte	0x1
 651 0027 06       		.byte	0x6
 652 0028 D0010000 		.4byte	.LASF0
 653 002c 03       		.uleb128 0x3
 654 002d 3E010000 		.4byte	.LASF3
 655 0031 02       		.byte	0x2
 656 0032 1D       		.byte	0x1d
 657 0033 37000000 		.4byte	0x37
 658 0037 02       		.uleb128 0x2
 659 0038 01       		.byte	0x1
 660 0039 08       		.byte	0x8
 661 003a B9010000 		.4byte	.LASF1
 662 003e 02       		.uleb128 0x2
 663 003f 02       		.byte	0x2
ARM GAS  C:\Users\Evan\AppData\Local\Temp\ccaRi6L2.s 			page 16


 664 0040 05       		.byte	0x5
 665 0041 4D000000 		.4byte	.LASF2
 666 0045 03       		.uleb128 0x3
 667 0046 78000000 		.4byte	.LASF4
 668 004a 02       		.byte	0x2
 669 004b 2B       		.byte	0x2b
 670 004c 50000000 		.4byte	0x50
 671 0050 02       		.uleb128 0x2
 672 0051 02       		.byte	0x2
 673 0052 07       		.byte	0x7
 674 0053 51020000 		.4byte	.LASF5
 675 0057 03       		.uleb128 0x3
 676 0058 12030000 		.4byte	.LASF6
 677 005c 02       		.byte	0x2
 678 005d 3F       		.byte	0x3f
 679 005e 62000000 		.4byte	0x62
 680 0062 02       		.uleb128 0x2
 681 0063 04       		.byte	0x4
 682 0064 05       		.byte	0x5
 683 0065 14010000 		.4byte	.LASF7
 684 0069 03       		.uleb128 0x3
 685 006a 6D000000 		.4byte	.LASF8
 686 006e 02       		.byte	0x2
 687 006f 41       		.byte	0x41
 688 0070 74000000 		.4byte	0x74
 689 0074 02       		.uleb128 0x2
 690 0075 04       		.byte	0x4
 691 0076 07       		.byte	0x7
 692 0077 2C010000 		.4byte	.LASF9
 693 007b 02       		.uleb128 0x2
 694 007c 08       		.byte	0x8
 695 007d 05       		.byte	0x5
 696 007e ED000000 		.4byte	.LASF10
 697 0082 02       		.uleb128 0x2
 698 0083 08       		.byte	0x8
 699 0084 07       		.byte	0x7
 700 0085 DC010000 		.4byte	.LASF11
 701 0089 04       		.uleb128 0x4
 702 008a 04       		.byte	0x4
 703 008b 05       		.byte	0x5
 704 008c 696E7400 		.ascii	"int\000"
 705 0090 02       		.uleb128 0x2
 706 0091 04       		.byte	0x4
 707 0092 07       		.byte	0x7
 708 0093 FC010000 		.4byte	.LASF12
 709 0097 03       		.uleb128 0x3
 710 0098 B1000000 		.4byte	.LASF13
 711 009c 03       		.byte	0x3
 712 009d 18       		.byte	0x18
 713 009e 2C000000 		.4byte	0x2c
 714 00a2 03       		.uleb128 0x3
 715 00a3 09020000 		.4byte	.LASF14
 716 00a7 03       		.byte	0x3
 717 00a8 24       		.byte	0x24
 718 00a9 45000000 		.4byte	0x45
 719 00ad 03       		.uleb128 0x3
 720 00ae 9A020000 		.4byte	.LASF15
ARM GAS  C:\Users\Evan\AppData\Local\Temp\ccaRi6L2.s 			page 17


 721 00b2 03       		.byte	0x3
 722 00b3 2C       		.byte	0x2c
 723 00b4 57000000 		.4byte	0x57
 724 00b8 03       		.uleb128 0x3
 725 00b9 F3010000 		.4byte	.LASF16
 726 00bd 03       		.byte	0x3
 727 00be 30       		.byte	0x30
 728 00bf 69000000 		.4byte	0x69
 729 00c3 05       		.uleb128 0x5
 730 00c4 C8000000 		.4byte	.LASF17
 731 00c8 04       		.byte	0x4
 732 00c9 3801     		.2byte	0x138
 733 00cb 37000000 		.4byte	0x37
 734 00cf 05       		.uleb128 0x5
 735 00d0 CF020000 		.4byte	.LASF18
 736 00d4 04       		.byte	0x4
 737 00d5 3A01     		.2byte	0x13a
 738 00d7 74000000 		.4byte	0x74
 739 00db 02       		.uleb128 0x2
 740 00dc 04       		.byte	0x4
 741 00dd 04       		.byte	0x4
 742 00de DC000000 		.4byte	.LASF19
 743 00e2 02       		.uleb128 0x2
 744 00e3 08       		.byte	0x8
 745 00e4 04       		.byte	0x4
 746 00e5 83000000 		.4byte	.LASF20
 747 00e9 02       		.uleb128 0x2
 748 00ea 01       		.byte	0x1
 749 00eb 08       		.byte	0x8
 750 00ec 81020000 		.4byte	.LASF21
 751 00f0 02       		.uleb128 0x2
 752 00f1 08       		.byte	0x8
 753 00f2 04       		.byte	0x4
 754 00f3 AD010000 		.4byte	.LASF22
 755 00f7 02       		.uleb128 0x2
 756 00f8 04       		.byte	0x4
 757 00f9 07       		.byte	0x7
 758 00fa 57000000 		.4byte	.LASF23
 759 00fe 06       		.uleb128 0x6
 760 00ff 08       		.byte	0x8
 761 0100 05       		.byte	0x5
 762 0101 6F       		.byte	0x6f
 763 0102 13010000 		.4byte	0x113
 764 0106 07       		.uleb128 0x7
 765 0107 0D030000 		.4byte	.LASF25
 766 010b 05       		.byte	0x5
 767 010c 71       		.byte	0x71
 768 010d 13010000 		.4byte	0x113
 769 0111 00       		.byte	0
 770 0112 00       		.byte	0
 771 0113 08       		.uleb128 0x8
 772 0114 C3000000 		.4byte	0xc3
 773 0118 23010000 		.4byte	0x123
 774 011c 09       		.uleb128 0x9
 775 011d F7000000 		.4byte	0xf7
 776 0121 07       		.byte	0x7
 777 0122 00       		.byte	0
ARM GAS  C:\Users\Evan\AppData\Local\Temp\ccaRi6L2.s 			page 18


 778 0123 03       		.uleb128 0x3
 779 0124 12020000 		.4byte	.LASF24
 780 0128 05       		.byte	0x5
 781 0129 72       		.byte	0x72
 782 012a FE000000 		.4byte	0xfe
 783 012e 06       		.uleb128 0x6
 784 012f 0C       		.byte	0xc
 785 0130 05       		.byte	0x5
 786 0131 81       		.byte	0x81
 787 0132 7E010000 		.4byte	0x17e
 788 0136 0A       		.uleb128 0xa
 789 0137 696400   		.ascii	"id\000"
 790 013a 05       		.byte	0x5
 791 013b 83       		.byte	0x83
 792 013c CF000000 		.4byte	0xcf
 793 0140 00       		.byte	0
 794 0141 0A       		.uleb128 0xa
 795 0142 72747200 		.ascii	"rtr\000"
 796 0146 05       		.byte	0x5
 797 0147 84       		.byte	0x84
 798 0148 C3000000 		.4byte	0xc3
 799 014c 04       		.byte	0x4
 800 014d 0A       		.uleb128 0xa
 801 014e 69646500 		.ascii	"ide\000"
 802 0152 05       		.byte	0x5
 803 0153 85       		.byte	0x85
 804 0154 C3000000 		.4byte	0xc3
 805 0158 05       		.byte	0x5
 806 0159 0A       		.uleb128 0xa
 807 015a 646C6300 		.ascii	"dlc\000"
 808 015e 05       		.byte	0x5
 809 015f 86       		.byte	0x86
 810 0160 C3000000 		.4byte	0xc3
 811 0164 06       		.byte	0x6
 812 0165 0A       		.uleb128 0xa
 813 0166 69727100 		.ascii	"irq\000"
 814 016a 05       		.byte	0x5
 815 016b 87       		.byte	0x87
 816 016c C3000000 		.4byte	0xc3
 817 0170 07       		.byte	0x7
 818 0171 0A       		.uleb128 0xa
 819 0172 6D736700 		.ascii	"msg\000"
 820 0176 05       		.byte	0x5
 821 0177 8B       		.byte	0x8b
 822 0178 7E010000 		.4byte	0x17e
 823 017c 08       		.byte	0x8
 824 017d 00       		.byte	0
 825 017e 0B       		.uleb128 0xb
 826 017f 04       		.byte	0x4
 827 0180 23010000 		.4byte	0x123
 828 0184 03       		.uleb128 0x3
 829 0185 DE020000 		.4byte	.LASF26
 830 0189 05       		.byte	0x5
 831 018a 8C       		.byte	0x8c
 832 018b 2E010000 		.4byte	0x12e
 833 018f 0C       		.uleb128 0xc
 834 0190 B8000000 		.4byte	0xb8
ARM GAS  C:\Users\Evan\AppData\Local\Temp\ccaRi6L2.s 			page 19


 835 0194 0C       		.uleb128 0xc
 836 0195 97000000 		.4byte	0x97
 837 0199 0D       		.uleb128 0xd
 838 019a 25020000 		.4byte	.LASF27
 839 019e 01       		.byte	0x1
 840 019f 15       		.byte	0x15
 841 01a0 97000000 		.4byte	0x97
 842 01a4 00000000 		.4byte	.LFB63
 843 01a8 0C000000 		.4byte	.LFE63-.LFB63
 844 01ac 01       		.uleb128 0x1
 845 01ad 9C       		.byte	0x9c
 846 01ae 0D       		.uleb128 0xd
 847 01af 86020000 		.4byte	.LASF28
 848 01b3 01       		.byte	0x1
 849 01b4 1A       		.byte	0x1a
 850 01b5 97000000 		.4byte	0x97
 851 01b9 00000000 		.4byte	.LFB64
 852 01bd 0C000000 		.4byte	.LFE64-.LFB64
 853 01c1 01       		.uleb128 0x1
 854 01c2 9C       		.byte	0x9c
 855 01c3 0D       		.uleb128 0xd
 856 01c4 F5020000 		.4byte	.LASF29
 857 01c8 01       		.byte	0x1
 858 01c9 1F       		.byte	0x1f
 859 01ca 97000000 		.4byte	0x97
 860 01ce 00000000 		.4byte	.LFB65
 861 01d2 0C000000 		.4byte	.LFE65-.LFB65
 862 01d6 01       		.uleb128 0x1
 863 01d7 9C       		.byte	0x9c
 864 01d8 0D       		.uleb128 0xd
 865 01d9 C7010000 		.4byte	.LASF30
 866 01dd 01       		.byte	0x1
 867 01de 24       		.byte	0x24
 868 01df 97000000 		.4byte	0x97
 869 01e3 00000000 		.4byte	.LFB66
 870 01e7 0C000000 		.4byte	.LFE66-.LFB66
 871 01eb 01       		.uleb128 0x1
 872 01ec 9C       		.byte	0x9c
 873 01ed 0D       		.uleb128 0xd
 874 01ee 9B010000 		.4byte	.LASF31
 875 01f2 01       		.byte	0x1
 876 01f3 29       		.byte	0x29
 877 01f4 97000000 		.4byte	0x97
 878 01f8 00000000 		.4byte	.LFB67
 879 01fc 0C000000 		.4byte	.LFE67-.LFB67
 880 0200 01       		.uleb128 0x1
 881 0201 9C       		.byte	0x9c
 882 0202 0D       		.uleb128 0xd
 883 0203 B9000000 		.4byte	.LASF32
 884 0207 01       		.byte	0x1
 885 0208 2E       		.byte	0x2e
 886 0209 97000000 		.4byte	0x97
 887 020d 00000000 		.4byte	.LFB68
 888 0211 0C000000 		.4byte	.LFE68-.LFB68
 889 0215 01       		.uleb128 0x1
 890 0216 9C       		.byte	0x9c
 891 0217 0D       		.uleb128 0xd
ARM GAS  C:\Users\Evan\AppData\Local\Temp\ccaRi6L2.s 			page 20


 892 0218 FB000000 		.4byte	.LASF33
 893 021c 01       		.byte	0x1
 894 021d 33       		.byte	0x33
 895 021e 97000000 		.4byte	0x97
 896 0222 00000000 		.4byte	.LFB69
 897 0226 0C000000 		.4byte	.LFE69-.LFB69
 898 022a 01       		.uleb128 0x1
 899 022b 9C       		.byte	0x9c
 900 022c 0D       		.uleb128 0xd
 901 022d 64020000 		.4byte	.LASF34
 902 0231 01       		.byte	0x1
 903 0232 38       		.byte	0x38
 904 0233 97000000 		.4byte	0x97
 905 0237 00000000 		.4byte	.LFB70
 906 023b 0C000000 		.4byte	.LFE70-.LFB70
 907 023f 01       		.uleb128 0x1
 908 0240 9C       		.byte	0x9c
 909 0241 0E       		.uleb128 0xe
 910 0242 E9030000 		.4byte	.LASF38
 911 0246 01       		.byte	0x1
 912 0247 3E       		.byte	0x3e
 913 0248 00000000 		.4byte	.LFB71
 914 024c A0000000 		.4byte	.LFE71-.LFB71
 915 0250 01       		.uleb128 0x1
 916 0251 9C       		.byte	0x9c
 917 0252 B0020000 		.4byte	0x2b0
 918 0256 0F       		.uleb128 0xf
 919 0257 6D736700 		.ascii	"msg\000"
 920 025b 01       		.byte	0x1
 921 025c 3E       		.byte	0x3e
 922 025d B0020000 		.4byte	0x2b0
 923 0261 00000000 		.4byte	.LLST0
 924 0265 0F       		.uleb128 0xf
 925 0266 494400   		.ascii	"ID\000"
 926 0269 01       		.byte	0x1
 927 026a 3E       		.byte	0x3e
 928 026b 89000000 		.4byte	0x89
 929 026f 2C000000 		.4byte	.LLST1
 930 0273 10       		.uleb128 0x10
 931 0274 1D010000 		.4byte	.LASF35
 932 0278 01       		.byte	0x1
 933 0279 40       		.byte	0x40
 934 027a C3000000 		.4byte	0xc3
 935 027e 58000000 		.4byte	.LLST2
 936 0282 11       		.uleb128 0x11
 937 0283 B9020000 		.4byte	.LASF36
 938 0287 01       		.byte	0x1
 939 0288 43       		.byte	0x43
 940 0289 B6020000 		.4byte	0x2b6
 941 028d 02       		.uleb128 0x2
 942 028e 91       		.byte	0x91
 943 028f 68       		.sleb128 -24
 944 0290 12       		.uleb128 0x12
 945 0291 6900     		.ascii	"i\000"
 946 0293 01       		.byte	0x1
 947 0294 44       		.byte	0x44
 948 0295 89000000 		.4byte	0x89
ARM GAS  C:\Users\Evan\AppData\Local\Temp\ccaRi6L2.s 			page 21


 949 0299 6B000000 		.4byte	.LLST3
 950 029d 13       		.uleb128 0x13
 951 029e 0C000000 		.4byte	.LVL1
 952 02a2 DE040000 		.4byte	0x4de
 953 02a6 13       		.uleb128 0x13
 954 02a7 92000000 		.4byte	.LVL5
 955 02ab E9040000 		.4byte	0x4e9
 956 02af 00       		.byte	0
 957 02b0 0B       		.uleb128 0xb
 958 02b1 04       		.byte	0x4
 959 02b2 97000000 		.4byte	0x97
 960 02b6 08       		.uleb128 0x8
 961 02b7 97000000 		.4byte	0x97
 962 02bb C6020000 		.4byte	0x2c6
 963 02bf 09       		.uleb128 0x9
 964 02c0 F7000000 		.4byte	0xf7
 965 02c4 07       		.byte	0x7
 966 02c5 00       		.byte	0
 967 02c6 14       		.uleb128 0x14
 968 02c7 39000000 		.4byte	.LASF66
 969 02cb 01       		.byte	0x1
 970 02cc 64       		.byte	0x64
 971 02cd 00000000 		.4byte	.LFB72
 972 02d1 4A000000 		.4byte	.LFE72-.LFB72
 973 02d5 01       		.uleb128 0x1
 974 02d6 9C       		.byte	0x9c
 975 02d7 FA020000 		.4byte	0x2fa
 976 02db 11       		.uleb128 0x11
 977 02dc 48010000 		.4byte	.LASF37
 978 02e0 01       		.byte	0x1
 979 02e1 67       		.byte	0x67
 980 02e2 84010000 		.4byte	0x184
 981 02e6 02       		.uleb128 0x2
 982 02e7 91       		.byte	0x91
 983 02e8 6C       		.sleb128 -20
 984 02e9 15       		.uleb128 0x15
 985 02ea 44000000 		.4byte	.LVL7
 986 02ee F4040000 		.4byte	0x4f4
 987 02f2 16       		.uleb128 0x16
 988 02f3 01       		.uleb128 0x1
 989 02f4 50       		.byte	0x50
 990 02f5 02       		.uleb128 0x2
 991 02f6 91       		.byte	0x91
 992 02f7 6C       		.sleb128 -20
 993 02f8 00       		.byte	0
 994 02f9 00       		.byte	0
 995 02fa 0E       		.uleb128 0xe
 996 02fb 00000000 		.4byte	.LASF39
 997 02ff 01       		.byte	0x1
 998 0300 7C       		.byte	0x7c
 999 0301 00000000 		.4byte	.LFB73
 1000 0305 3E000000 		.4byte	.LFE73-.LFB73
 1001 0309 01       		.uleb128 0x1
 1002 030a 9C       		.byte	0x9c
 1003 030b 66030000 		.4byte	0x366
 1004 030f 17       		.uleb128 0x17
 1005 0310 B9020000 		.4byte	.LASF36
ARM GAS  C:\Users\Evan\AppData\Local\Temp\ccaRi6L2.s 			page 22


 1006 0314 01       		.byte	0x1
 1007 0315 7C       		.byte	0x7c
 1008 0316 B0020000 		.4byte	0x2b0
 1009 031a 8A000000 		.4byte	.LLST4
 1010 031e 0F       		.uleb128 0xf
 1011 031f 494400   		.ascii	"ID\000"
 1012 0322 01       		.byte	0x1
 1013 0323 7C       		.byte	0x7c
 1014 0324 B8000000 		.4byte	0xb8
 1015 0328 AB000000 		.4byte	.LLST5
 1016 032c 12       		.uleb128 0x12
 1017 032d 6900     		.ascii	"i\000"
 1018 032f 01       		.byte	0x1
 1019 0330 7E       		.byte	0x7e
 1020 0331 97000000 		.4byte	0x97
 1021 0335 E4000000 		.4byte	.LLST6
 1022 0339 11       		.uleb128 0x11
 1023 033a D6020000 		.4byte	.LASF40
 1024 033e 01       		.byte	0x1
 1025 033f 7F       		.byte	0x7f
 1026 0340 84010000 		.4byte	0x184
 1027 0344 02       		.uleb128 0x2
 1028 0345 91       		.byte	0x91
 1029 0346 6C       		.sleb128 -20
 1030 0347 11       		.uleb128 0x11
 1031 0348 F5030000 		.4byte	.LASF41
 1032 034c 01       		.byte	0x1
 1033 034d 80       		.byte	0x80
 1034 034e 23010000 		.4byte	0x123
 1035 0352 02       		.uleb128 0x2
 1036 0353 91       		.byte	0x91
 1037 0354 64       		.sleb128 -28
 1038 0355 15       		.uleb128 0x15
 1039 0356 38000000 		.4byte	.LVL14
 1040 035a F4040000 		.4byte	0x4f4
 1041 035e 16       		.uleb128 0x16
 1042 035f 01       		.uleb128 0x1
 1043 0360 50       		.byte	0x50
 1044 0361 02       		.uleb128 0x2
 1045 0362 91       		.byte	0x91
 1046 0363 6C       		.sleb128 -20
 1047 0364 00       		.byte	0
 1048 0365 00       		.byte	0
 1049 0366 0E       		.uleb128 0xe
 1050 0367 71020000 		.4byte	.LASF42
 1051 036b 01       		.byte	0x1
 1052 036c 8C       		.byte	0x8c
 1053 036d 00000000 		.4byte	.LFB74
 1054 0371 36000000 		.4byte	.LFE74-.LFB74
 1055 0375 01       		.uleb128 0x1
 1056 0376 9C       		.byte	0x9c
 1057 0377 BF030000 		.4byte	0x3bf
 1058 037b 17       		.uleb128 0x17
 1059 037c 47000000 		.4byte	.LASF43
 1060 0380 01       		.byte	0x1
 1061 0381 8D       		.byte	0x8d
 1062 0382 97000000 		.4byte	0x97
ARM GAS  C:\Users\Evan\AppData\Local\Temp\ccaRi6L2.s 			page 23


 1063 0386 0E010000 		.4byte	.LLST7
 1064 038a 17       		.uleb128 0x17
 1065 038b E2000000 		.4byte	.LASF44
 1066 038f 01       		.byte	0x1
 1067 0390 8E       		.byte	0x8e
 1068 0391 97000000 		.4byte	0x97
 1069 0395 3B010000 		.4byte	.LLST8
 1070 0399 11       		.uleb128 0x11
 1071 039a B9020000 		.4byte	.LASF36
 1072 039e 01       		.byte	0x1
 1073 039f 91       		.byte	0x91
 1074 03a0 B6020000 		.4byte	0x2b6
 1075 03a4 02       		.uleb128 0x2
 1076 03a5 91       		.byte	0x91
 1077 03a6 70       		.sleb128 -16
 1078 03a7 15       		.uleb128 0x15
 1079 03a8 30000000 		.4byte	.LVL18
 1080 03ac FA020000 		.4byte	0x2fa
 1081 03b0 16       		.uleb128 0x16
 1082 03b1 01       		.uleb128 0x1
 1083 03b2 50       		.byte	0x50
 1084 03b3 02       		.uleb128 0x2
 1085 03b4 7D       		.byte	0x7d
 1086 03b5 00       		.sleb128 0
 1087 03b6 16       		.uleb128 0x16
 1088 03b7 01       		.uleb128 0x1
 1089 03b8 51       		.byte	0x51
 1090 03b9 03       		.uleb128 0x3
 1091 03ba 0A       		.byte	0xa
 1092 03bb 2606     		.2byte	0x626
 1093 03bd 00       		.byte	0
 1094 03be 00       		.byte	0
 1095 03bf 0E       		.uleb128 0xe
 1096 03c0 92000000 		.4byte	.LASF45
 1097 03c4 01       		.byte	0x1
 1098 03c5 A3       		.byte	0xa3
 1099 03c6 00000000 		.4byte	.LFB75
 1100 03ca 3C000000 		.4byte	.LFE75-.LFB75
 1101 03ce 01       		.uleb128 0x1
 1102 03cf 9C       		.byte	0x9c
 1103 03d0 3A040000 		.4byte	0x43a
 1104 03d4 17       		.uleb128 0x17
 1105 03d5 60000000 		.4byte	.LASF46
 1106 03d9 01       		.byte	0x1
 1107 03da A4       		.byte	0xa4
 1108 03db 97000000 		.4byte	0x97
 1109 03df 68010000 		.4byte	.LLST9
 1110 03e3 17       		.uleb128 0x17
 1111 03e4 9F000000 		.4byte	.LASF47
 1112 03e8 01       		.byte	0x1
 1113 03e9 A5       		.byte	0xa5
 1114 03ea A2000000 		.4byte	0xa2
 1115 03ee 95010000 		.4byte	.LLST10
 1116 03f2 17       		.uleb128 0x17
 1117 03f3 BE020000 		.4byte	.LASF48
 1118 03f7 01       		.byte	0x1
 1119 03f8 A6       		.byte	0xa6
ARM GAS  C:\Users\Evan\AppData\Local\Temp\ccaRi6L2.s 			page 24


 1120 03f9 A2000000 		.4byte	0xa2
 1121 03fd B6010000 		.4byte	.LLST11
 1122 0401 11       		.uleb128 0x11
 1123 0402 B9020000 		.4byte	.LASF36
 1124 0406 01       		.byte	0x1
 1125 0407 AB       		.byte	0xab
 1126 0408 B6020000 		.4byte	0x2b6
 1127 040c 02       		.uleb128 0x2
 1128 040d 91       		.byte	0x91
 1129 040e 70       		.sleb128 -16
 1130 040f 18       		.uleb128 0x18
 1131 0410 30000000 		.4byte	.LVL22
 1132 0414 FA020000 		.4byte	0x2fa
 1133 0418 2A040000 		.4byte	0x42a
 1134 041c 16       		.uleb128 0x16
 1135 041d 01       		.uleb128 0x1
 1136 041e 50       		.byte	0x50
 1137 041f 02       		.uleb128 0x2
 1138 0420 7D       		.byte	0x7d
 1139 0421 00       		.sleb128 0
 1140 0422 16       		.uleb128 0x16
 1141 0423 01       		.uleb128 0x1
 1142 0424 51       		.byte	0x51
 1143 0425 03       		.uleb128 0x3
 1144 0426 0A       		.byte	0xa
 1145 0427 6607     		.2byte	0x766
 1146 0429 00       		.byte	0
 1147 042a 15       		.uleb128 0x15
 1148 042b 36000000 		.4byte	.LVL23
 1149 042f 00050000 		.4byte	0x500
 1150 0433 16       		.uleb128 0x16
 1151 0434 01       		.uleb128 0x1
 1152 0435 50       		.byte	0x50
 1153 0436 01       		.uleb128 0x1
 1154 0437 31       		.byte	0x31
 1155 0438 00       		.byte	0
 1156 0439 00       		.byte	0
 1157 043a 19       		.uleb128 0x19
 1158 043b 46030000 		.4byte	.LASF49
 1159 043f 06       		.byte	0x6
 1160 0440 5506     		.2byte	0x655
 1161 0442 46040000 		.4byte	0x446
 1162 0446 0C       		.uleb128 0xc
 1163 0447 AD000000 		.4byte	0xad
 1164 044b 1A       		.uleb128 0x1a
 1165 044c 8A000000 		.4byte	.LASF50
 1166 0450 01       		.byte	0x1
 1167 0451 0A       		.byte	0xa
 1168 0452 8F010000 		.4byte	0x18f
 1169 0456 1B       		.uleb128 0x1b
 1170 0457 8C010000 		.4byte	.LASF51
 1171 045b 01       		.byte	0x1
 1172 045c 0C       		.byte	0xc
 1173 045d 94010000 		.4byte	0x194
 1174 0461 05       		.uleb128 0x5
 1175 0462 03       		.byte	0x3
 1176 0463 00000000 		.4byte	CAPACITOR_VOLT
ARM GAS  C:\Users\Evan\AppData\Local\Temp\ccaRi6L2.s 			page 25


 1177 0467 1B       		.uleb128 0x1b
 1178 0468 10000000 		.4byte	.LASF52
 1179 046c 01       		.byte	0x1
 1180 046d 0D       		.byte	0xd
 1181 046e 94010000 		.4byte	0x194
 1182 0472 05       		.uleb128 0x5
 1183 0473 03       		.byte	0x3
 1184 0474 00000000 		.4byte	CURTIS_FAULT_CHECK
 1185 0478 1B       		.uleb128 0x1b
 1186 0479 39020000 		.4byte	.LASF53
 1187 047d 01       		.byte	0x1
 1188 047e 0E       		.byte	0xe
 1189 047f 94010000 		.4byte	0x194
 1190 0483 05       		.uleb128 0x5
 1191 0484 03       		.byte	0x3
 1192 0485 00000000 		.4byte	CURTIS_HEART_BEAT_CHECK
 1193 0489 1B       		.uleb128 0x1b
 1194 048a 09000000 		.4byte	.LASF54
 1195 048e 01       		.byte	0x1
 1196 048f 0F       		.byte	0xf
 1197 0490 94010000 		.4byte	0x194
 1198 0494 05       		.uleb128 0x5
 1199 0495 03       		.byte	0x3
 1200 0496 00000000 		.4byte	ACK_RX
 1201 049a 1B       		.uleb128 0x1b
 1202 049b 36030000 		.4byte	.LASF55
 1203 049f 01       		.byte	0x1
 1204 04a0 10       		.byte	0x10
 1205 04a1 94010000 		.4byte	0x194
 1206 04a5 05       		.uleb128 0x5
 1207 04a6 03       		.byte	0x3
 1208 04a7 00000000 		.4byte	ERROR_TOLERANCE
 1209 04ab 1B       		.uleb128 0x1b
 1210 04ac 28030000 		.4byte	.LASF56
 1211 04b0 01       		.byte	0x1
 1212 04b1 11       		.byte	0x11
 1213 04b2 94010000 		.4byte	0x194
 1214 04b6 05       		.uleb128 0x5
 1215 04b7 03       		.byte	0x3
 1216 04b8 00000000 		.4byte	ABS_MOTOR_RPM
 1217 04bc 1B       		.uleb128 0x1b
 1218 04bd CE000000 		.4byte	.LASF57
 1219 04c1 01       		.byte	0x1
 1220 04c2 12       		.byte	0x12
 1221 04c3 94010000 		.4byte	0x194
 1222 04c7 05       		.uleb128 0x5
 1223 04c8 03       		.byte	0x3
 1224 04c9 00000000 		.4byte	THROTTLE_HIGH
 1225 04cd 1B       		.uleb128 0x1b
 1226 04ce 07010000 		.4byte	.LASF58
 1227 04d2 01       		.byte	0x1
 1228 04d3 13       		.byte	0x13
 1229 04d4 94010000 		.4byte	0x194
 1230 04d8 05       		.uleb128 0x5
 1231 04d9 03       		.byte	0x3
 1232 04da 00000000 		.4byte	THROTTLE_LOW
 1233 04de 1C       		.uleb128 0x1c
ARM GAS  C:\Users\Evan\AppData\Local\Temp\ccaRi6L2.s 			page 26


 1234 04df A2020000 		.4byte	.LASF59
 1235 04e3 A2020000 		.4byte	.LASF59
 1236 04e7 07       		.byte	0x7
 1237 04e8 7E       		.byte	0x7e
 1238 04e9 1C       		.uleb128 0x1c
 1239 04ea 23000000 		.4byte	.LASF60
 1240 04ee 23000000 		.4byte	.LASF60
 1241 04f2 07       		.byte	0x7
 1242 04f3 7F       		.byte	0x7f
 1243 04f4 1D       		.uleb128 0x1d
 1244 04f5 E9020000 		.4byte	.LASF61
 1245 04f9 E9020000 		.4byte	.LASF61
 1246 04fd 05       		.byte	0x5
 1247 04fe 1801     		.2byte	0x118
 1248 0500 1C       		.uleb128 0x1c
 1249 0501 E1030000 		.4byte	.LASF62
 1250 0505 E1030000 		.4byte	.LASF62
 1251 0509 07       		.byte	0x7
 1252 050a 77       		.byte	0x77
 1253 050b 00       		.byte	0
 1254              		.section	.debug_abbrev,"",%progbits
 1255              	.Ldebug_abbrev0:
 1256 0000 01       		.uleb128 0x1
 1257 0001 11       		.uleb128 0x11
 1258 0002 01       		.byte	0x1
 1259 0003 25       		.uleb128 0x25
 1260 0004 0E       		.uleb128 0xe
 1261 0005 13       		.uleb128 0x13
 1262 0006 0B       		.uleb128 0xb
 1263 0007 03       		.uleb128 0x3
 1264 0008 0E       		.uleb128 0xe
 1265 0009 1B       		.uleb128 0x1b
 1266 000a 0E       		.uleb128 0xe
 1267 000b 55       		.uleb128 0x55
 1268 000c 17       		.uleb128 0x17
 1269 000d 11       		.uleb128 0x11
 1270 000e 01       		.uleb128 0x1
 1271 000f 10       		.uleb128 0x10
 1272 0010 17       		.uleb128 0x17
 1273 0011 00       		.byte	0
 1274 0012 00       		.byte	0
 1275 0013 02       		.uleb128 0x2
 1276 0014 24       		.uleb128 0x24
 1277 0015 00       		.byte	0
 1278 0016 0B       		.uleb128 0xb
 1279 0017 0B       		.uleb128 0xb
 1280 0018 3E       		.uleb128 0x3e
 1281 0019 0B       		.uleb128 0xb
 1282 001a 03       		.uleb128 0x3
 1283 001b 0E       		.uleb128 0xe
 1284 001c 00       		.byte	0
 1285 001d 00       		.byte	0
 1286 001e 03       		.uleb128 0x3
 1287 001f 16       		.uleb128 0x16
 1288 0020 00       		.byte	0
 1289 0021 03       		.uleb128 0x3
 1290 0022 0E       		.uleb128 0xe
ARM GAS  C:\Users\Evan\AppData\Local\Temp\ccaRi6L2.s 			page 27


 1291 0023 3A       		.uleb128 0x3a
 1292 0024 0B       		.uleb128 0xb
 1293 0025 3B       		.uleb128 0x3b
 1294 0026 0B       		.uleb128 0xb
 1295 0027 49       		.uleb128 0x49
 1296 0028 13       		.uleb128 0x13
 1297 0029 00       		.byte	0
 1298 002a 00       		.byte	0
 1299 002b 04       		.uleb128 0x4
 1300 002c 24       		.uleb128 0x24
 1301 002d 00       		.byte	0
 1302 002e 0B       		.uleb128 0xb
 1303 002f 0B       		.uleb128 0xb
 1304 0030 3E       		.uleb128 0x3e
 1305 0031 0B       		.uleb128 0xb
 1306 0032 03       		.uleb128 0x3
 1307 0033 08       		.uleb128 0x8
 1308 0034 00       		.byte	0
 1309 0035 00       		.byte	0
 1310 0036 05       		.uleb128 0x5
 1311 0037 16       		.uleb128 0x16
 1312 0038 00       		.byte	0
 1313 0039 03       		.uleb128 0x3
 1314 003a 0E       		.uleb128 0xe
 1315 003b 3A       		.uleb128 0x3a
 1316 003c 0B       		.uleb128 0xb
 1317 003d 3B       		.uleb128 0x3b
 1318 003e 05       		.uleb128 0x5
 1319 003f 49       		.uleb128 0x49
 1320 0040 13       		.uleb128 0x13
 1321 0041 00       		.byte	0
 1322 0042 00       		.byte	0
 1323 0043 06       		.uleb128 0x6
 1324 0044 13       		.uleb128 0x13
 1325 0045 01       		.byte	0x1
 1326 0046 0B       		.uleb128 0xb
 1327 0047 0B       		.uleb128 0xb
 1328 0048 3A       		.uleb128 0x3a
 1329 0049 0B       		.uleb128 0xb
 1330 004a 3B       		.uleb128 0x3b
 1331 004b 0B       		.uleb128 0xb
 1332 004c 01       		.uleb128 0x1
 1333 004d 13       		.uleb128 0x13
 1334 004e 00       		.byte	0
 1335 004f 00       		.byte	0
 1336 0050 07       		.uleb128 0x7
 1337 0051 0D       		.uleb128 0xd
 1338 0052 00       		.byte	0
 1339 0053 03       		.uleb128 0x3
 1340 0054 0E       		.uleb128 0xe
 1341 0055 3A       		.uleb128 0x3a
 1342 0056 0B       		.uleb128 0xb
 1343 0057 3B       		.uleb128 0x3b
 1344 0058 0B       		.uleb128 0xb
 1345 0059 49       		.uleb128 0x49
 1346 005a 13       		.uleb128 0x13
 1347 005b 38       		.uleb128 0x38
ARM GAS  C:\Users\Evan\AppData\Local\Temp\ccaRi6L2.s 			page 28


 1348 005c 0B       		.uleb128 0xb
 1349 005d 00       		.byte	0
 1350 005e 00       		.byte	0
 1351 005f 08       		.uleb128 0x8
 1352 0060 01       		.uleb128 0x1
 1353 0061 01       		.byte	0x1
 1354 0062 49       		.uleb128 0x49
 1355 0063 13       		.uleb128 0x13
 1356 0064 01       		.uleb128 0x1
 1357 0065 13       		.uleb128 0x13
 1358 0066 00       		.byte	0
 1359 0067 00       		.byte	0
 1360 0068 09       		.uleb128 0x9
 1361 0069 21       		.uleb128 0x21
 1362 006a 00       		.byte	0
 1363 006b 49       		.uleb128 0x49
 1364 006c 13       		.uleb128 0x13
 1365 006d 2F       		.uleb128 0x2f
 1366 006e 0B       		.uleb128 0xb
 1367 006f 00       		.byte	0
 1368 0070 00       		.byte	0
 1369 0071 0A       		.uleb128 0xa
 1370 0072 0D       		.uleb128 0xd
 1371 0073 00       		.byte	0
 1372 0074 03       		.uleb128 0x3
 1373 0075 08       		.uleb128 0x8
 1374 0076 3A       		.uleb128 0x3a
 1375 0077 0B       		.uleb128 0xb
 1376 0078 3B       		.uleb128 0x3b
 1377 0079 0B       		.uleb128 0xb
 1378 007a 49       		.uleb128 0x49
 1379 007b 13       		.uleb128 0x13
 1380 007c 38       		.uleb128 0x38
 1381 007d 0B       		.uleb128 0xb
 1382 007e 00       		.byte	0
 1383 007f 00       		.byte	0
 1384 0080 0B       		.uleb128 0xb
 1385 0081 0F       		.uleb128 0xf
 1386 0082 00       		.byte	0
 1387 0083 0B       		.uleb128 0xb
 1388 0084 0B       		.uleb128 0xb
 1389 0085 49       		.uleb128 0x49
 1390 0086 13       		.uleb128 0x13
 1391 0087 00       		.byte	0
 1392 0088 00       		.byte	0
 1393 0089 0C       		.uleb128 0xc
 1394 008a 35       		.uleb128 0x35
 1395 008b 00       		.byte	0
 1396 008c 49       		.uleb128 0x49
 1397 008d 13       		.uleb128 0x13
 1398 008e 00       		.byte	0
 1399 008f 00       		.byte	0
 1400 0090 0D       		.uleb128 0xd
 1401 0091 2E       		.uleb128 0x2e
 1402 0092 00       		.byte	0
 1403 0093 3F       		.uleb128 0x3f
 1404 0094 19       		.uleb128 0x19
ARM GAS  C:\Users\Evan\AppData\Local\Temp\ccaRi6L2.s 			page 29


 1405 0095 03       		.uleb128 0x3
 1406 0096 0E       		.uleb128 0xe
 1407 0097 3A       		.uleb128 0x3a
 1408 0098 0B       		.uleb128 0xb
 1409 0099 3B       		.uleb128 0x3b
 1410 009a 0B       		.uleb128 0xb
 1411 009b 49       		.uleb128 0x49
 1412 009c 13       		.uleb128 0x13
 1413 009d 11       		.uleb128 0x11
 1414 009e 01       		.uleb128 0x1
 1415 009f 12       		.uleb128 0x12
 1416 00a0 06       		.uleb128 0x6
 1417 00a1 40       		.uleb128 0x40
 1418 00a2 18       		.uleb128 0x18
 1419 00a3 9742     		.uleb128 0x2117
 1420 00a5 19       		.uleb128 0x19
 1421 00a6 00       		.byte	0
 1422 00a7 00       		.byte	0
 1423 00a8 0E       		.uleb128 0xe
 1424 00a9 2E       		.uleb128 0x2e
 1425 00aa 01       		.byte	0x1
 1426 00ab 3F       		.uleb128 0x3f
 1427 00ac 19       		.uleb128 0x19
 1428 00ad 03       		.uleb128 0x3
 1429 00ae 0E       		.uleb128 0xe
 1430 00af 3A       		.uleb128 0x3a
 1431 00b0 0B       		.uleb128 0xb
 1432 00b1 3B       		.uleb128 0x3b
 1433 00b2 0B       		.uleb128 0xb
 1434 00b3 27       		.uleb128 0x27
 1435 00b4 19       		.uleb128 0x19
 1436 00b5 11       		.uleb128 0x11
 1437 00b6 01       		.uleb128 0x1
 1438 00b7 12       		.uleb128 0x12
 1439 00b8 06       		.uleb128 0x6
 1440 00b9 40       		.uleb128 0x40
 1441 00ba 18       		.uleb128 0x18
 1442 00bb 9742     		.uleb128 0x2117
 1443 00bd 19       		.uleb128 0x19
 1444 00be 01       		.uleb128 0x1
 1445 00bf 13       		.uleb128 0x13
 1446 00c0 00       		.byte	0
 1447 00c1 00       		.byte	0
 1448 00c2 0F       		.uleb128 0xf
 1449 00c3 05       		.uleb128 0x5
 1450 00c4 00       		.byte	0
 1451 00c5 03       		.uleb128 0x3
 1452 00c6 08       		.uleb128 0x8
 1453 00c7 3A       		.uleb128 0x3a
 1454 00c8 0B       		.uleb128 0xb
 1455 00c9 3B       		.uleb128 0x3b
 1456 00ca 0B       		.uleb128 0xb
 1457 00cb 49       		.uleb128 0x49
 1458 00cc 13       		.uleb128 0x13
 1459 00cd 02       		.uleb128 0x2
 1460 00ce 17       		.uleb128 0x17
 1461 00cf 00       		.byte	0
ARM GAS  C:\Users\Evan\AppData\Local\Temp\ccaRi6L2.s 			page 30


 1462 00d0 00       		.byte	0
 1463 00d1 10       		.uleb128 0x10
 1464 00d2 34       		.uleb128 0x34
 1465 00d3 00       		.byte	0
 1466 00d4 03       		.uleb128 0x3
 1467 00d5 0E       		.uleb128 0xe
 1468 00d6 3A       		.uleb128 0x3a
 1469 00d7 0B       		.uleb128 0xb
 1470 00d8 3B       		.uleb128 0x3b
 1471 00d9 0B       		.uleb128 0xb
 1472 00da 49       		.uleb128 0x49
 1473 00db 13       		.uleb128 0x13
 1474 00dc 02       		.uleb128 0x2
 1475 00dd 17       		.uleb128 0x17
 1476 00de 00       		.byte	0
 1477 00df 00       		.byte	0
 1478 00e0 11       		.uleb128 0x11
 1479 00e1 34       		.uleb128 0x34
 1480 00e2 00       		.byte	0
 1481 00e3 03       		.uleb128 0x3
 1482 00e4 0E       		.uleb128 0xe
 1483 00e5 3A       		.uleb128 0x3a
 1484 00e6 0B       		.uleb128 0xb
 1485 00e7 3B       		.uleb128 0x3b
 1486 00e8 0B       		.uleb128 0xb
 1487 00e9 49       		.uleb128 0x49
 1488 00ea 13       		.uleb128 0x13
 1489 00eb 02       		.uleb128 0x2
 1490 00ec 18       		.uleb128 0x18
 1491 00ed 00       		.byte	0
 1492 00ee 00       		.byte	0
 1493 00ef 12       		.uleb128 0x12
 1494 00f0 34       		.uleb128 0x34
 1495 00f1 00       		.byte	0
 1496 00f2 03       		.uleb128 0x3
 1497 00f3 08       		.uleb128 0x8
 1498 00f4 3A       		.uleb128 0x3a
 1499 00f5 0B       		.uleb128 0xb
 1500 00f6 3B       		.uleb128 0x3b
 1501 00f7 0B       		.uleb128 0xb
 1502 00f8 49       		.uleb128 0x49
 1503 00f9 13       		.uleb128 0x13
 1504 00fa 02       		.uleb128 0x2
 1505 00fb 17       		.uleb128 0x17
 1506 00fc 00       		.byte	0
 1507 00fd 00       		.byte	0
 1508 00fe 13       		.uleb128 0x13
 1509 00ff 898201   		.uleb128 0x4109
 1510 0102 00       		.byte	0
 1511 0103 11       		.uleb128 0x11
 1512 0104 01       		.uleb128 0x1
 1513 0105 31       		.uleb128 0x31
 1514 0106 13       		.uleb128 0x13
 1515 0107 00       		.byte	0
 1516 0108 00       		.byte	0
 1517 0109 14       		.uleb128 0x14
 1518 010a 2E       		.uleb128 0x2e
ARM GAS  C:\Users\Evan\AppData\Local\Temp\ccaRi6L2.s 			page 31


 1519 010b 01       		.byte	0x1
 1520 010c 3F       		.uleb128 0x3f
 1521 010d 19       		.uleb128 0x19
 1522 010e 03       		.uleb128 0x3
 1523 010f 0E       		.uleb128 0xe
 1524 0110 3A       		.uleb128 0x3a
 1525 0111 0B       		.uleb128 0xb
 1526 0112 3B       		.uleb128 0x3b
 1527 0113 0B       		.uleb128 0xb
 1528 0114 11       		.uleb128 0x11
 1529 0115 01       		.uleb128 0x1
 1530 0116 12       		.uleb128 0x12
 1531 0117 06       		.uleb128 0x6
 1532 0118 40       		.uleb128 0x40
 1533 0119 18       		.uleb128 0x18
 1534 011a 9742     		.uleb128 0x2117
 1535 011c 19       		.uleb128 0x19
 1536 011d 01       		.uleb128 0x1
 1537 011e 13       		.uleb128 0x13
 1538 011f 00       		.byte	0
 1539 0120 00       		.byte	0
 1540 0121 15       		.uleb128 0x15
 1541 0122 898201   		.uleb128 0x4109
 1542 0125 01       		.byte	0x1
 1543 0126 11       		.uleb128 0x11
 1544 0127 01       		.uleb128 0x1
 1545 0128 31       		.uleb128 0x31
 1546 0129 13       		.uleb128 0x13
 1547 012a 00       		.byte	0
 1548 012b 00       		.byte	0
 1549 012c 16       		.uleb128 0x16
 1550 012d 8A8201   		.uleb128 0x410a
 1551 0130 00       		.byte	0
 1552 0131 02       		.uleb128 0x2
 1553 0132 18       		.uleb128 0x18
 1554 0133 9142     		.uleb128 0x2111
 1555 0135 18       		.uleb128 0x18
 1556 0136 00       		.byte	0
 1557 0137 00       		.byte	0
 1558 0138 17       		.uleb128 0x17
 1559 0139 05       		.uleb128 0x5
 1560 013a 00       		.byte	0
 1561 013b 03       		.uleb128 0x3
 1562 013c 0E       		.uleb128 0xe
 1563 013d 3A       		.uleb128 0x3a
 1564 013e 0B       		.uleb128 0xb
 1565 013f 3B       		.uleb128 0x3b
 1566 0140 0B       		.uleb128 0xb
 1567 0141 49       		.uleb128 0x49
 1568 0142 13       		.uleb128 0x13
 1569 0143 02       		.uleb128 0x2
 1570 0144 17       		.uleb128 0x17
 1571 0145 00       		.byte	0
 1572 0146 00       		.byte	0
 1573 0147 18       		.uleb128 0x18
 1574 0148 898201   		.uleb128 0x4109
 1575 014b 01       		.byte	0x1
ARM GAS  C:\Users\Evan\AppData\Local\Temp\ccaRi6L2.s 			page 32


 1576 014c 11       		.uleb128 0x11
 1577 014d 01       		.uleb128 0x1
 1578 014e 31       		.uleb128 0x31
 1579 014f 13       		.uleb128 0x13
 1580 0150 01       		.uleb128 0x1
 1581 0151 13       		.uleb128 0x13
 1582 0152 00       		.byte	0
 1583 0153 00       		.byte	0
 1584 0154 19       		.uleb128 0x19
 1585 0155 34       		.uleb128 0x34
 1586 0156 00       		.byte	0
 1587 0157 03       		.uleb128 0x3
 1588 0158 0E       		.uleb128 0xe
 1589 0159 3A       		.uleb128 0x3a
 1590 015a 0B       		.uleb128 0xb
 1591 015b 3B       		.uleb128 0x3b
 1592 015c 05       		.uleb128 0x5
 1593 015d 49       		.uleb128 0x49
 1594 015e 13       		.uleb128 0x13
 1595 015f 3F       		.uleb128 0x3f
 1596 0160 19       		.uleb128 0x19
 1597 0161 3C       		.uleb128 0x3c
 1598 0162 19       		.uleb128 0x19
 1599 0163 00       		.byte	0
 1600 0164 00       		.byte	0
 1601 0165 1A       		.uleb128 0x1a
 1602 0166 34       		.uleb128 0x34
 1603 0167 00       		.byte	0
 1604 0168 03       		.uleb128 0x3
 1605 0169 0E       		.uleb128 0xe
 1606 016a 3A       		.uleb128 0x3a
 1607 016b 0B       		.uleb128 0xb
 1608 016c 3B       		.uleb128 0x3b
 1609 016d 0B       		.uleb128 0xb
 1610 016e 49       		.uleb128 0x49
 1611 016f 13       		.uleb128 0x13
 1612 0170 3F       		.uleb128 0x3f
 1613 0171 19       		.uleb128 0x19
 1614 0172 3C       		.uleb128 0x3c
 1615 0173 19       		.uleb128 0x19
 1616 0174 00       		.byte	0
 1617 0175 00       		.byte	0
 1618 0176 1B       		.uleb128 0x1b
 1619 0177 34       		.uleb128 0x34
 1620 0178 00       		.byte	0
 1621 0179 03       		.uleb128 0x3
 1622 017a 0E       		.uleb128 0xe
 1623 017b 3A       		.uleb128 0x3a
 1624 017c 0B       		.uleb128 0xb
 1625 017d 3B       		.uleb128 0x3b
 1626 017e 0B       		.uleb128 0xb
 1627 017f 49       		.uleb128 0x49
 1628 0180 13       		.uleb128 0x13
 1629 0181 3F       		.uleb128 0x3f
 1630 0182 19       		.uleb128 0x19
 1631 0183 02       		.uleb128 0x2
 1632 0184 18       		.uleb128 0x18
ARM GAS  C:\Users\Evan\AppData\Local\Temp\ccaRi6L2.s 			page 33


 1633 0185 00       		.byte	0
 1634 0186 00       		.byte	0
 1635 0187 1C       		.uleb128 0x1c
 1636 0188 2E       		.uleb128 0x2e
 1637 0189 00       		.byte	0
 1638 018a 3F       		.uleb128 0x3f
 1639 018b 19       		.uleb128 0x19
 1640 018c 3C       		.uleb128 0x3c
 1641 018d 19       		.uleb128 0x19
 1642 018e 6E       		.uleb128 0x6e
 1643 018f 0E       		.uleb128 0xe
 1644 0190 03       		.uleb128 0x3
 1645 0191 0E       		.uleb128 0xe
 1646 0192 3A       		.uleb128 0x3a
 1647 0193 0B       		.uleb128 0xb
 1648 0194 3B       		.uleb128 0x3b
 1649 0195 0B       		.uleb128 0xb
 1650 0196 00       		.byte	0
 1651 0197 00       		.byte	0
 1652 0198 1D       		.uleb128 0x1d
 1653 0199 2E       		.uleb128 0x2e
 1654 019a 00       		.byte	0
 1655 019b 3F       		.uleb128 0x3f
 1656 019c 19       		.uleb128 0x19
 1657 019d 3C       		.uleb128 0x3c
 1658 019e 19       		.uleb128 0x19
 1659 019f 6E       		.uleb128 0x6e
 1660 01a0 0E       		.uleb128 0xe
 1661 01a1 03       		.uleb128 0x3
 1662 01a2 0E       		.uleb128 0xe
 1663 01a3 3A       		.uleb128 0x3a
 1664 01a4 0B       		.uleb128 0xb
 1665 01a5 3B       		.uleb128 0x3b
 1666 01a6 05       		.uleb128 0x5
 1667 01a7 00       		.byte	0
 1668 01a8 00       		.byte	0
 1669 01a9 00       		.byte	0
 1670              		.section	.debug_loc,"",%progbits
 1671              	.Ldebug_loc0:
 1672              	.LLST0:
 1673 0000 00000000 		.4byte	.LVL0
 1674 0004 0B000000 		.4byte	.LVL1-1
 1675 0008 0100     		.2byte	0x1
 1676 000a 50       		.byte	0x50
 1677 000b 0B000000 		.4byte	.LVL1-1
 1678 000f 96000000 		.4byte	.LVL6
 1679 0013 0100     		.2byte	0x1
 1680 0015 54       		.byte	0x54
 1681 0016 96000000 		.4byte	.LVL6
 1682 001a A0000000 		.4byte	.LFE71
 1683 001e 0400     		.2byte	0x4
 1684 0020 F3       		.byte	0xf3
 1685 0021 01       		.uleb128 0x1
 1686 0022 50       		.byte	0x50
 1687 0023 9F       		.byte	0x9f
 1688 0024 00000000 		.4byte	0
 1689 0028 00000000 		.4byte	0
ARM GAS  C:\Users\Evan\AppData\Local\Temp\ccaRi6L2.s 			page 34


 1690              	.LLST1:
 1691 002c 00000000 		.4byte	.LVL0
 1692 0030 0B000000 		.4byte	.LVL1-1
 1693 0034 0100     		.2byte	0x1
 1694 0036 51       		.byte	0x51
 1695 0037 0B000000 		.4byte	.LVL1-1
 1696 003b 96000000 		.4byte	.LVL6
 1697 003f 0100     		.2byte	0x1
 1698 0041 55       		.byte	0x55
 1699 0042 96000000 		.4byte	.LVL6
 1700 0046 A0000000 		.4byte	.LFE71
 1701 004a 0400     		.2byte	0x4
 1702 004c F3       		.byte	0xf3
 1703 004d 01       		.uleb128 0x1
 1704 004e 51       		.byte	0x51
 1705 004f 9F       		.byte	0x9f
 1706 0050 00000000 		.4byte	0
 1707 0054 00000000 		.4byte	0
 1708              	.LLST2:
 1709 0058 0C000000 		.4byte	.LVL1
 1710 005c 91000000 		.4byte	.LVL5-1
 1711 0060 0100     		.2byte	0x1
 1712 0062 50       		.byte	0x50
 1713 0063 00000000 		.4byte	0
 1714 0067 00000000 		.4byte	0
 1715              	.LLST3:
 1716 006b 0C000000 		.4byte	.LVL1
 1717 006f 10000000 		.4byte	.LVL2
 1718 0073 0200     		.2byte	0x2
 1719 0075 30       		.byte	0x30
 1720 0076 9F       		.byte	0x9f
 1721 0077 10000000 		.4byte	.LVL2
 1722 007b 24000000 		.4byte	.LVL4
 1723 007f 0100     		.2byte	0x1
 1724 0081 53       		.byte	0x53
 1725 0082 00000000 		.4byte	0
 1726 0086 00000000 		.4byte	0
 1727              	.LLST4:
 1728 008a 00000000 		.4byte	.LVL8
 1729 008e 34000000 		.4byte	.LVL13
 1730 0092 0100     		.2byte	0x1
 1731 0094 50       		.byte	0x50
 1732 0095 34000000 		.4byte	.LVL13
 1733 0099 3E000000 		.4byte	.LFE73
 1734 009d 0400     		.2byte	0x4
 1735 009f F3       		.byte	0xf3
 1736 00a0 01       		.uleb128 0x1
 1737 00a1 50       		.byte	0x50
 1738 00a2 9F       		.byte	0x9f
 1739 00a3 00000000 		.4byte	0
 1740 00a7 00000000 		.4byte	0
 1741              	.LLST5:
 1742 00ab 00000000 		.4byte	.LVL8
 1743 00af 20000000 		.4byte	.LVL10
 1744 00b3 0100     		.2byte	0x1
 1745 00b5 51       		.byte	0x51
 1746 00b6 20000000 		.4byte	.LVL10
ARM GAS  C:\Users\Evan\AppData\Local\Temp\ccaRi6L2.s 			page 35


 1747 00ba 34000000 		.4byte	.LVL13
 1748 00be 0200     		.2byte	0x2
 1749 00c0 91       		.byte	0x91
 1750 00c1 6C       		.sleb128 -20
 1751 00c2 34000000 		.4byte	.LVL13
 1752 00c6 37000000 		.4byte	.LVL14-1
 1753 00ca 0200     		.2byte	0x2
 1754 00cc 70       		.byte	0x70
 1755 00cd 00       		.sleb128 0
 1756 00ce 37000000 		.4byte	.LVL14-1
 1757 00d2 3E000000 		.4byte	.LFE73
 1758 00d6 0400     		.2byte	0x4
 1759 00d8 F3       		.byte	0xf3
 1760 00d9 01       		.uleb128 0x1
 1761 00da 51       		.byte	0x51
 1762 00db 9F       		.byte	0x9f
 1763 00dc 00000000 		.4byte	0
 1764 00e0 00000000 		.4byte	0
 1765              	.LLST6:
 1766 00e4 1E000000 		.4byte	.LVL9
 1767 00e8 20000000 		.4byte	.LVL10
 1768 00ec 0200     		.2byte	0x2
 1769 00ee 30       		.byte	0x30
 1770 00ef 9F       		.byte	0x9f
 1771 00f0 20000000 		.4byte	.LVL10
 1772 00f4 2C000000 		.4byte	.LVL11
 1773 00f8 0100     		.2byte	0x1
 1774 00fa 53       		.byte	0x53
 1775 00fb 2E000000 		.4byte	.LVL12
 1776 00ff 37000000 		.4byte	.LVL14-1
 1777 0103 0100     		.2byte	0x1
 1778 0105 53       		.byte	0x53
 1779 0106 00000000 		.4byte	0
 1780 010a 00000000 		.4byte	0
 1781              	.LLST7:
 1782 010e 00000000 		.4byte	.LVL15
 1783 0112 2C000000 		.4byte	.LVL17
 1784 0116 0100     		.2byte	0x1
 1785 0118 50       		.byte	0x50
 1786 0119 2C000000 		.4byte	.LVL17
 1787 011d 2F000000 		.4byte	.LVL18-1
 1788 0121 0200     		.2byte	0x2
 1789 0123 70       		.byte	0x70
 1790 0124 00       		.sleb128 0
 1791 0125 2F000000 		.4byte	.LVL18-1
 1792 0129 36000000 		.4byte	.LFE74
 1793 012d 0400     		.2byte	0x4
 1794 012f F3       		.byte	0xf3
 1795 0130 01       		.uleb128 0x1
 1796 0131 50       		.byte	0x50
 1797 0132 9F       		.byte	0x9f
 1798 0133 00000000 		.4byte	0
 1799 0137 00000000 		.4byte	0
 1800              	.LLST8:
 1801 013b 00000000 		.4byte	.LVL15
 1802 013f 2A000000 		.4byte	.LVL16
 1803 0143 0100     		.2byte	0x1
ARM GAS  C:\Users\Evan\AppData\Local\Temp\ccaRi6L2.s 			page 36


 1804 0145 51       		.byte	0x51
 1805 0146 2A000000 		.4byte	.LVL16
 1806 014a 2F000000 		.4byte	.LVL18-1
 1807 014e 0200     		.2byte	0x2
 1808 0150 91       		.byte	0x91
 1809 0151 71       		.sleb128 -15
 1810 0152 2F000000 		.4byte	.LVL18-1
 1811 0156 36000000 		.4byte	.LFE74
 1812 015a 0400     		.2byte	0x4
 1813 015c F3       		.byte	0xf3
 1814 015d 01       		.uleb128 0x1
 1815 015e 51       		.byte	0x51
 1816 015f 9F       		.byte	0x9f
 1817 0160 00000000 		.4byte	0
 1818 0164 00000000 		.4byte	0
 1819              	.LLST9:
 1820 0168 00000000 		.4byte	.LVL19
 1821 016c 2C000000 		.4byte	.LVL21
 1822 0170 0100     		.2byte	0x1
 1823 0172 50       		.byte	0x50
 1824 0173 2C000000 		.4byte	.LVL21
 1825 0177 2F000000 		.4byte	.LVL22-1
 1826 017b 0200     		.2byte	0x2
 1827 017d 70       		.byte	0x70
 1828 017e 00       		.sleb128 0
 1829 017f 2F000000 		.4byte	.LVL22-1
 1830 0183 3C000000 		.4byte	.LFE75
 1831 0187 0400     		.2byte	0x4
 1832 0189 F3       		.byte	0xf3
 1833 018a 01       		.uleb128 0x1
 1834 018b 50       		.byte	0x50
 1835 018c 9F       		.byte	0x9f
 1836 018d 00000000 		.4byte	0
 1837 0191 00000000 		.4byte	0
 1838              	.LLST10:
 1839 0195 00000000 		.4byte	.LVL19
 1840 0199 2A000000 		.4byte	.LVL20
 1841 019d 0100     		.2byte	0x1
 1842 019f 51       		.byte	0x51
 1843 01a0 2A000000 		.4byte	.LVL20
 1844 01a4 3C000000 		.4byte	.LFE75
 1845 01a8 0400     		.2byte	0x4
 1846 01aa F3       		.byte	0xf3
 1847 01ab 01       		.uleb128 0x1
 1848 01ac 51       		.byte	0x51
 1849 01ad 9F       		.byte	0x9f
 1850 01ae 00000000 		.4byte	0
 1851 01b2 00000000 		.4byte	0
 1852              	.LLST11:
 1853 01b6 00000000 		.4byte	.LVL19
 1854 01ba 2F000000 		.4byte	.LVL22-1
 1855 01be 0100     		.2byte	0x1
 1856 01c0 52       		.byte	0x52
 1857 01c1 2F000000 		.4byte	.LVL22-1
 1858 01c5 3C000000 		.4byte	.LFE75
 1859 01c9 0400     		.2byte	0x4
 1860 01cb F3       		.byte	0xf3
ARM GAS  C:\Users\Evan\AppData\Local\Temp\ccaRi6L2.s 			page 37


 1861 01cc 01       		.uleb128 0x1
 1862 01cd 52       		.byte	0x52
 1863 01ce 9F       		.byte	0x9f
 1864 01cf 00000000 		.4byte	0
 1865 01d3 00000000 		.4byte	0
 1866              		.section	.debug_aranges,"",%progbits
 1867 0000 7C000000 		.4byte	0x7c
 1868 0004 0200     		.2byte	0x2
 1869 0006 00000000 		.4byte	.Ldebug_info0
 1870 000a 04       		.byte	0x4
 1871 000b 00       		.byte	0
 1872 000c 0000     		.2byte	0
 1873 000e 0000     		.2byte	0
 1874 0010 00000000 		.4byte	.LFB63
 1875 0014 0C000000 		.4byte	.LFE63-.LFB63
 1876 0018 00000000 		.4byte	.LFB64
 1877 001c 0C000000 		.4byte	.LFE64-.LFB64
 1878 0020 00000000 		.4byte	.LFB65
 1879 0024 0C000000 		.4byte	.LFE65-.LFB65
 1880 0028 00000000 		.4byte	.LFB66
 1881 002c 0C000000 		.4byte	.LFE66-.LFB66
 1882 0030 00000000 		.4byte	.LFB67
 1883 0034 0C000000 		.4byte	.LFE67-.LFB67
 1884 0038 00000000 		.4byte	.LFB68
 1885 003c 0C000000 		.4byte	.LFE68-.LFB68
 1886 0040 00000000 		.4byte	.LFB69
 1887 0044 0C000000 		.4byte	.LFE69-.LFB69
 1888 0048 00000000 		.4byte	.LFB70
 1889 004c 0C000000 		.4byte	.LFE70-.LFB70
 1890 0050 00000000 		.4byte	.LFB71
 1891 0054 A0000000 		.4byte	.LFE71-.LFB71
 1892 0058 00000000 		.4byte	.LFB72
 1893 005c 4A000000 		.4byte	.LFE72-.LFB72
 1894 0060 00000000 		.4byte	.LFB73
 1895 0064 3E000000 		.4byte	.LFE73-.LFB73
 1896 0068 00000000 		.4byte	.LFB74
 1897 006c 36000000 		.4byte	.LFE74-.LFB74
 1898 0070 00000000 		.4byte	.LFB75
 1899 0074 3C000000 		.4byte	.LFE75-.LFB75
 1900 0078 00000000 		.4byte	0
 1901 007c 00000000 		.4byte	0
 1902              		.section	.debug_ranges,"",%progbits
 1903              	.Ldebug_ranges0:
 1904 0000 00000000 		.4byte	.LFB63
 1905 0004 0C000000 		.4byte	.LFE63
 1906 0008 00000000 		.4byte	.LFB64
 1907 000c 0C000000 		.4byte	.LFE64
 1908 0010 00000000 		.4byte	.LFB65
 1909 0014 0C000000 		.4byte	.LFE65
 1910 0018 00000000 		.4byte	.LFB66
 1911 001c 0C000000 		.4byte	.LFE66
 1912 0020 00000000 		.4byte	.LFB67
 1913 0024 0C000000 		.4byte	.LFE67
 1914 0028 00000000 		.4byte	.LFB68
 1915 002c 0C000000 		.4byte	.LFE68
 1916 0030 00000000 		.4byte	.LFB69
 1917 0034 0C000000 		.4byte	.LFE69
ARM GAS  C:\Users\Evan\AppData\Local\Temp\ccaRi6L2.s 			page 38


 1918 0038 00000000 		.4byte	.LFB70
 1919 003c 0C000000 		.4byte	.LFE70
 1920 0040 00000000 		.4byte	.LFB71
 1921 0044 A0000000 		.4byte	.LFE71
 1922 0048 00000000 		.4byte	.LFB72
 1923 004c 4A000000 		.4byte	.LFE72
 1924 0050 00000000 		.4byte	.LFB73
 1925 0054 3E000000 		.4byte	.LFE73
 1926 0058 00000000 		.4byte	.LFB74
 1927 005c 36000000 		.4byte	.LFE74
 1928 0060 00000000 		.4byte	.LFB75
 1929 0064 3C000000 		.4byte	.LFE75
 1930 0068 00000000 		.4byte	0
 1931 006c 00000000 		.4byte	0
 1932              		.section	.debug_line,"",%progbits
 1933              	.Ldebug_line0:
 1934 0000 A5020000 		.section	.debug_str,"MS",%progbits,1
 1934      02006501 
 1934      00000201 
 1934      FB0E0D00 
 1934      01010101 
 1935              	.LASF39:
 1936 0000 63616E5F 		.ascii	"can_send\000"
 1936      73656E64 
 1936      00
 1937              	.LASF54:
 1938 0009 41434B5F 		.ascii	"ACK_RX\000"
 1938      525800
 1939              	.LASF52:
 1940 0010 43555254 		.ascii	"CURTIS_FAULT_CHECK\000"
 1940      49535F46 
 1940      41554C54 
 1940      5F434845 
 1940      434B00
 1941              	.LASF60:
 1942 0023 43794578 		.ascii	"CyExitCriticalSection\000"
 1942      69744372 
 1942      69746963 
 1942      616C5365 
 1942      6374696F 
 1943              	.LASF66:
 1944 0039 63616E5F 		.ascii	"can_test_send\000"
 1944      74657374 
 1944      5F73656E 
 1944      6400
 1945              	.LASF43:
 1946 0047 73746174 		.ascii	"state\000"
 1946      6500
 1947              	.LASF2:
 1948 004d 73686F72 		.ascii	"short int\000"
 1948      7420696E 
 1948      7400
 1949              	.LASF23:
 1950 0057 73697A65 		.ascii	"sizetype\000"
 1950      74797065 
 1950      00
 1951              	.LASF46:
ARM GAS  C:\Users\Evan\AppData\Local\Temp\ccaRi6L2.s 			page 39


 1952 0060 53657449 		.ascii	"SetInterlock\000"
 1952      6E746572 
 1952      6C6F636B 
 1952      00
 1953              	.LASF8:
 1954 006d 5F5F7569 		.ascii	"__uint32_t\000"
 1954      6E743332 
 1954      5F7400
 1955              	.LASF4:
 1956 0078 5F5F7569 		.ascii	"__uint16_t\000"
 1956      6E743136 
 1956      5F7400
 1957              	.LASF20:
 1958 0083 646F7562 		.ascii	"double\000"
 1958      6C6500
 1959              	.LASF50:
 1960 008a 70656461 		.ascii	"pedalOK\000"
 1960      6C4F4B00 
 1961              	.LASF45:
 1962 0092 63616E5F 		.ascii	"can_send_cmd\000"
 1962      73656E64 
 1962      5F636D64 
 1962      00
 1963              	.LASF47:
 1964 009f 56434C5F 		.ascii	"VCL_Throttle_High\000"
 1964      5468726F 
 1964      74746C65 
 1964      5F486967 
 1964      6800
 1965              	.LASF13:
 1966 00b1 75696E74 		.ascii	"uint8_t\000"
 1966      385F7400 
 1967              	.LASF32:
 1968 00b9 67657441 		.ascii	"getABSMotorRPM\000"
 1968      42534D6F 
 1968      746F7252 
 1968      504D00
 1969              	.LASF17:
 1970 00c8 75696E74 		.ascii	"uint8\000"
 1970      3800
 1971              	.LASF57:
 1972 00ce 5448524F 		.ascii	"THROTTLE_HIGH\000"
 1972      54544C45 
 1972      5F484947 
 1972      4800
 1973              	.LASF19:
 1974 00dc 666C6F61 		.ascii	"float\000"
 1974      7400
 1975              	.LASF44:
 1976 00e2 6572726F 		.ascii	"errorState\000"
 1976      72537461 
 1976      746500
 1977              	.LASF10:
 1978 00ed 6C6F6E67 		.ascii	"long long int\000"
 1978      206C6F6E 
 1978      6720696E 
 1978      7400
ARM GAS  C:\Users\Evan\AppData\Local\Temp\ccaRi6L2.s 			page 40


 1979              	.LASF33:
 1980 00fb 67657450 		.ascii	"getPedalLow\000"
 1980      6564616C 
 1980      4C6F7700 
 1981              	.LASF58:
 1982 0107 5448524F 		.ascii	"THROTTLE_LOW\000"
 1982      54544C45 
 1982      5F4C4F57 
 1982      00
 1983              	.LASF7:
 1984 0114 6C6F6E67 		.ascii	"long int\000"
 1984      20696E74 
 1984      00
 1985              	.LASF35:
 1986 011d 496E7465 		.ascii	"InterruptState\000"
 1986      72727570 
 1986      74537461 
 1986      746500
 1987              	.LASF9:
 1988 012c 6C6F6E67 		.ascii	"long unsigned int\000"
 1988      20756E73 
 1988      69676E65 
 1988      6420696E 
 1988      7400
 1989              	.LASF3:
 1990 013e 5F5F7569 		.ascii	"__uint8_t\000"
 1990      6E74385F 
 1990      7400
 1991              	.LASF37:
 1992 0148 48656172 		.ascii	"HeartB\000"
 1992      744200
 1993              	.LASF65:
 1994 014f 433A5C55 		.ascii	"C:\\Users\\Evan\\Documents\\GitHub\\FE3-Dashboard\\"
 1994      73657273 
 1994      5C457661 
 1994      6E5C446F 
 1994      63756D65 
 1995 017c 44617368 		.ascii	"Dashboard.cydsn\000"
 1995      626F6172 
 1995      642E6379 
 1995      64736E00 
 1996              	.LASF51:
 1997 018c 43415041 		.ascii	"CAPACITOR_VOLT\000"
 1997      4349544F 
 1997      525F564F 
 1997      4C5400
 1998              	.LASF31:
 1999 019b 67657445 		.ascii	"getErrorTolerance\000"
 1999      72726F72 
 1999      546F6C65 
 1999      72616E63 
 1999      6500
 2000              	.LASF22:
 2001 01ad 6C6F6E67 		.ascii	"long double\000"
 2001      20646F75 
 2001      626C6500 
 2002              	.LASF1:
ARM GAS  C:\Users\Evan\AppData\Local\Temp\ccaRi6L2.s 			page 41


 2003 01b9 756E7369 		.ascii	"unsigned char\000"
 2003      676E6564 
 2003      20636861 
 2003      7200
 2004              	.LASF30:
 2005 01c7 67657441 		.ascii	"getAckRx\000"
 2005      636B5278 
 2005      00
 2006              	.LASF0:
 2007 01d0 7369676E 		.ascii	"signed char\000"
 2007      65642063 
 2007      68617200 
 2008              	.LASF11:
 2009 01dc 6C6F6E67 		.ascii	"long long unsigned int\000"
 2009      206C6F6E 
 2009      6720756E 
 2009      7369676E 
 2009      65642069 
 2010              	.LASF16:
 2011 01f3 75696E74 		.ascii	"uint32_t\000"
 2011      33325F74 
 2011      00
 2012              	.LASF12:
 2013 01fc 756E7369 		.ascii	"unsigned int\000"
 2013      676E6564 
 2013      20696E74 
 2013      00
 2014              	.LASF14:
 2015 0209 75696E74 		.ascii	"uint16_t\000"
 2015      31365F74 
 2015      00
 2016              	.LASF24:
 2017 0212 43414E5F 		.ascii	"CAN_DATA_BYTES_MSG\000"
 2017      44415441 
 2017      5F425954 
 2017      45535F4D 
 2017      534700
 2018              	.LASF27:
 2019 0225 67657443 		.ascii	"getCapacitorVoltage\000"
 2019      61706163 
 2019      69746F72 
 2019      566F6C74 
 2019      61676500 
 2020              	.LASF53:
 2021 0239 43555254 		.ascii	"CURTIS_HEART_BEAT_CHECK\000"
 2021      49535F48 
 2021      45415254 
 2021      5F424541 
 2021      545F4348 
 2022              	.LASF5:
 2023 0251 73686F72 		.ascii	"short unsigned int\000"
 2023      7420756E 
 2023      7369676E 
 2023      65642069 
 2023      6E7400
 2024              	.LASF34:
 2025 0264 67657450 		.ascii	"getPedalHigh\000"
ARM GAS  C:\Users\Evan\AppData\Local\Temp\ccaRi6L2.s 			page 42


 2025      6564616C 
 2025      48696768 
 2025      00
 2026              	.LASF42:
 2027 0271 63616E5F 		.ascii	"can_send_status\000"
 2027      73656E64 
 2027      5F737461 
 2027      74757300 
 2028              	.LASF21:
 2029 0281 63686172 		.ascii	"char\000"
 2029      00
 2030              	.LASF28:
 2031 0286 67657443 		.ascii	"getCurtisFaultCheck\000"
 2031      75727469 
 2031      73466175 
 2031      6C744368 
 2031      65636B00 
 2032              	.LASF15:
 2033 029a 696E7433 		.ascii	"int32_t\000"
 2033      325F7400 
 2034              	.LASF59:
 2035 02a2 4379456E 		.ascii	"CyEnterCriticalSection\000"
 2035      74657243 
 2035      72697469 
 2035      63616C53 
 2035      65637469 
 2036              	.LASF36:
 2037 02b9 64617461 		.ascii	"data\000"
 2037      00
 2038              	.LASF48:
 2039 02be 56434C5F 		.ascii	"VCL_Throttle_Low\000"
 2039      5468726F 
 2039      74746C65 
 2039      5F4C6F77 
 2039      00
 2040              	.LASF18:
 2041 02cf 75696E74 		.ascii	"uint32\000"
 2041      333200
 2042              	.LASF40:
 2043 02d6 6D657373 		.ascii	"message\000"
 2043      61676500 
 2044              	.LASF26:
 2045 02de 43414E5F 		.ascii	"CAN_TX_MSG\000"
 2045      54585F4D 
 2045      534700
 2046              	.LASF61:
 2047 02e9 43414E5F 		.ascii	"CAN_SendMsg\000"
 2047      53656E64 
 2047      4D736700 
 2048              	.LASF29:
 2049 02f5 67657443 		.ascii	"getCurtisHeartBeatCheck\000"
 2049      75727469 
 2049      73486561 
 2049      72744265 
 2049      61744368 
 2050              	.LASF25:
 2051 030d 62797465 		.ascii	"byte\000"
ARM GAS  C:\Users\Evan\AppData\Local\Temp\ccaRi6L2.s 			page 43


 2051      00
 2052              	.LASF6:
 2053 0312 5F5F696E 		.ascii	"__int32_t\000"
 2053      7433325F 
 2053      7400
 2054              	.LASF64:
 2055 031c 63616E5F 		.ascii	"can_manga.c\000"
 2055      6D616E67 
 2055      612E6300 
 2056              	.LASF56:
 2057 0328 4142535F 		.ascii	"ABS_MOTOR_RPM\000"
 2057      4D4F544F 
 2057      525F5250 
 2057      4D00
 2058              	.LASF55:
 2059 0336 4552524F 		.ascii	"ERROR_TOLERANCE\000"
 2059      525F544F 
 2059      4C455241 
 2059      4E434500 
 2060              	.LASF49:
 2061 0346 49544D5F 		.ascii	"ITM_RxBuffer\000"
 2061      52784275 
 2061      66666572 
 2061      00
 2062              	.LASF63:
 2063 0353 474E5520 		.ascii	"GNU C11 5.4.1 20160609 (release) [ARM/embedded-5-br"
 2063      43313120 
 2063      352E342E 
 2063      31203230 
 2063      31363036 
 2064 0386 616E6368 		.ascii	"anch revision 237715] -mcpu=cortex-m3 -mthumb -g -O"
 2064      20726576 
 2064      6973696F 
 2064      6E203233 
 2064      37373135 
 2065 03b9 67202D66 		.ascii	"g -ffunction-sections -ffat-lto-objects\000"
 2065      66756E63 
 2065      74696F6E 
 2065      2D736563 
 2065      74696F6E 
 2066              	.LASF62:
 2067 03e1 43794465 		.ascii	"CyDelay\000"
 2067      6C617900 
 2068              	.LASF38:
 2069 03e9 63616E5F 		.ascii	"can_receive\000"
 2069      72656365 
 2069      69766500 
 2070              	.LASF41:
 2071 03f5 7061796C 		.ascii	"payload\000"
 2071      6F616400 
 2072              		.ident	"GCC: (GNU Tools for ARM Embedded Processors) 5.4.1 20160609 (release) [ARM/embedded-5-bran
