ARM GAS  C:\Users\Schuyler\AppData\Local\Temp\cc3y7fvX.s 			page 1


   1              		.syntax unified
   2              		.cpu cortex-m3
   3              		.fpu softvfp
   4              		.eabi_attribute 20, 1
   5              		.eabi_attribute 21, 1
   6              		.eabi_attribute 23, 3
   7              		.eabi_attribute 24, 1
   8              		.eabi_attribute 25, 1
   9              		.eabi_attribute 26, 1
  10              		.eabi_attribute 30, 1
  11              		.eabi_attribute 34, 1
  12              		.eabi_attribute 18, 4
  13              		.thumb
  14              		.syntax unified
  15              		.file	"cymetadata.c"
  16              		.text
  17              	.Ltext0:
  18              		.cfi_sections	.debug_frame
  19              		.global	cy_metadata
  20              		.global	cy_meta_flashprotect
  21              		.global	cy_meta_wonvl
  22              		.global	cy_meta_custnvl
  23              		.global	cy_meta_configecc
  24              		.section	.cyconfigecc,"a",%progbits
  25              		.align	2
  26              		.type	cy_meta_configecc, %object
  27              		.size	cy_meta_configecc, 408
  28              	cy_meta_configecc:
  29 0000 01       		.byte	1
  30 0001 4F       		.byte	79
  31 0002 00       		.byte	0
  32 0003 40       		.byte	64
  33 0004 02       		.byte	2
  34 0005 52       		.byte	82
  35 0006 00       		.byte	0
  36 0007 40       		.byte	64
  37 0008 01       		.byte	1
  38 0009 64       		.byte	100
  39 000a 00       		.byte	0
  40 000b 40       		.byte	64
  41 000c 01       		.byte	1
  42 000d 03       		.byte	3
  43 000e 01       		.byte	1
  44 000f 40       		.byte	64
  45 0010 28       		.byte	40
  46 0011 0A       		.byte	10
  47 0012 01       		.byte	1
  48 0013 40       		.byte	64
  49 0014 09       		.byte	9
  50 0015 0B       		.byte	11
  51 0016 01       		.byte	1
  52 0017 40       		.byte	64
  53 0018 1F       		.byte	31
  54 0019 0C       		.byte	12
  55 001a 01       		.byte	1
  56 001b 40       		.byte	64
  57 001c 13       		.byte	19
ARM GAS  C:\Users\Schuyler\AppData\Local\Temp\cc3y7fvX.s 			page 2


  58 001d 0D       		.byte	13
  59 001e 01       		.byte	1
  60 001f 40       		.byte	64
  61 0020 02       		.byte	2
  62 0021 15       		.byte	21
  63 0022 01       		.byte	1
  64 0023 40       		.byte	64
  65 0024 04       		.byte	4
  66 0025 16       		.byte	22
  67 0026 01       		.byte	1
  68 0027 40       		.byte	64
  69 0028 02       		.byte	2
  70 0029 17       		.byte	23
  71 002a 01       		.byte	1
  72 002b 40       		.byte	64
  73 002c 02       		.byte	2
  74 002d 1B       		.byte	27
  75 002e 01       		.byte	1
  76 002f 40       		.byte	64
  77 0030 03       		.byte	3
  78 0031 40       		.byte	64
  79 0032 01       		.byte	1
  80 0033 40       		.byte	64
  81 0034 03       		.byte	3
  82 0035 41       		.byte	65
  83 0036 01       		.byte	1
  84 0037 40       		.byte	64
  85 0038 03       		.byte	3
  86 0039 42       		.byte	66
  87 003a 01       		.byte	1
  88 003b 40       		.byte	64
  89 003c 04       		.byte	4
  90 003d 48       		.byte	72
  91 003e 01       		.byte	1
  92 003f 40       		.byte	64
  93 0040 07       		.byte	7
  94 0041 49       		.byte	73
  95 0042 01       		.byte	1
  96 0043 40       		.byte	64
  97 0044 07       		.byte	7
  98 0045 4D       		.byte	77
  99 0046 01       		.byte	1
 100 0047 40       		.byte	64
 101 0048 03       		.byte	3
 102 0049 50       		.byte	80
 103 004a 01       		.byte	1
 104 004b 40       		.byte	64
 105 004c 01       		.byte	1
 106 004d 51       		.byte	81
 107 004e 01       		.byte	1
 108 004f 40       		.byte	64
 109 0050 0A       		.byte	10
 110 0051 36       		.byte	54
 111 0052 19       		.byte	25
 112 0053 20       		.byte	32
 113 0054 1C       		.byte	28
 114 0055 03       		.byte	3
ARM GAS  C:\Users\Schuyler\AppData\Local\Temp\cc3y7fvX.s 			page 3


 115 0056 8C       		.byte	-116
 116 0057 0D       		.byte	13
 117 0058 E6       		.byte	-26
 118 0059 02       		.byte	2
 119 005a 40       		.byte	64
 120 005b 54       		.byte	84
 121 005c 49       		.byte	73
 122 005d FF       		.byte	-1
 123 005e 4A       		.byte	74
 124 005f FF       		.byte	-1
 125 0060 4B       		.byte	75
 126 0061 FF       		.byte	-1
 127 0062 4F       		.byte	79
 128 0063 01       		.byte	1
 129 0064 50       		.byte	80
 130 0065 18       		.byte	24
 131 0066 52       		.byte	82
 132 0067 80       		.byte	-128
 133 0068 5A       		.byte	90
 134 0069 04       		.byte	4
 135 006a 5B       		.byte	91
 136 006b 04       		.byte	4
 137 006c 5D       		.byte	93
 138 006d 99       		.byte	-103
 139 006e 5F       		.byte	95
 140 006f 01       		.byte	1
 141 0070 60       		.byte	96
 142 0071 40       		.byte	64
 143 0072 62       		.byte	98
 144 0073 40       		.byte	64
 145 0074 64       		.byte	100
 146 0075 40       		.byte	64
 147 0076 65       		.byte	101
 148 0077 40       		.byte	64
 149 0078 66       		.byte	102
 150 0079 80       		.byte	-128
 151 007a 68       		.byte	104
 152 007b 80       		.byte	-128
 153 007c 6A       		.byte	106
 154 007d 80       		.byte	-128
 155 007e 6C       		.byte	108
 156 007f 80       		.byte	-128
 157 0080 6E       		.byte	110
 158 0081 80       		.byte	-128
 159 0082 C0       		.byte	-64
 160 0083 54       		.byte	84
 161 0084 C9       		.byte	-55
 162 0085 FF       		.byte	-1
 163 0086 CA       		.byte	-54
 164 0087 FF       		.byte	-1
 165 0088 CB       		.byte	-53
 166 0089 FF       		.byte	-1
 167 008a CD       		.byte	-51
 168 008b 83       		.byte	-125
 169 008c CE       		.byte	-50
 170 008d 03       		.byte	3
 171 008e CF       		.byte	-49
ARM GAS  C:\Users\Schuyler\AppData\Local\Temp\cc3y7fvX.s 			page 4


 172 008f 01       		.byte	1
 173 0090 D0       		.byte	-48
 174 0091 18       		.byte	24
 175 0092 DA       		.byte	-38
 176 0093 04       		.byte	4
 177 0094 DD       		.byte	-35
 178 0095 09       		.byte	9
 179 0096 DF       		.byte	-33
 180 0097 01       		.byte	1
 181 0098 E0       		.byte	-32
 182 0099 40       		.byte	64
 183 009a E2       		.byte	-30
 184 009b 40       		.byte	64
 185 009c E4       		.byte	-28
 186 009d 40       		.byte	64
 187 009e E5       		.byte	-27
 188 009f 40       		.byte	64
 189 00a0 E6       		.byte	-26
 190 00a1 80       		.byte	-128
 191 00a2 E8       		.byte	-24
 192 00a3 80       		.byte	-128
 193 00a4 EA       		.byte	-22
 194 00a5 80       		.byte	-128
 195 00a6 EC       		.byte	-20
 196 00a7 80       		.byte	-128
 197 00a8 EE       		.byte	-18
 198 00a9 80       		.byte	-128
 199 00aa 42       		.byte	66
 200 00ab 80       		.byte	-128
 201 00ac 46       		.byte	70
 202 00ad 80       		.byte	-128
 203 00ae 48       		.byte	72
 204 00af 02       		.byte	2
 205 00b0 4C       		.byte	76
 206 00b1 02       		.byte	2
 207 00b2 70       		.byte	112
 208 00b3 02       		.byte	2
 209 00b4 9A       		.byte	-102
 210 00b5 80       		.byte	-128
 211 00b6 A4       		.byte	-92
 212 00b7 02       		.byte	2
 213 00b8 D0       		.byte	-48
 214 00b9 81       		.byte	-127
 215 00ba D2       		.byte	-46
 216 00bb 18       		.byte	24
 217 00bc 12       		.byte	18
 218 00bd 01       		.byte	1
 219 00be 22       		.byte	34
 220 00bf 01       		.byte	1
 221 00c0 30       		.byte	48
 222 00c1 01       		.byte	1
 223 00c2 3E       		.byte	62
 224 00c3 01       		.byte	1
 225 00c4 40       		.byte	64
 226 00c5 54       		.byte	84
 227 00c6 45       		.byte	69
 228 00c7 EC       		.byte	-20
ARM GAS  C:\Users\Schuyler\AppData\Local\Temp\cc3y7fvX.s 			page 5


 229 00c8 46       		.byte	70
 230 00c9 02       		.byte	2
 231 00ca 48       		.byte	72
 232 00cb 07       		.byte	7
 233 00cc 49       		.byte	73
 234 00cd FF       		.byte	-1
 235 00ce 4A       		.byte	74
 236 00cf FF       		.byte	-1
 237 00d0 4B       		.byte	75
 238 00d1 FF       		.byte	-1
 239 00d2 4D       		.byte	77
 240 00d3 83       		.byte	-125
 241 00d4 4E       		.byte	78
 242 00d5 03       		.byte	3
 243 00d6 4F       		.byte	79
 244 00d7 01       		.byte	1
 245 00d8 50       		.byte	80
 246 00d9 18       		.byte	24
 247 00da 54       		.byte	84
 248 00db 01       		.byte	1
 249 00dc 56       		.byte	86
 250 00dd 04       		.byte	4
 251 00de 58       		.byte	88
 252 00df 04       		.byte	4
 253 00e0 5A       		.byte	90
 254 00e1 04       		.byte	4
 255 00e2 5B       		.byte	91
 256 00e3 04       		.byte	4
 257 00e4 5D       		.byte	93
 258 00e5 99       		.byte	-103
 259 00e6 5F       		.byte	95
 260 00e7 01       		.byte	1
 261 00e8 60       		.byte	96
 262 00e9 40       		.byte	64
 263 00ea 62       		.byte	98
 264 00eb 40       		.byte	64
 265 00ec 64       		.byte	100
 266 00ed 40       		.byte	64
 267 00ee 65       		.byte	101
 268 00ef 40       		.byte	64
 269 00f0 66       		.byte	102
 270 00f1 80       		.byte	-128
 271 00f2 68       		.byte	104
 272 00f3 80       		.byte	-128
 273 00f4 6A       		.byte	106
 274 00f5 80       		.byte	-128
 275 00f6 6C       		.byte	108
 276 00f7 80       		.byte	-128
 277 00f8 6E       		.byte	110
 278 00f9 80       		.byte	-128
 279 00fa 0C       		.byte	12
 280 00fb 02       		.byte	2
 281 00fc 16       		.byte	22
 282 00fd 80       		.byte	-128
 283 00fe 1E       		.byte	30
 284 00ff 80       		.byte	-128
 285 0100 46       		.byte	70
ARM GAS  C:\Users\Schuyler\AppData\Local\Temp\cc3y7fvX.s 			page 6


 286 0101 80       		.byte	-128
 287 0102 4C       		.byte	76
 288 0103 02       		.byte	2
 289 0104 4D       		.byte	77
 290 0105 04       		.byte	4
 291 0106 4F       		.byte	79
 292 0107 01       		.byte	1
 293 0108 56       		.byte	86
 294 0109 80       		.byte	-128
 295 010a 5D       		.byte	93
 296 010b 04       		.byte	4
 297 010c 5E       		.byte	94
 298 010d 80       		.byte	-128
 299 010e 5F       		.byte	95
 300 010f 01       		.byte	1
 301 0110 67       		.byte	103
 302 0111 40       		.byte	64
 303 0112 87       		.byte	-121
 304 0113 40       		.byte	64
 305 0114 C2       		.byte	-62
 306 0115 10       		.byte	16
 307 0116 C4       		.byte	-60
 308 0117 10       		.byte	16
 309 0118 D0       		.byte	-48
 310 0119 80       		.byte	-128
 311 011a D2       		.byte	-46
 312 011b 10       		.byte	16
 313 011c D6       		.byte	-42
 314 011d D0       		.byte	-48
 315 011e D8       		.byte	-40
 316 011f 80       		.byte	-128
 317 0120 E0       		.byte	-32
 318 0121 04       		.byte	4
 319 0122 E6       		.byte	-26
 320 0123 10       		.byte	16
 321 0124 B8       		.byte	-72
 322 0125 80       		.byte	-128
 323 0126 BE       		.byte	-66
 324 0127 40       		.byte	64
 325 0128 D8       		.byte	-40
 326 0129 04       		.byte	4
 327 012a DF       		.byte	-33
 328 012b 01       		.byte	1
 329 012c 1A       		.byte	26
 330 012d 02       		.byte	2
 331 012e 86       		.byte	-122
 332 012f 01       		.byte	1
 333 0130 E0       		.byte	-32
 334 0131 04       		.byte	4
 335 0132 E6       		.byte	-26
 336 0133 10       		.byte	16
 337 0134 32       		.byte	50
 338 0135 80       		.byte	-128
 339 0136 36       		.byte	54
 340 0137 20       		.byte	32
 341 0138 CC       		.byte	-52
 342 0139 30       		.byte	48
ARM GAS  C:\Users\Schuyler\AppData\Local\Temp\cc3y7fvX.s 			page 7


 343 013a 86       		.byte	-122
 344 013b 20       		.byte	32
 345 013c A6       		.byte	-90
 346 013d A0       		.byte	-96
 347 013e E6       		.byte	-26
 348 013f 40       		.byte	64
 349 0140 12       		.byte	18
 350 0141 80       		.byte	-128
 351 0142 A6       		.byte	-90
 352 0143 80       		.byte	-128
 353 0144 C4       		.byte	-60
 354 0145 10       		.byte	16
 355 0146 67       		.byte	103
 356 0147 20       		.byte	32
 357 0148 87       		.byte	-121
 358 0149 10       		.byte	16
 359 014a D8       		.byte	-40
 360 014b 80       		.byte	-128
 361 014c E6       		.byte	-26
 362 014d 40       		.byte	64
 363 014e 0A       		.byte	10
 364 014f 40       		.byte	64
 365 0150 62       		.byte	98
 366 0151 04       		.byte	4
 367 0152 82       		.byte	-126
 368 0153 40       		.byte	64
 369 0154 8E       		.byte	-114
 370 0155 04       		.byte	4
 371 0156 C2       		.byte	-62
 372 0157 10       		.byte	16
 373 0158 D8       		.byte	-40
 374 0159 40       		.byte	64
 375 015a E0       		.byte	-32
 376 015b 20       		.byte	32
 377 015c 1A       		.byte	26
 378 015d 10       		.byte	16
 379 015e 7B       		.byte	123
 380 015f 40       		.byte	64
 381 0160 83       		.byte	-125
 382 0161 40       		.byte	64
 383 0162 8E       		.byte	-114
 384 0163 10       		.byte	16
 385 0164 C6       		.byte	-58
 386 0165 08       		.byte	8
 387 0166 DE       		.byte	-34
 388 0167 02       		.byte	2
 389 0168 E6       		.byte	-26
 390 0169 08       		.byte	8
 391 016a 01       		.byte	1
 392 016b 01       		.byte	1
 393 016c 0D       		.byte	13
 394 016d 01       		.byte	1
 395 016e 0F       		.byte	15
 396 016f 01       		.byte	1
 397 0170 00       		.byte	0
 398 0171 0E       		.byte	14
 399 0172 00       		.byte	0
ARM GAS  C:\Users\Schuyler\AppData\Local\Temp\cc3y7fvX.s 			page 8


 400 0173 00       		.byte	0
 401 0174 0E       		.byte	14
 402 0175 00       		.byte	0
 403 0176 00       		.byte	0
 404 0177 0E       		.byte	14
 405 0178 0E       		.byte	14
 406 0179 00       		.byte	0
 407 017a 00       		.byte	0
 408 017b 00       		.byte	0
 409 017c 00       		.byte	0
 410 017d 00       		.byte	0
 411 017e 00       		.byte	0
 412 017f 00       		.byte	0
 413 0180 00       		.byte	0
 414 0181 0B       		.byte	11
 415 0182 0B       		.byte	11
 416 0183 00       		.byte	0
 417 0184 00       		.byte	0
 418 0185 00       		.byte	0
 419 0186 00       		.byte	0
 420 0187 00       		.byte	0
 421 0188 13       		.byte	19
 422 0189 20       		.byte	32
 423 018a 20       		.byte	32
 424 018b 00       		.byte	0
 425 018c 20       		.byte	32
 426 018d 00       		.byte	0
 427 018e 00       		.byte	0
 428 018f 00       		.byte	0
 429 0190 00       		.byte	0
 430 0191 06       		.byte	6
 431 0192 06       		.byte	6
 432 0193 00       		.byte	0
 433 0194 00       		.byte	0
 434 0195 00       		.byte	0
 435 0196 00       		.byte	0
 436 0197 00       		.byte	0
 437              		.section	.cywolatch,"a",%progbits
 438              		.align	2
 439              		.type	cy_meta_wonvl, %object
 440              		.size	cy_meta_wonvl, 4
 441              	cy_meta_wonvl:
 442 0000 BC       		.byte	-68
 443 0001 90       		.byte	-112
 444 0002 AC       		.byte	-84
 445 0003 AF       		.byte	-81
 446              		.section	.cycustnvl,"a",%progbits
 447              		.align	2
 448              		.type	cy_meta_custnvl, %object
 449              		.size	cy_meta_custnvl, 4
 450              	cy_meta_custnvl:
 451 0000 00       		.byte	0
 452 0001 00       		.byte	0
 453 0002 40       		.byte	64
 454 0003 05       		.byte	5
 455              		.section	.cymeta,"a",%progbits
 456              		.align	2
ARM GAS  C:\Users\Schuyler\AppData\Local\Temp\cc3y7fvX.s 			page 9


 457              		.type	cy_metadata, %object
 458              		.size	cy_metadata, 12
 459              	cy_metadata:
 460 0000 00       		.byte	0
 461 0001 01       		.byte	1
 462 0002 2E       		.byte	46
 463 0003 12       		.byte	18
 464 0004 30       		.byte	48
 465 0005 69       		.byte	105
 466 0006 00       		.byte	0
 467 0007 01       		.byte	1
 468 0008 00       		.byte	0
 469 0009 00       		.byte	0
 470 000a 00       		.byte	0
 471 000b 00       		.byte	0
 472              		.section	.cyflashprotect,"a",%progbits
 473              		.align	2
 474              		.type	cy_meta_flashprotect, %object
 475              		.size	cy_meta_flashprotect, 256
 476              	cy_meta_flashprotect:
 477 0000 00000000 		.space	256
 477      00000000 
 477      00000000 
 477      00000000 
 477      00000000 
 478              		.text
 479              	.Letext0:
 480              		.file 1 "c:\\program files (x86)\\cypress\\psoc creator\\4.2\\psoc creator\\import\\gnu\\arm\\5.4.
 481              		.file 2 "c:\\program files (x86)\\cypress\\psoc creator\\4.2\\psoc creator\\import\\gnu\\arm\\5.4.
 482              		.file 3 "Generated_Source\\PSoC5\\cymetadata.c"
 483              		.section	.debug_info,"",%progbits
 484              	.Ldebug_info0:
 485 0000 31010000 		.4byte	0x131
 486 0004 0400     		.2byte	0x4
 487 0006 00000000 		.4byte	.Ldebug_abbrev0
 488 000a 04       		.byte	0x4
 489 000b 01       		.uleb128 0x1
 490 000c 24000000 		.4byte	.LASF17
 491 0010 0C       		.byte	0xc
 492 0011 CF010000 		.4byte	.LASF18
 493 0015 5F010000 		.4byte	.LASF19
 494 0019 00000000 		.4byte	.Ldebug_line0
 495 001d 02       		.uleb128 0x2
 496 001e 01       		.byte	0x1
 497 001f 06       		.byte	0x6
 498 0020 C3010000 		.4byte	.LASF0
 499 0024 03       		.uleb128 0x3
 500 0025 00000000 		.4byte	.LASF9
 501 0029 01       		.byte	0x1
 502 002a 1D       		.byte	0x1d
 503 002b 2F000000 		.4byte	0x2f
 504 002f 02       		.uleb128 0x2
 505 0030 01       		.byte	0x1
 506 0031 08       		.byte	0x8
 507 0032 16000000 		.4byte	.LASF1
 508 0036 02       		.uleb128 0x2
 509 0037 02       		.byte	0x2
ARM GAS  C:\Users\Schuyler\AppData\Local\Temp\cc3y7fvX.s 			page 10


 510 0038 05       		.byte	0x5
 511 0039 B0010000 		.4byte	.LASF2
 512 003d 02       		.uleb128 0x2
 513 003e 02       		.byte	0x2
 514 003f 07       		.byte	0x7
 515 0040 C4000000 		.4byte	.LASF3
 516 0044 02       		.uleb128 0x2
 517 0045 04       		.byte	0x4
 518 0046 05       		.byte	0x5
 519 0047 BA010000 		.4byte	.LASF4
 520 004b 02       		.uleb128 0x2
 521 004c 04       		.byte	0x4
 522 004d 07       		.byte	0x7
 523 004e B2000000 		.4byte	.LASF5
 524 0052 02       		.uleb128 0x2
 525 0053 08       		.byte	0x8
 526 0054 05       		.byte	0x5
 527 0055 51010000 		.4byte	.LASF6
 528 0059 02       		.uleb128 0x2
 529 005a 08       		.byte	0x8
 530 005b 07       		.byte	0x7
 531 005c 06010000 		.4byte	.LASF7
 532 0060 04       		.uleb128 0x4
 533 0061 04       		.byte	0x4
 534 0062 05       		.byte	0x5
 535 0063 696E7400 		.ascii	"int\000"
 536 0067 02       		.uleb128 0x2
 537 0068 04       		.byte	0x4
 538 0069 07       		.byte	0x7
 539 006a F9000000 		.4byte	.LASF8
 540 006e 03       		.uleb128 0x3
 541 006f 1D010000 		.4byte	.LASF10
 542 0073 02       		.byte	0x2
 543 0074 18       		.byte	0x18
 544 0075 24000000 		.4byte	0x24
 545 0079 05       		.uleb128 0x5
 546 007a 91000000 		.4byte	0x91
 547 007e 8A000000 		.4byte	0x8a
 548 0082 06       		.uleb128 0x6
 549 0083 8A000000 		.4byte	0x8a
 550 0087 9701     		.2byte	0x197
 551 0089 00       		.byte	0
 552 008a 02       		.uleb128 0x2
 553 008b 04       		.byte	0x4
 554 008c 07       		.byte	0x7
 555 008d 48010000 		.4byte	.LASF11
 556 0091 07       		.uleb128 0x7
 557 0092 6E000000 		.4byte	0x6e
 558 0096 08       		.uleb128 0x8
 559 0097 E7000000 		.4byte	.LASF12
 560 009b 03       		.byte	0x3
 561 009c 1F       		.byte	0x1f
 562 009d A7000000 		.4byte	0xa7
 563 00a1 05       		.uleb128 0x5
 564 00a2 03       		.byte	0x3
 565 00a3 00000000 		.4byte	cy_meta_configecc
 566 00a7 07       		.uleb128 0x7
ARM GAS  C:\Users\Schuyler\AppData\Local\Temp\cc3y7fvX.s 			page 11


 567 00a8 79000000 		.4byte	0x79
 568 00ac 05       		.uleb128 0x5
 569 00ad 91000000 		.4byte	0x91
 570 00b1 BC000000 		.4byte	0xbc
 571 00b5 09       		.uleb128 0x9
 572 00b6 8A000000 		.4byte	0x8a
 573 00ba 03       		.byte	0x3
 574 00bb 00       		.byte	0
 575 00bc 08       		.uleb128 0x8
 576 00bd D7000000 		.4byte	.LASF13
 577 00c1 03       		.byte	0x3
 578 00c2 5F       		.byte	0x5f
 579 00c3 CD000000 		.4byte	0xcd
 580 00c7 05       		.uleb128 0x5
 581 00c8 03       		.byte	0x3
 582 00c9 00000000 		.4byte	cy_meta_custnvl
 583 00cd 07       		.uleb128 0x7
 584 00ce AC000000 		.4byte	0xac
 585 00d2 08       		.uleb128 0x8
 586 00d3 3A010000 		.4byte	.LASF14
 587 00d7 03       		.byte	0x3
 588 00d8 6D       		.byte	0x6d
 589 00d9 E3000000 		.4byte	0xe3
 590 00dd 05       		.uleb128 0x5
 591 00de 03       		.byte	0x3
 592 00df 00000000 		.4byte	cy_meta_wonvl
 593 00e3 07       		.uleb128 0x7
 594 00e4 AC000000 		.4byte	0xac
 595 00e8 05       		.uleb128 0x5
 596 00e9 91000000 		.4byte	0x91
 597 00ed F8000000 		.4byte	0xf8
 598 00f1 09       		.uleb128 0x9
 599 00f2 8A000000 		.4byte	0x8a
 600 00f6 FF       		.byte	0xff
 601 00f7 00       		.byte	0
 602 00f8 08       		.uleb128 0x8
 603 00f9 25010000 		.4byte	.LASF15
 604 00fd 03       		.byte	0x3
 605 00fe 7B       		.byte	0x7b
 606 00ff 09010000 		.4byte	0x109
 607 0103 05       		.uleb128 0x5
 608 0104 03       		.byte	0x3
 609 0105 00000000 		.4byte	cy_meta_flashprotect
 610 0109 07       		.uleb128 0x7
 611 010a E8000000 		.4byte	0xe8
 612 010e 05       		.uleb128 0x5
 613 010f 91000000 		.4byte	0x91
 614 0113 1E010000 		.4byte	0x11e
 615 0117 09       		.uleb128 0x9
 616 0118 8A000000 		.4byte	0x8a
 617 011c 0B       		.byte	0xb
 618 011d 00       		.byte	0
 619 011e 08       		.uleb128 0x8
 620 011f 0A000000 		.4byte	.LASF16
 621 0123 03       		.byte	0x3
 622 0124 A8       		.byte	0xa8
 623 0125 2F010000 		.4byte	0x12f
ARM GAS  C:\Users\Schuyler\AppData\Local\Temp\cc3y7fvX.s 			page 12


 624 0129 05       		.uleb128 0x5
 625 012a 03       		.byte	0x3
 626 012b 00000000 		.4byte	cy_metadata
 627 012f 07       		.uleb128 0x7
 628 0130 0E010000 		.4byte	0x10e
 629 0134 00       		.byte	0
 630              		.section	.debug_abbrev,"",%progbits
 631              	.Ldebug_abbrev0:
 632 0000 01       		.uleb128 0x1
 633 0001 11       		.uleb128 0x11
 634 0002 01       		.byte	0x1
 635 0003 25       		.uleb128 0x25
 636 0004 0E       		.uleb128 0xe
 637 0005 13       		.uleb128 0x13
 638 0006 0B       		.uleb128 0xb
 639 0007 03       		.uleb128 0x3
 640 0008 0E       		.uleb128 0xe
 641 0009 1B       		.uleb128 0x1b
 642 000a 0E       		.uleb128 0xe
 643 000b 10       		.uleb128 0x10
 644 000c 17       		.uleb128 0x17
 645 000d 00       		.byte	0
 646 000e 00       		.byte	0
 647 000f 02       		.uleb128 0x2
 648 0010 24       		.uleb128 0x24
 649 0011 00       		.byte	0
 650 0012 0B       		.uleb128 0xb
 651 0013 0B       		.uleb128 0xb
 652 0014 3E       		.uleb128 0x3e
 653 0015 0B       		.uleb128 0xb
 654 0016 03       		.uleb128 0x3
 655 0017 0E       		.uleb128 0xe
 656 0018 00       		.byte	0
 657 0019 00       		.byte	0
 658 001a 03       		.uleb128 0x3
 659 001b 16       		.uleb128 0x16
 660 001c 00       		.byte	0
 661 001d 03       		.uleb128 0x3
 662 001e 0E       		.uleb128 0xe
 663 001f 3A       		.uleb128 0x3a
 664 0020 0B       		.uleb128 0xb
 665 0021 3B       		.uleb128 0x3b
 666 0022 0B       		.uleb128 0xb
 667 0023 49       		.uleb128 0x49
 668 0024 13       		.uleb128 0x13
 669 0025 00       		.byte	0
 670 0026 00       		.byte	0
 671 0027 04       		.uleb128 0x4
 672 0028 24       		.uleb128 0x24
 673 0029 00       		.byte	0
 674 002a 0B       		.uleb128 0xb
 675 002b 0B       		.uleb128 0xb
 676 002c 3E       		.uleb128 0x3e
 677 002d 0B       		.uleb128 0xb
 678 002e 03       		.uleb128 0x3
 679 002f 08       		.uleb128 0x8
 680 0030 00       		.byte	0
ARM GAS  C:\Users\Schuyler\AppData\Local\Temp\cc3y7fvX.s 			page 13


 681 0031 00       		.byte	0
 682 0032 05       		.uleb128 0x5
 683 0033 01       		.uleb128 0x1
 684 0034 01       		.byte	0x1
 685 0035 49       		.uleb128 0x49
 686 0036 13       		.uleb128 0x13
 687 0037 01       		.uleb128 0x1
 688 0038 13       		.uleb128 0x13
 689 0039 00       		.byte	0
 690 003a 00       		.byte	0
 691 003b 06       		.uleb128 0x6
 692 003c 21       		.uleb128 0x21
 693 003d 00       		.byte	0
 694 003e 49       		.uleb128 0x49
 695 003f 13       		.uleb128 0x13
 696 0040 2F       		.uleb128 0x2f
 697 0041 05       		.uleb128 0x5
 698 0042 00       		.byte	0
 699 0043 00       		.byte	0
 700 0044 07       		.uleb128 0x7
 701 0045 26       		.uleb128 0x26
 702 0046 00       		.byte	0
 703 0047 49       		.uleb128 0x49
 704 0048 13       		.uleb128 0x13
 705 0049 00       		.byte	0
 706 004a 00       		.byte	0
 707 004b 08       		.uleb128 0x8
 708 004c 34       		.uleb128 0x34
 709 004d 00       		.byte	0
 710 004e 03       		.uleb128 0x3
 711 004f 0E       		.uleb128 0xe
 712 0050 3A       		.uleb128 0x3a
 713 0051 0B       		.uleb128 0xb
 714 0052 3B       		.uleb128 0x3b
 715 0053 0B       		.uleb128 0xb
 716 0054 49       		.uleb128 0x49
 717 0055 13       		.uleb128 0x13
 718 0056 3F       		.uleb128 0x3f
 719 0057 19       		.uleb128 0x19
 720 0058 02       		.uleb128 0x2
 721 0059 18       		.uleb128 0x18
 722 005a 00       		.byte	0
 723 005b 00       		.byte	0
 724 005c 09       		.uleb128 0x9
 725 005d 21       		.uleb128 0x21
 726 005e 00       		.byte	0
 727 005f 49       		.uleb128 0x49
 728 0060 13       		.uleb128 0x13
 729 0061 2F       		.uleb128 0x2f
 730 0062 0B       		.uleb128 0xb
 731 0063 00       		.byte	0
 732 0064 00       		.byte	0
 733 0065 00       		.byte	0
 734              		.section	.debug_aranges,"",%progbits
 735 0000 14000000 		.4byte	0x14
 736 0004 0200     		.2byte	0x2
 737 0006 00000000 		.4byte	.Ldebug_info0
ARM GAS  C:\Users\Schuyler\AppData\Local\Temp\cc3y7fvX.s 			page 14


 738 000a 04       		.byte	0x4
 739 000b 00       		.byte	0
 740 000c 0000     		.2byte	0
 741 000e 0000     		.2byte	0
 742 0010 00000000 		.4byte	0
 743 0014 00000000 		.4byte	0
 744              		.section	.debug_line,"",%progbits
 745              	.Ldebug_line0:
 746 0000 3D010000 		.section	.debug_str,"MS",%progbits,1
 746      02003701 
 746      00000201 
 746      FB0E0D00 
 746      01010101 
 747              	.LASF9:
 748 0000 5F5F7569 		.ascii	"__uint8_t\000"
 748      6E74385F 
 748      7400
 749              	.LASF16:
 750 000a 63795F6D 		.ascii	"cy_metadata\000"
 750      65746164 
 750      61746100 
 751              	.LASF1:
 752 0016 756E7369 		.ascii	"unsigned char\000"
 752      676E6564 
 752      20636861 
 752      7200
 753              	.LASF17:
 754 0024 474E5520 		.ascii	"GNU C11 5.4.1 20160609 (release) [ARM/embedded-5-br"
 754      43313120 
 754      352E342E 
 754      31203230 
 754      31363036 
 755 0057 616E6368 		.ascii	"anch revision 237715] -mcpu=cortex-m3 -mthumb -g -O"
 755      20726576 
 755      6973696F 
 755      6E203233 
 755      37373135 
 756 008a 67202D66 		.ascii	"g -ffunction-sections -ffat-lto-objects\000"
 756      66756E63 
 756      74696F6E 
 756      2D736563 
 756      74696F6E 
 757              	.LASF5:
 758 00b2 6C6F6E67 		.ascii	"long unsigned int\000"
 758      20756E73 
 758      69676E65 
 758      6420696E 
 758      7400
 759              	.LASF3:
 760 00c4 73686F72 		.ascii	"short unsigned int\000"
 760      7420756E 
 760      7369676E 
 760      65642069 
 760      6E7400
 761              	.LASF13:
 762 00d7 63795F6D 		.ascii	"cy_meta_custnvl\000"
 762      6574615F 
ARM GAS  C:\Users\Schuyler\AppData\Local\Temp\cc3y7fvX.s 			page 15


 762      63757374 
 762      6E766C00 
 763              	.LASF12:
 764 00e7 63795F6D 		.ascii	"cy_meta_configecc\000"
 764      6574615F 
 764      636F6E66 
 764      69676563 
 764      6300
 765              	.LASF8:
 766 00f9 756E7369 		.ascii	"unsigned int\000"
 766      676E6564 
 766      20696E74 
 766      00
 767              	.LASF7:
 768 0106 6C6F6E67 		.ascii	"long long unsigned int\000"
 768      206C6F6E 
 768      6720756E 
 768      7369676E 
 768      65642069 
 769              	.LASF10:
 770 011d 75696E74 		.ascii	"uint8_t\000"
 770      385F7400 
 771              	.LASF15:
 772 0125 63795F6D 		.ascii	"cy_meta_flashprotect\000"
 772      6574615F 
 772      666C6173 
 772      6870726F 
 772      74656374 
 773              	.LASF14:
 774 013a 63795F6D 		.ascii	"cy_meta_wonvl\000"
 774      6574615F 
 774      776F6E76 
 774      6C00
 775              	.LASF11:
 776 0148 73697A65 		.ascii	"sizetype\000"
 776      74797065 
 776      00
 777              	.LASF6:
 778 0151 6C6F6E67 		.ascii	"long long int\000"
 778      206C6F6E 
 778      6720696E 
 778      7400
 779              	.LASF19:
 780 015f 433A5C55 		.ascii	"C:\\Users\\Schuyler\\Documents\\PSoC Creator\\Dashb"
 780      73657273 
 780      5C536368 
 780      75796C65 
 780      725C446F 
 781 018d 6F617264 		.ascii	"oard\\FE3-Dashboard\\Dashboard.cydsn\000"
 781      5C464533 
 781      2D446173 
 781      68626F61 
 781      72645C44 
 782              	.LASF2:
 783 01b0 73686F72 		.ascii	"short int\000"
 783      7420696E 
 783      7400
ARM GAS  C:\Users\Schuyler\AppData\Local\Temp\cc3y7fvX.s 			page 16


 784              	.LASF4:
 785 01ba 6C6F6E67 		.ascii	"long int\000"
 785      20696E74 
 785      00
 786              	.LASF0:
 787 01c3 7369676E 		.ascii	"signed char\000"
 787      65642063 
 787      68617200 
 788              	.LASF18:
 789 01cf 47656E65 		.ascii	"Generated_Source\\PSoC5\\cymetadata.c\000"
 789      72617465 
 789      645F536F 
 789      75726365 
 789      5C50536F 
 790              		.ident	"GCC: (GNU Tools for ARM Embedded Processors) 5.4.1 20160609 (release) [ARM/embedded-5-bran
