--------------- Build Started: 12/01/2017 14:52:24 Project: Dashboard, Configuration: ARM GCC 5.4-2016-q2-update Debug ---------------
The code generation step is up to date.
arm-none-eabi-gcc.exe -mcpu=cortex-m3 -mthumb -I. -IGenerated_Source\PSoC5 -Wa,-alh=.\CortexM3\ARM_GCC_541\Debug/main.lst -g -D DEBUG -Wall -ffunction-sections -ffat-lto-objects -Og -c main.c -o .\CortexM3\ARM_GCC_541\Debug\main.o
main.c: In function 'main':
main.c:414:55: warning: suggest parentheses around comparison in operand of '|' [-Wparentheses]
                 if(!HV_Read() | getCapacitorVoltage() < 0x16)
                                                       ^
main.c:458:25: warning: unused variable 'ABS_Motor_RPM' [-Wunused-variable]
                 uint8_t ABS_Motor_RPM = getABSMotorRPM();
                         ^
main.c:112:12: warning: unused variable 'direction' [-Wunused-variable]
     int8_t direction=1;
            ^
main.c:111:13: warning: unused variable 'value' [-Wunused-variable]
     uint8_t value=0; // replace the value with 
             ^
main.c: At top level:
main.c:68:15: warning: 'ReadSwSwitch' declared 'static' but never defined [-Wunused-function]
 static uint32 ReadSwSwitch(void);
               ^
arm-none-eabi-ar.exe -rs .\CortexM3\ARM_GCC_541\Debug\Dashboard.a .\CortexM3\ARM_GCC_541\Debug\RX.o .\CortexM3\ARM_GCC_541\Debug\TX.o .\CortexM3\ARM_GCC_541\Debug\CAN.o .\CortexM3\ARM_GCC_541\Debug\CAN_INT.o .\CortexM3\ARM_GCC_541\Debug\CAN_PM.o .\CortexM3\ARM_GCC_541\Debug\CAN_TX_RX_func.o .\CortexM3\ARM_GCC_541\Debug\CyDmac.o .\CortexM3\ARM_GCC_541\Debug\CyFlash.o .\CortexM3\ARM_GCC_541\Debug\CyLib.o .\CortexM3\ARM_GCC_541\Debug\cyPm.o .\CortexM3\ARM_GCC_541\Debug\CySpc.o .\CortexM3\ARM_GCC_541\Debug\cyutils.o .\CortexM3\ARM_GCC_541\Debug\LED.o .\CortexM3\ARM_GCC_541\Debug\Buzzer.o .\CortexM3\ARM_GCC_541\Debug\HV.o .\CortexM3\ARM_GCC_541\Debug\Drive.o .\CortexM3\ARM_GCC_541\Debug\RGB3_1.o .\CortexM3\ARM_GCC_541\Debug\RGB2_1.o .\CortexM3\ARM_GCC_541\Debug\RGB1_1.o .\CortexM3\ARM_GCC_541\Debug\timer_clock.o .\CortexM3\ARM_GCC_541\Debug\CAN_Timer.o .\CortexM3\ARM_GCC_541\Debug\CAN_Timer_PM.o .\CortexM3\ARM_GCC_541\Debug\isr_can.o .\CortexM3\ARM_GCC_541\Debug\Node_Timer.o .\CortexM3\ARM_GCC_541\Debug\Node_Timer_PM.o .\CortexM3\ARM_GCC_541\Debug\isr_nodeok.o .\CortexM3\ARM_GCC_541\Debug\CyBootAsmGnu.o
arm-none-eabi-ar.exe: creating .\CortexM3\ARM_GCC_541\Debug\Dashboard.a
arm-none-eabi-gcc.exe -Wl,--start-group -o "C:\Users\Schuyler\Documents\PSoC Creator\Dashboard\FE3-Dashboard\Dashboard.cydsn\CortexM3\ARM_GCC_541\Debug\Dashboard.elf" .\CortexM3\ARM_GCC_541\Debug\main.o .\CortexM3\ARM_GCC_541\Debug\can_manga.o .\CortexM3\ARM_GCC_541\Debug\cyfitter_cfg.o .\CortexM3\ARM_GCC_541\Debug\cymetadata.o .\CortexM3\ARM_GCC_541\Debug\Cm3Start.o .\CortexM3\ARM_GCC_541\Debug\Dashboard.a "C:\Program Files (x86)\Cypress\PSoC Creator\4.1\PSoC Creator\psoc\content\cycomponentlibrary\CyComponentLibrary.cylib\CortexM3\ARM_GCC_541\Debug\CyComponentLibrary.a" -mcpu=cortex-m3 -mthumb -L Generated_Source\PSoC5 -Wl,-Map,.\CortexM3\ARM_GCC_541\Debug/Dashboard.map -T Generated_Source\PSoC5\cm3gcc.ld -specs=nano.specs -Wl,--gc-sections -g -ffunction-sections -Og -ffat-lto-objects -Wl,--end-group
cyelftool.exe -C "C:\Users\Schuyler\Documents\PSoC Creator\Dashboard\FE3-Dashboard\Dashboard.cydsn\CortexM3\ARM_GCC_541\Debug\Dashboard.elf" --flash_row_size 256 --flash_size 262144 --flash_offset 0x00000000
cyelftool.exe -S "C:\Users\Schuyler\Documents\PSoC Creator\Dashboard\FE3-Dashboard\Dashboard.cydsn\CortexM3\ARM_GCC_541\Debug\Dashboard.elf"
Flash used: 4766 of 262144 bytes (1.8 %).
SRAM used: 2441 of 65536 bytes (3.7 %). Stack: 2048 bytes. Heap: 128 bytes.
--------------- Build Succeeded: 12/01/2017 14:52:26 ---------------
