--------------- Clean Started: 11/02/2017 19:36:49 Project: Dashboard, Configuration: ARM GCC 5.4-2016-q2-update Debug ---------------
Deleting file ".\CortexM3\ARM_GCC_541\Debug\main.o"
Deleting file ".\CortexM3\ARM_GCC_541\Debug\can_manga.o"
Deleting file ".\CortexM3\ARM_GCC_541\Debug\cyfitter_cfg.o"
Deleting file ".\CortexM3\ARM_GCC_541\Debug\cymetadata.o"
Deleting file ".\CortexM3\ARM_GCC_541\Debug\RX.o"
Deleting file ".\CortexM3\ARM_GCC_541\Debug\TX.o"
Deleting file ".\CortexM3\ARM_GCC_541\Debug\CAN.o"
Deleting file ".\CortexM3\ARM_GCC_541\Debug\CAN_INT.o"
Deleting file ".\CortexM3\ARM_GCC_541\Debug\CAN_PM.o"
Deleting file ".\CortexM3\ARM_GCC_541\Debug\CAN_TX_RX_func.o"
Deleting file ".\CortexM3\ARM_GCC_541\Debug\LCD.o"
Deleting file ".\CortexM3\ARM_GCC_541\Debug\LCD_PM.o"
Deleting file ".\CortexM3\ARM_GCC_541\Debug\LCD_LCDPort.o"
Deleting file ".\CortexM3\ARM_GCC_541\Debug\Cm3Start.o"
Deleting file ".\CortexM3\ARM_GCC_541\Debug\CyBootAsmGnu.o"
Deleting file ".\CortexM3\ARM_GCC_541\Debug\CyDmac.o"
Deleting file ".\CortexM3\ARM_GCC_541\Debug\CyFlash.o"
Deleting file ".\CortexM3\ARM_GCC_541\Debug\CyLib.o"
Deleting file ".\CortexM3\ARM_GCC_541\Debug\cyPm.o"
Deleting file ".\CortexM3\ARM_GCC_541\Debug\CySpc.o"
Deleting file ".\CortexM3\ARM_GCC_541\Debug\cyutils.o"
Deleting file ".\CortexM3\ARM_GCC_541\Debug\LED.o"
Deleting file ".\CortexM3\ARM_GCC_541\Debug\Buzzer.o"
Deleting file ".\CortexM3\ARM_GCC_541\Debug\HV.o"
Deleting file ".\CortexM3\ARM_GCC_541\Debug\Drive.o"
Deleting file ".\CortexM3\ARM_GCC_541\Debug\WaveDAC8_1.o"
Deleting file ".\CortexM3\ARM_GCC_541\Debug\WaveDAC8_1_PM.o"
Deleting file ".\CortexM3\ARM_GCC_541\Debug\WaveDAC8_1_DacClk.o"
Deleting file ".\CortexM3\ARM_GCC_541\Debug\WaveDAC8_1_Wave1_DMA_dma.o"
Deleting file ".\CortexM3\ARM_GCC_541\Debug\WaveDAC8_1_Wave2_DMA_dma.o"
Deleting file ".\CortexM3\ARM_GCC_541\Debug\WaveDAC8_1_VDAC8.o"
Deleting file ".\CortexM3\ARM_GCC_541\Debug\WaveDAC8_1_VDAC8_PM.o"
Deleting file ".\CortexM3\ARM_GCC_541\Debug\Tach.o"
Deleting file ".\CortexM3\ARM_GCC_541\Debug\RGB3_1.o"
Deleting file ".\CortexM3\ARM_GCC_541\Debug\RGB2_1.o"
Deleting file ".\CortexM3\ARM_GCC_541\Debug\RGB1_1.o"
Deleting file ".\CortexM3\ARM_GCC_541\Debug\RGB3_2.o"
Deleting file ".\CortexM3\ARM_GCC_541\Debug\RGB2_2.o"
Deleting file ".\CortexM3\ARM_GCC_541\Debug\RGB1_2.o"
Deleting file ".\CortexM3\ARM_GCC_541\Debug\timer_clock.o"
Deleting file ".\CortexM3\ARM_GCC_541\Debug\CAN_Timer.o"
Deleting file ".\CortexM3\ARM_GCC_541\Debug\CAN_Timer_PM.o"
Deleting file ".\CortexM3\ARM_GCC_541\Debug\isr_can.o"
Deleting file ".\CortexM3\ARM_GCC_541\Debug\Node_Timer.o"
Deleting file ".\CortexM3\ARM_GCC_541\Debug\Node_Timer_PM.o"
Deleting file ".\CortexM3\ARM_GCC_541\Debug\isr_nodeok.o"
Deleting file ".\CortexM3\ARM_GCC_541\Debug\Dashboard.hex"
Deleting file ".\CortexM3\ARM_GCC_541\Debug\Dashboard.elf"
Deleting file ".\CortexM3\ARM_GCC_541\Debug\Dashboard.map"
Deleting file ".\Dashboard.cycdx"
Deleting file ".\Dashboard.svd"
Deleting file ".\Dashboard.rpt"
Deleting file ".\Dashboard_timing.html"
Deleting file ".\CortexM3\ARM_GCC_541\Debug\.deps\SOURCE_C__ARM_GCC_GENERIC.P"
Deleting file ".\CortexM3\ARM_GCC_541\Debug\.deps\SOURCE_ASM__ARM_GCC_GENERIC.P"
--------------- Clean Succeeded: 11/02/2017 19:36:49 ---------------
